Options used:
   --mesh ../data/fichera.mesh
   --order 1
Number of unknowns: 117
   Iteration :   0  (B r, r) = 0.281821
   Iteration :   1  (B r, r) = 0.000104308
   Iteration :   2  (B r, r) = 6.79122e-09
   Iteration :   3  (B r, r) = 6.71641e-14
Average reduction factor = 0.00787397
Options used:
   --mesh ../data/fichera.mesh
   --order 1
Number of unknowns: 117
   Iteration :   0  (B r, r) = 0.281821
   Iteration :   1  (B r, r) = 0.000104308
   Iteration :   2  (B r, r) = 6.79122e-09
   Iteration :   3  (B r, r) = 6.71641e-14
Average reduction factor = 0.00787397
Options used:
   --mesh ../data/fichera.mesh
   --order 1
Number of unknowns: 117
   Iteration :   0  (B r, r) = 0.281821
   Iteration :   1  (B r, r) = 0.000104308
   Iteration :   2  (B r, r) = 6.79122e-09
   Iteration :   3  (B r, r) = 6.71641e-14
Average reduction factor = 0.00787397
