
       _/_/_/  _/      _/      _/  _/
    _/        _/      _/      _/        _/_/_/
   _/  _/_/  _/      _/      _/  _/  _/_/
  _/    _/  _/        _/  _/    _/      _/_/
   _/_/_/  _/_/_/_/    _/      _/  _/_/_/

Subdivision factors = 11, 1
Shading type : non-conforming (with subdivision)
GLVis window closed.
Thank you for using GLVis.
Using GLSL 460

       _/_/_/  _/      _/      _/  _/
    _/        _/      _/      _/        _/_/_/
   _/  _/_/  _/      _/      _/  _/  _/_/
  _/    _/  _/        _/  _/    _/      _/_/
   _/_/_/  _/_/_/_/    _/      _/  _/_/_/

Subdivision factors = 11, 1
Shading type : non-conforming (with subdivision)
GLVis window closed.
Thank you for using GLVis.
Using GLSL 460
