Options used:
   --mesh ../data/inline-quad.mesh
   --refine -1
   --order 1
   --sigma -1
   --kappa 4
   --eta 0
   --visualization
Number of unknowns: 65536
   Iteration :   0  (B r, r) = 6.88032e-06
   Iteration :   1  (B r, r) = 0.00012126
   Iteration :   2  (B r, r) = 0.000337834
   Iteration :   3  (B r, r) = 0.000298115
   Iteration :   4  (B r, r) = 0.000282846
   Iteration :   5  (B r, r) = 0.000298349
   Iteration :   6  (B r, r) = 0.000265755
   Iteration :   7  (B r, r) = 0.000269895
   Iteration :   8  (B r, r) = 0.000253313
   Iteration :   9  (B r, r) = 0.000255366
   Iteration :  10  (B r, r) = 0.000247204
   Iteration :  11  (B r, r) = 0.000234026
   Iteration :  12  (B r, r) = 0.000236493
   Iteration :  13  (B r, r) = 0.000226822
   Iteration :  14  (B r, r) = 0.000205018
   Iteration :  15  (B r, r) = 0.000216669
   Iteration :  16  (B r, r) = 0.000204437
   Iteration :  17  (B r, r) = 0.000195166
   Iteration :  18  (B r, r) = 0.000190266
   Iteration :  19  (B r, r) = 0.000187295
   Iteration :  20  (B r, r) = 0.000174565
   Iteration :  21  (B r, r) = 0.000171041
   Iteration :  22  (B r, r) = 0.000171501
   Iteration :  23  (B r, r) = 0.000158656
   Iteration :  24  (B r, r) = 0.000151195
   Iteration :  25  (B r, r) = 0.000161902
   Iteration :  26  (B r, r) = 0.000142324
   Iteration :  27  (B r, r) = 0.00014091
   Iteration :  28  (B r, r) = 0.000137527
   Iteration :  29  (B r, r) = 0.000126595
   Iteration :  30  (B r, r) = 0.000128229
   Iteration :  31  (B r, r) = 0.000121919
   Iteration :  32  (B r, r) = 0.000118409
   Iteration :  33  (B r, r) = 0.000112198
   Iteration :  34  (B r, r) = 0.00010487
   Iteration :  35  (B r, r) = 0.000108769
   Iteration :  36  (B r, r) = 9.74505e-05
   Iteration :  37  (B r, r) = 9.56858e-05
   Iteration :  38  (B r, r) = 9.49095e-05
   Iteration :  39  (B r, r) = 8.65989e-05
   Iteration :  40  (B r, r) = 8.50176e-05
   Iteration :  41  (B r, r) = 8.4485e-05
   Iteration :  42  (B r, r) = 7.51886e-05
   Iteration :  43  (B r, r) = 7.69085e-05
   Iteration :  44  (B r, r) = 7.21341e-05
   Iteration :  45  (B r, r) = 6.66271e-05
   Iteration :  46  (B r, r) = 6.79272e-05
   Iteration :  47  (B r, r) = 6.37861e-05
   Iteration :  48  (B r, r) = 5.73458e-05
   Iteration :  49  (B r, r) = 5.38456e-05
   Iteration :  50  (B r, r) = 5.66673e-05
   Iteration :  51  (B r, r) = 5.02482e-05
   Iteration :  52  (B r, r) = 4.81904e-05
   Iteration :  53  (B r, r) = 4.80726e-05
   Iteration :  54  (B r, r) = 4.30383e-05
   Iteration :  55  (B r, r) = 4.19051e-05
   Iteration :  56  (B r, r) = 4.07723e-05
   Iteration :  57  (B r, r) = 3.61624e-05
   Iteration :  58  (B r, r) = 3.59785e-05
   Iteration :  59  (B r, r) = 3.4239e-05
   Iteration :  60  (B r, r) = 3.14636e-05
   Iteration :  61  (B r, r) = 2.92793e-05
   Iteration :  62  (B r, r) = 2.89635e-05
   Iteration :  63  (B r, r) = 2.6148e-05
   Iteration :  64  (B r, r) = 2.46465e-05
   Iteration :  65  (B r, r) = 2.32445e-05
   Iteration :  66  (B r, r) = 2.19536e-05
   Iteration :  67  (B r, r) = 1.99746e-05
   Iteration :  68  (B r, r) = 1.90258e-05
   Iteration :  69  (B r, r) = 1.79181e-05
   Iteration :  70  (B r, r) = 1.60816e-05
   Iteration :  71  (B r, r) = 1.50228e-05
   Iteration :  72  (B r, r) = 1.37623e-05
   Iteration :  73  (B r, r) = 1.32136e-05
   Iteration :  74  (B r, r) = 1.22116e-05
   Iteration :  75  (B r, r) = 1.08461e-05
   Iteration :  76  (B r, r) = 9.87952e-06
   Iteration :  77  (B r, r) = 9.19698e-06
   Iteration :  78  (B r, r) = 8.14222e-06
   Iteration :  79  (B r, r) = 7.29824e-06
   Iteration :  80  (B r, r) = 6.55882e-06
   Iteration :  81  (B r, r) = 5.91542e-06
   Iteration :  82  (B r, r) = 5.30575e-06
   Iteration :  83  (B r, r) = 4.59533e-06
   Iteration :  84  (B r, r) = 4.03347e-06
   Iteration :  85  (B r, r) = 3.46508e-06
   Iteration :  86  (B r, r) = 2.96547e-06
   Iteration :  87  (B r, r) = 2.55321e-06
   Iteration :  88  (B r, r) = 2.20324e-06
   Iteration :  89  (B r, r) = 1.78048e-06
   Iteration :  90  (B r, r) = 1.26563e-06
   Iteration :  91  (B r, r) = 1.19049e-06
   Iteration :  92  (B r, r) = 9.75818e-07
   Iteration :  93  (B r, r) = 5.80792e-07
   Iteration :  94  (B r, r) = 3.35979e-07
   Iteration :  95  (B r, r) = 1.78676e-07
   Iteration :  96  (B r, r) = 1.17522e-07
   Iteration :  97  (B r, r) = 9.92613e-08
   Iteration :  98  (B r, r) = 1.35688e-07
   Iteration :  99  (B r, r) = 2.14594e-07
   Iteration : 100  (B r, r) = 2.34307e-07
   Iteration : 101  (B r, r) = 2.12653e-07
   Iteration : 102  (B r, r) = 2.17961e-07
   Iteration : 103  (B r, r) = 1.8739e-07
   Iteration : 104  (B r, r) = 1.45059e-07
   Iteration : 105  (B r, r) = 1.27813e-07
   Iteration : 106  (B r, r) = 1.2091e-07
   Iteration : 107  (B r, r) = 1.04797e-07
   Iteration : 108  (B r, r) = 9.12272e-08
   Iteration : 109  (B r, r) = 8.97811e-08
   Iteration : 110  (B r, r) = 7.48396e-08
   Iteration : 111  (B r, r) = 5.60855e-08
   Iteration : 112  (B r, r) = 5.87487e-08
   Iteration : 113  (B r, r) = 4.9215e-08
   Iteration : 114  (B r, r) = 4.17661e-08
   Iteration : 115  (B r, r) = 3.96539e-08
   Iteration : 116  (B r, r) = 3.40827e-08
   Iteration : 117  (B r, r) = 2.72971e-08
   Iteration : 118  (B r, r) = 2.53188e-08
   Iteration : 119  (B r, r) = 2.36248e-08
   Iteration : 120  (B r, r) = 1.9666e-08
   Iteration : 121  (B r, r) = 1.76061e-08
   Iteration : 122  (B r, r) = 1.51577e-08
   Iteration : 123  (B r, r) = 1.26877e-08
   Iteration : 124  (B r, r) = 1.0958e-08
   Iteration : 125  (B r, r) = 9.94686e-09
   Iteration : 126  (B r, r) = 8.94541e-09
   Iteration : 127  (B r, r) = 7.74109e-09
   Iteration : 128  (B r, r) = 7.01726e-09
   Iteration : 129  (B r, r) = 6.13294e-09
   Iteration : 130  (B r, r) = 5.38363e-09
   Iteration : 131  (B r, r) = 4.87602e-09
   Iteration : 132  (B r, r) = 4.39654e-09
   Iteration : 133  (B r, r) = 4.03843e-09
   Iteration : 134  (B r, r) = 3.64344e-09
   Iteration : 135  (B r, r) = 3.13967e-09
   Iteration : 136  (B r, r) = 2.65514e-09
   Iteration : 137  (B r, r) = 2.43271e-09
   Iteration : 138  (B r, r) = 2.13818e-09
   Iteration : 139  (B r, r) = 1.84383e-09
   Iteration : 140  (B r, r) = 1.57512e-09
   Iteration : 141  (B r, r) = 1.31627e-09
   Iteration : 142  (B r, r) = 1.14013e-09
   Iteration : 143  (B r, r) = 1.00398e-09
   Iteration : 144  (B r, r) = 8.68237e-10
   Iteration : 145  (B r, r) = 7.21515e-10
   Iteration : 146  (B r, r) = 6.18198e-10
   Iteration : 147  (B r, r) = 5.46631e-10
   Iteration : 148  (B r, r) = 4.60793e-10
   Iteration : 149  (B r, r) = 3.92876e-10
   Iteration : 150  (B r, r) = 3.38319e-10
   Iteration : 151  (B r, r) = 2.87832e-10
   Iteration : 152  (B r, r) = 2.44891e-10
   Iteration : 153  (B r, r) = 2.11247e-10
   Iteration : 154  (B r, r) = 1.79294e-10
   Iteration : 155  (B r, r) = 1.51756e-10
   Iteration : 156  (B r, r) = 1.27184e-10
   Iteration : 157  (B r, r) = 1.12306e-10
   Iteration : 158  (B r, r) = 9.59102e-11
   Iteration : 159  (B r, r) = 8.23727e-11
   Iteration : 160  (B r, r) = 7.01182e-11
   Iteration : 161  (B r, r) = 5.9775e-11
   Iteration : 162  (B r, r) = 5.29117e-11
   Iteration : 163  (B r, r) = 4.89612e-11
   Iteration : 164  (B r, r) = 4.14279e-11
   Iteration : 165  (B r, r) = 3.70957e-11
   Iteration : 166  (B r, r) = 3.41405e-11
   Iteration : 167  (B r, r) = 3.20151e-11
   Iteration : 168  (B r, r) = 3.01526e-11
   Iteration : 169  (B r, r) = 2.91418e-11
   Iteration : 170  (B r, r) = 2.80782e-11
   Iteration : 171  (B r, r) = 2.8084e-11
   Iteration : 172  (B r, r) = 2.88803e-11
   Iteration : 173  (B r, r) = 2.95406e-11
   Iteration : 174  (B r, r) = 3.11156e-11
   Iteration : 175  (B r, r) = 3.33175e-11
   Iteration : 176  (B r, r) = 3.76435e-11
   Iteration : 177  (B r, r) = 4.31547e-11
   Iteration : 178  (B r, r) = 4.67304e-11
   Iteration : 179  (B r, r) = 5.04513e-11
   Iteration : 180  (B r, r) = 5.71716e-11
   Iteration : 181  (B r, r) = 6.26616e-11
   Iteration : 182  (B r, r) = 6.56935e-11
   Iteration : 183  (B r, r) = 6.6465e-11
   Iteration : 184  (B r, r) = 7.1745e-11
   Iteration : 185  (B r, r) = 8.01979e-11
   Iteration : 186  (B r, r) = 6.79837e-11
   Iteration : 187  (B r, r) = 5.04493e-11
   Iteration : 188  (B r, r) = 4.65367e-11
   Iteration : 189  (B r, r) = 4.46724e-11
   Iteration : 190  (B r, r) = 3.49717e-11
   Iteration : 191  (B r, r) = 2.41806e-11
   Iteration : 192  (B r, r) = 2.05491e-11
   Iteration : 193  (B r, r) = 2.05405e-11
   Iteration : 194  (B r, r) = 2.0623e-11
   Iteration : 195  (B r, r) = 1.66784e-11
   Iteration : 196  (B r, r) = 1.40903e-11
   Iteration : 197  (B r, r) = 1.22007e-11
   Iteration : 198  (B r, r) = 8.98331e-12
   Iteration : 199  (B r, r) = 6.80456e-12
   Iteration : 200  (B r, r) = 5.37301e-12
   Iteration : 201  (B r, r) = 3.91901e-12
   Iteration : 202  (B r, r) = 3.09519e-12
   Iteration : 203  (B r, r) = 2.39202e-12
   Iteration : 204  (B r, r) = 1.89916e-12
   Iteration : 205  (B r, r) = 1.59692e-12
   Iteration : 206  (B r, r) = 1.23643e-12
   Iteration : 207  (B r, r) = 9.3837e-13
   Iteration : 208  (B r, r) = 7.86924e-13
   Iteration : 209  (B r, r) = 7.07427e-13
   Iteration : 210  (B r, r) = 6.21526e-13
   Iteration : 211  (B r, r) = 5.82003e-13
   Iteration : 212  (B r, r) = 5.35557e-13
   Iteration : 213  (B r, r) = 4.70106e-13
   Iteration : 214  (B r, r) = 4.48677e-13
   Iteration : 215  (B r, r) = 4.07062e-13
   Iteration : 216  (B r, r) = 4.11336e-13
   Iteration : 217  (B r, r) = 3.94892e-13
   Iteration : 218  (B r, r) = 3.81282e-13
   Iteration : 219  (B r, r) = 3.74468e-13
   Iteration : 220  (B r, r) = 3.68047e-13
   Iteration : 221  (B r, r) = 4.00706e-13
   Iteration : 222  (B r, r) = 4.29512e-13
   Iteration : 223  (B r, r) = 4.45557e-13
   Iteration : 224  (B r, r) = 4.48409e-13
   Iteration : 225  (B r, r) = 4.18412e-13
   Iteration : 226  (B r, r) = 3.92454e-13
   Iteration : 227  (B r, r) = 3.6787e-13
   Iteration : 228  (B r, r) = 3.50359e-13
   Iteration : 229  (B r, r) = 3.30696e-13
   Iteration : 230  (B r, r) = 2.87813e-13
   Iteration : 231  (B r, r) = 2.53356e-13
   Iteration : 232  (B r, r) = 2.12934e-13
   Iteration : 233  (B r, r) = 1.78003e-13
   Iteration : 234  (B r, r) = 1.59506e-13
   Iteration : 235  (B r, r) = 1.35804e-13
   Iteration : 236  (B r, r) = 1.08697e-13
   Iteration : 237  (B r, r) = 8.88972e-14
   Iteration : 238  (B r, r) = 7.21144e-14
   Iteration : 239  (B r, r) = 5.5015e-14
   Iteration : 240  (B r, r) = 4.60773e-14
   Iteration : 241  (B r, r) = 3.94158e-14
   Iteration : 242  (B r, r) = 3.17728e-14
   Iteration : 243  (B r, r) = 2.62165e-14
   Iteration : 244  (B r, r) = 2.15945e-14
   Iteration : 245  (B r, r) = 1.79082e-14
   Iteration : 246  (B r, r) = 1.53967e-14
   Iteration : 247  (B r, r) = 1.38058e-14
   Iteration : 248  (B r, r) = 1.24866e-14
   Iteration : 249  (B r, r) = 1.1108e-14
   Iteration : 250  (B r, r) = 9.77232e-15
   Iteration : 251  (B r, r) = 8.68337e-15
   Iteration : 252  (B r, r) = 8.05693e-15
   Iteration : 253  (B r, r) = 7.96381e-15
   Iteration : 254  (B r, r) = 7.8584e-15
   Iteration : 255  (B r, r) = 7.45533e-15
   Iteration : 256  (B r, r) = 6.99318e-15
   Iteration : 257  (B r, r) = 6.49015e-15
   Iteration : 258  (B r, r) = 6.50704e-15
   Iteration : 259  (B r, r) = 6.2939e-15
   Iteration : 260  (B r, r) = 5.91601e-15
   Iteration : 261  (B r, r) = 5.23715e-15
   Iteration : 262  (B r, r) = 4.47914e-15
   Iteration : 263  (B r, r) = 3.84728e-15
   Iteration : 264  (B r, r) = 3.51358e-15
   Iteration : 265  (B r, r) = 3.07496e-15
   Iteration : 266  (B r, r) = 2.64918e-15
   Iteration : 267  (B r, r) = 2.22067e-15
   Iteration : 268  (B r, r) = 1.80566e-15
   Iteration : 269  (B r, r) = 1.45617e-15
   Iteration : 270  (B r, r) = 1.21661e-15
   Iteration : 271  (B r, r) = 1.07185e-15
   Iteration : 272  (B r, r) = 9.44342e-16
   Iteration : 273  (B r, r) = 8.91645e-16
   Iteration : 274  (B r, r) = 8.7978e-16
   Iteration : 275  (B r, r) = 8.53245e-16
   Iteration : 276  (B r, r) = 8.13236e-16
   Iteration : 277  (B r, r) = 8.59286e-16
   Iteration : 278  (B r, r) = 1.00542e-15
   Iteration : 279  (B r, r) = 1.09833e-15
   Iteration : 280  (B r, r) = 1.01215e-15
   Iteration : 281  (B r, r) = 9.16867e-16
   Iteration : 282  (B r, r) = 8.76231e-16
   Iteration : 283  (B r, r) = 9.01106e-16
   Iteration : 284  (B r, r) = 8.52254e-16
   Iteration : 285  (B r, r) = 6.69398e-16
   Iteration : 286  (B r, r) = 4.79215e-16
   Iteration : 287  (B r, r) = 3.81155e-16
   Iteration : 288  (B r, r) = 3.49703e-16
   Iteration : 289  (B r, r) = 3.16632e-16
   Iteration : 290  (B r, r) = 2.86814e-16
   Iteration : 291  (B r, r) = 2.63996e-16
   Iteration : 292  (B r, r) = 2.34864e-16
   Iteration : 293  (B r, r) = 2.02706e-16
   Iteration : 294  (B r, r) = 1.91674e-16
   Iteration : 295  (B r, r) = 2.01519e-16
   Iteration : 296  (B r, r) = 2.21584e-16
   Iteration : 297  (B r, r) = 2.29032e-16
   Iteration : 298  (B r, r) = 2.39197e-16
   Iteration : 299  (B r, r) = 2.40575e-16
   Iteration : 300  (B r, r) = 2.28383e-16
   Iteration : 301  (B r, r) = 2.04206e-16
   Iteration : 302  (B r, r) = 1.84155e-16
   Iteration : 303  (B r, r) = 1.57162e-16
   Iteration : 304  (B r, r) = 1.32853e-16
   Iteration : 305  (B r, r) = 1.14146e-16
   Iteration : 306  (B r, r) = 1.01587e-16
   Iteration : 307  (B r, r) = 9.16741e-17
   Iteration : 308  (B r, r) = 8.53238e-17
   Iteration : 309  (B r, r) = 8.34154e-17
   Iteration : 310  (B r, r) = 8.17852e-17
   Iteration : 311  (B r, r) = 7.69677e-17
   Iteration : 312  (B r, r) = 6.84103e-17
   Iteration : 313  (B r, r) = 5.96888e-17
   Iteration : 314  (B r, r) = 5.08912e-17
   Iteration : 315  (B r, r) = 4.33372e-17
   Iteration : 316  (B r, r) = 3.74245e-17
   Iteration : 317  (B r, r) = 3.31643e-17
   Iteration : 318  (B r, r) = 2.84345e-17
   Iteration : 319  (B r, r) = 2.34101e-17
   Iteration : 320  (B r, r) = 2.01594e-17
   Iteration : 321  (B r, r) = 1.70511e-17
   Iteration : 322  (B r, r) = 1.39207e-17
   Iteration : 323  (B r, r) = 1.2437e-17
   Iteration : 324  (B r, r) = 1.11971e-17
   Iteration : 325  (B r, r) = 9.9096e-18
   Iteration : 326  (B r, r) = 9.04284e-18
   Iteration : 327  (B r, r) = 8.13613e-18
   Iteration : 328  (B r, r) = 7.88843e-18
   Iteration : 329  (B r, r) = 7.84955e-18
   Iteration : 330  (B r, r) = 7.47789e-18
   Iteration : 331  (B r, r) = 7.08014e-18
   Iteration : 332  (B r, r) = 6.60662e-18
Average reduction factor = 0.959182
