Options used:
   --mesh ../data/square-disc-nurbs.mesh
   --problem 0
   --nfeatures 1
   --order 2
   --max-err 0.005
   --hysteresis 0.15
   --ref-levels 0
   --nc-limit 3
   --t-final 1
   --estimator 0
   --visualization
   --no-visit-datafiles
Unable to connect to GLVis server at localhost:19916
GLVis visualization disabled.

Time 0

Refinement:
Iteration: 1, number of unknowns: 80
Iteration: 2, number of unknowns: 170
Iteration: 3, number of unknowns: 262
Iteration: 4, number of unknowns: 378
Iteration: 5, number of unknowns: 522
Iteration: 6, number of unknowns: 720
Iteration: 7, number of unknowns: 916

Derefined elements.

Time 0.01

Refinement:
Iteration: 1, number of unknowns: 742
Iteration: 2, number of unknowns: 868

Time 0.02

Refinement:
Iteration: 1, number of unknowns: 868
Iteration: 2, number of unknowns: 1166

Time 0.03

Refinement:
Iteration: 1, number of unknowns: 1166
Iteration: 2, number of unknowns: 1352

Time 0.04

Refinement:
Iteration: 1, number of unknowns: 1352
Iteration: 2, number of unknowns: 1494

Time 0.05

Refinement:
Iteration: 1, number of unknowns: 1494
Iteration: 2, number of unknowns: 1792

Derefined elements.

Time 0.06

Refinement:
Iteration: 1, number of unknowns: 1764
Iteration: 2, number of unknowns: 2088
Iteration: 3, number of unknowns: 2230

Derefined elements.

Time 0.07

Refinement:
Iteration: 1, number of unknowns: 2196
Iteration: 2, number of unknowns: 2398

Derefined elements.

Time 0.08

Refinement:
Iteration: 1, number of unknowns: 2364
Iteration: 2, number of unknowns: 2650

Derefined elements.

Time 0.09

Refinement:
Iteration: 1, number of unknowns: 2558
Iteration: 2, number of unknowns: 3000
Iteration: 3, number of unknowns: 3030

Derefined elements.

Time 0.1

Refinement:
Iteration: 1, number of unknowns: 3018
Iteration: 2, number of unknowns: 3434
Iteration: 3, number of unknowns: 3466

Derefined elements.

Time 0.11

Refinement:
Iteration: 1, number of unknowns: 3328
Iteration: 2, number of unknowns: 3554
Iteration: 3, number of unknowns: 3578

Derefined elements.

Time 0.12

Refinement:
Iteration: 1, number of unknowns: 3352
Iteration: 2, number of unknowns: 3818
Iteration: 3, number of unknowns: 3928

Derefined elements.

Time 0.13

Refinement:
Iteration: 1, number of unknowns: 3734
Iteration: 2, number of unknowns: 4046
Iteration: 3, number of unknowns: 4076

Derefined elements.

Time 0.14

Refinement:
Iteration: 1, number of unknowns: 3756
Iteration: 2, number of unknowns: 4008

Derefined elements.

Time 0.15

Refinement:
Iteration: 1, number of unknowns: 3790
Iteration: 2, number of unknowns: 4568
Iteration: 3, number of unknowns: 4592

Derefined elements.

Time 0.16

Refinement:
Iteration: 1, number of unknowns: 4332
Iteration: 2, number of unknowns: 4676

Derefined elements.

Time 0.17

Refinement:
Iteration: 1, number of unknowns: 4344
Iteration: 2, number of unknowns: 4740
Iteration: 3, number of unknowns: 4788

Derefined elements.

Time 0.18

Refinement:
Iteration: 1, number of unknowns: 4468
Iteration: 2, number of unknowns: 4730
Iteration: 3, number of unknowns: 4784

Derefined elements.

Time 0.19

Refinement:
Iteration: 1, number of unknowns: 4536
Iteration: 2, number of unknowns: 5154
Iteration: 3, number of unknowns: 5240

Derefined elements.

Time 0.2

Refinement:
Iteration: 1, number of unknowns: 4786
Iteration: 2, number of unknowns: 5062
Iteration: 3, number of unknowns: 5102

Derefined elements.

Time 0.21

Refinement:
Iteration: 1, number of unknowns: 4822
Iteration: 2, number of unknowns: 5290
Iteration: 3, number of unknowns: 5354

Derefined elements.

Time 0.22

Refinement:
Iteration: 1, number of unknowns: 5034
Iteration: 2, number of unknowns: 5732
Iteration: 3, number of unknowns: 5760

Derefined elements.

Time 0.23

Refinement:
Iteration: 1, number of unknowns: 5362
Iteration: 2, number of unknowns: 5778
Iteration: 3, number of unknowns: 5802

Derefined elements.

Time 0.24

Refinement:
Iteration: 1, number of unknowns: 5502
Iteration: 2, number of unknowns: 6044

Derefined elements.

Time 0.25

Refinement:
Iteration: 1, number of unknowns: 5478
Iteration: 2, number of unknowns: 6112
Iteration: 3, number of unknowns: 6128

Derefined elements.

Time 0.26

Refinement:
Iteration: 1, number of unknowns: 5804
Iteration: 2, number of unknowns: 6346
Iteration: 3, number of unknowns: 6378

Derefined elements.

Time 0.27

Refinement:
Iteration: 1, number of unknowns: 5942
Iteration: 2, number of unknowns: 6586
Iteration: 3, number of unknowns: 6654

Derefined elements.

Time 0.28

Refinement:
Iteration: 1, number of unknowns: 6190
Iteration: 2, number of unknowns: 6694

Derefined elements.

Time 0.29

Refinement:
Iteration: 1, number of unknowns: 6290
Iteration: 2, number of unknowns: 6728

Derefined elements.

Time 0.3

Refinement:
Iteration: 1, number of unknowns: 6320
Iteration: 2, number of unknowns: 7216
Iteration: 3, number of unknowns: 7244

Derefined elements.

Time 0.31

Refinement:
Iteration: 1, number of unknowns: 6632
Iteration: 2, number of unknowns: 7200

Derefined elements.

Time 0.32

Refinement:
Iteration: 1, number of unknowns: 6796
Iteration: 2, number of unknowns: 7420

Derefined elements.

Time 0.33

Refinement:
Iteration: 1, number of unknowns: 6878
Iteration: 2, number of unknowns: 7530
Iteration: 3, number of unknowns: 7578

Derefined elements.

Time 0.34

Refinement:
Iteration: 1, number of unknowns: 7052
Iteration: 2, number of unknowns: 7764
Iteration: 3, number of unknowns: 7876
Iteration: 4, number of unknowns: 7900

Derefined elements.

Time 0.35

Refinement:
Iteration: 1, number of unknowns: 7272
Iteration: 2, number of unknowns: 7810

Derefined elements.

Time 0.36

Refinement:
Iteration: 1, number of unknowns: 7214
Iteration: 2, number of unknowns: 7786

Derefined elements.

Time 0.37

Refinement:
Iteration: 1, number of unknowns: 7256
Iteration: 2, number of unknowns: 8058
Iteration: 3, number of unknowns: 8082

Derefined elements.

Time 0.38

Refinement:
Iteration: 1, number of unknowns: 7536
Iteration: 2, number of unknowns: 8412
Iteration: 3, number of unknowns: 8440

Derefined elements.

Time 0.39

Refinement:
Iteration: 1, number of unknowns: 7846
Iteration: 2, number of unknowns: 8308

Derefined elements.

Time 0.4

Refinement:
Iteration: 1, number of unknowns: 7614
Iteration: 2, number of unknowns: 8590
Iteration: 3, number of unknowns: 8672

Derefined elements.

Time 0.41

Refinement:
Iteration: 1, number of unknowns: 8080
Iteration: 2, number of unknowns: 9088

Derefined elements.

Time 0.42

Refinement:
Iteration: 1, number of unknowns: 8604
Iteration: 2, number of unknowns: 9318
Iteration: 3, number of unknowns: 9344

Derefined elements.

Time 0.43

Refinement:
Iteration: 1, number of unknowns: 8618
Iteration: 2, number of unknowns: 9146

Derefined elements.

Time 0.44

Refinement:
Iteration: 1, number of unknowns: 8398
Iteration: 2, number of unknowns: 8940
Iteration: 3, number of unknowns: 8972

Derefined elements.

Time 0.45

Refinement:
Iteration: 1, number of unknowns: 8450
Iteration: 2, number of unknowns: 9148

Derefined elements.

Time 0.46

Refinement:
Iteration: 1, number of unknowns: 8508
Iteration: 2, number of unknowns: 9480
Iteration: 3, number of unknowns: 9688

Derefined elements.

Time 0.47

Refinement:
Iteration: 1, number of unknowns: 8694
Iteration: 2, number of unknowns: 9644

Derefined elements.

Time 0.48

Refinement:
Iteration: 1, number of unknowns: 8974
Iteration: 2, number of unknowns: 9316
Iteration: 3, number of unknowns: 9334

Derefined elements.

Time 0.49

Refinement:
Iteration: 1, number of unknowns: 8500
Iteration: 2, number of unknowns: 9064

Derefined elements.

Time 0.5

Refinement:
Iteration: 1, number of unknowns: 8310
Iteration: 2, number of unknowns: 9314
Iteration: 3, number of unknowns: 9336
Iteration: 4, number of unknowns: 9350

Derefined elements.

Time 0.51

Refinement:
Iteration: 1, number of unknowns: 8734
Iteration: 2, number of unknowns: 9214
Iteration: 3, number of unknowns: 9292
Iteration: 4, number of unknowns: 9342
Iteration: 5, number of unknowns: 9392

Derefined elements.

Time 0.52

Refinement:
Iteration: 1, number of unknowns: 8536
Iteration: 2, number of unknowns: 9688
Iteration: 3, number of unknowns: 9718
Iteration: 4, number of unknowns: 9774

Derefined elements.

Time 0.53

Refinement:
Iteration: 1, number of unknowns: 8944
Iteration: 2, number of unknowns: 9404

Derefined elements.

Time 0.54

Refinement:
Iteration: 1, number of unknowns: 8672
Iteration: 2, number of unknowns: 8852
Iteration: 3, number of unknowns: 8884

Derefined elements.

Time 0.55

Refinement:
Iteration: 1, number of unknowns: 8066
Iteration: 2, number of unknowns: 8926
Iteration: 3, number of unknowns: 9046

Derefined elements.

Time 0.56

Refinement:
Iteration: 1, number of unknowns: 8176
Iteration: 2, number of unknowns: 8978

Derefined elements.

Time 0.57

Refinement:
Iteration: 1, number of unknowns: 7966
Iteration: 2, number of unknowns: 8520
Iteration: 3, number of unknowns: 8566

Derefined elements.

Time 0.58

Refinement:
Iteration: 1, number of unknowns: 8080
Iteration: 2, number of unknowns: 8814
Iteration: 3, number of unknowns: 8876

Derefined elements.

Time 0.59

Refinement:
Iteration: 1, number of unknowns: 7962
Iteration: 2, number of unknowns: 8572
Iteration: 3, number of unknowns: 8604

Derefined elements.

Time 0.6

Refinement:
Iteration: 1, number of unknowns: 7824
Iteration: 2, number of unknowns: 8186
Iteration: 3, number of unknowns: 8236

Derefined elements.

Time 0.61

Refinement:
Iteration: 1, number of unknowns: 7350
Iteration: 2, number of unknowns: 8108
Iteration: 3, number of unknowns: 8180
Iteration: 4, number of unknowns: 8228

Derefined elements.

Time 0.62

Refinement:
Iteration: 1, number of unknowns: 7424
Iteration: 2, number of unknowns: 8180

Derefined elements.

Time 0.63

Refinement:
Iteration: 1, number of unknowns: 7778
Iteration: 2, number of unknowns: 8620
Iteration: 3, number of unknowns: 8648

Derefined elements.

Time 0.64

Refinement:
Iteration: 1, number of unknowns: 7662
Iteration: 2, number of unknowns: 8394
Iteration: 3, number of unknowns: 8434

Derefined elements.

Time 0.65

Refinement:
Iteration: 1, number of unknowns: 7900
Iteration: 2, number of unknowns: 8288
Iteration: 3, number of unknowns: 8320

Derefined elements.

Time 0.66

Refinement:
Iteration: 1, number of unknowns: 7650
Iteration: 2, number of unknowns: 8408
Iteration: 3, number of unknowns: 8614
Iteration: 4, number of unknowns: 8686
Iteration: 5, number of unknowns: 8734
Iteration: 6, number of unknowns: 8758

Derefined elements.

Time 0.67

Refinement:
Iteration: 1, number of unknowns: 8002
Iteration: 2, number of unknowns: 8740

Derefined elements.

Time 0.68

Refinement:
Iteration: 1, number of unknowns: 8242
Iteration: 2, number of unknowns: 8910

Derefined elements.

Time 0.69

Refinement:
Iteration: 1, number of unknowns: 8246
Iteration: 2, number of unknowns: 9120
Iteration: 3, number of unknowns: 9218

Derefined elements.

Time 0.7

Refinement:
Iteration: 1, number of unknowns: 8396
Iteration: 2, number of unknowns: 9186
Iteration: 3, number of unknowns: 9244

Derefined elements.

Time 0.71

Refinement:
Iteration: 1, number of unknowns: 8522
Iteration: 2, number of unknowns: 9058
Iteration: 3, number of unknowns: 9082
Iteration: 4, number of unknowns: 9144
Iteration: 5, number of unknowns: 9192

Derefined elements.

Time 0.72

Refinement:
Iteration: 1, number of unknowns: 8514
Iteration: 2, number of unknowns: 9328
Iteration: 3, number of unknowns: 9430
Iteration: 4, number of unknowns: 9470

Derefined elements.

Time 0.73

Refinement:
Iteration: 1, number of unknowns: 8738
Iteration: 2, number of unknowns: 9256

Derefined elements.

Time 0.74

Refinement:
Iteration: 1, number of unknowns: 8666
Iteration: 2, number of unknowns: 9342

Derefined elements.

Time 0.75

Refinement:
Iteration: 1, number of unknowns: 8558
Iteration: 2, number of unknowns: 9384

Derefined elements.

Time 0.76

Refinement:
Iteration: 1, number of unknowns: 8736
Iteration: 2, number of unknowns: 9578
Iteration: 3, number of unknowns: 9664

Derefined elements.

Time 0.77

Refinement:
Iteration: 1, number of unknowns: 8866
Iteration: 2, number of unknowns: 9634
Iteration: 3, number of unknowns: 9698

Derefined elements.

Time 0.78

Refinement:
Iteration: 1, number of unknowns: 8908
Iteration: 2, number of unknowns: 9600
Iteration: 3, number of unknowns: 9696

Derefined elements.

Time 0.79

Refinement:
Iteration: 1, number of unknowns: 8920
Iteration: 2, number of unknowns: 9594

Derefined elements.

Time 0.8

Refinement:
Iteration: 1, number of unknowns: 8746
Iteration: 2, number of unknowns: 9616
Iteration: 3, number of unknowns: 9640

Derefined elements.

Time 0.81

Refinement:
Iteration: 1, number of unknowns: 9054
Iteration: 2, number of unknowns: 9704

Derefined elements.

Time 0.82

Refinement:
Iteration: 1, number of unknowns: 8922
Iteration: 2, number of unknowns: 9368
Iteration: 3, number of unknowns: 9400

Derefined elements.

Time 0.83

Refinement:
Iteration: 1, number of unknowns: 8568
Iteration: 2, number of unknowns: 9464
Iteration: 3, number of unknowns: 9526

Derefined elements.

Time 0.84

Refinement:
Iteration: 1, number of unknowns: 8790
Iteration: 2, number of unknowns: 9800
Iteration: 3, number of unknowns: 9816

Derefined elements.

Time 0.85

Refinement:
Iteration: 1, number of unknowns: 8972
Iteration: 2, number of unknowns: 9614
Iteration: 3, number of unknowns: 9672
Iteration: 4, number of unknowns: 9698

Derefined elements.

Time 0.86

Refinement:
Iteration: 1, number of unknowns: 8818
Iteration: 2, number of unknowns: 9614

Derefined elements.

Time 0.87

Refinement:
Iteration: 1, number of unknowns: 8826
Iteration: 2, number of unknowns: 9554
Iteration: 3, number of unknowns: 9570

Derefined elements.

Time 0.88

Refinement:
Iteration: 1, number of unknowns: 8826
Iteration: 2, number of unknowns: 9346
Iteration: 3, number of unknowns: 9406

Derefined elements.

Time 0.89

Refinement:
Iteration: 1, number of unknowns: 8752
Iteration: 2, number of unknowns: 9652

Derefined elements.

Time 0.9

Refinement:
Iteration: 1, number of unknowns: 8754
Iteration: 2, number of unknowns: 9470
Iteration: 3, number of unknowns: 9534

Derefined elements.

Time 0.91

Refinement:
Iteration: 1, number of unknowns: 8754
Iteration: 2, number of unknowns: 9386
Iteration: 3, number of unknowns: 9412

Derefined elements.

Time 0.92

Refinement:
Iteration: 1, number of unknowns: 8766
Iteration: 2, number of unknowns: 9500
Iteration: 3, number of unknowns: 9526

Derefined elements.

Time 0.93

Refinement:
Iteration: 1, number of unknowns: 8756
Iteration: 2, number of unknowns: 9386
Iteration: 3, number of unknowns: 9420

Derefined elements.

Time 0.94

Refinement:
Iteration: 1, number of unknowns: 8832
Iteration: 2, number of unknowns: 9104
Iteration: 3, number of unknowns: 9142

Derefined elements.

Time 0.95

Refinement:
Iteration: 1, number of unknowns: 8368
Iteration: 2, number of unknowns: 8934
Iteration: 3, number of unknowns: 8958

Derefined elements.

Time 0.96

Refinement:
Iteration: 1, number of unknowns: 8330
Iteration: 2, number of unknowns: 9034

Derefined elements.

Time 0.97

Refinement:
Iteration: 1, number of unknowns: 8134
Iteration: 2, number of unknowns: 8488
Iteration: 3, number of unknowns: 8516

Derefined elements.

Time 0.98

Refinement:
Iteration: 1, number of unknowns: 7882
Iteration: 2, number of unknowns: 8128

Derefined elements.

Time 0.99

Refinement:
Iteration: 1, number of unknowns: 7334
Iteration: 2, number of unknowns: 7776
Iteration: 3, number of unknowns: 7804

Derefined elements.

Time 1

Refinement:
Iteration: 1, number of unknowns: 7298
Iteration: 2, number of unknowns: 7572

Derefined elements.
