Options used:
   --mesh ../data/inline-tri.mesh
   --refine 2
   --order 2
   --ode-solver 3
   --t-final 0.5
   --time-step 0.01
   --alpha 0.01
   --kappa 0.5
   --visualization
   --no-visit-datafiles
   --visualization-steps 5
Number of temperature unknowns: 1089
Unable to connect to GLVis server at localhost:19916
GLVis visualization disabled.
step 5, t = 0.05
step 10, t = 0.1
step 15, t = 0.15
step 20, t = 0.2
step 25, t = 0.25
step 30, t = 0.3
step 35, t = 0.35
step 40, t = 0.4
step 45, t = 0.45
step 50, t = 0.5
