Options used:
   --mesh ../data/beam-quad.mesh
   --refine 0
   --order 2
   --visualization
   --relative-tolerance 0.0001
   --absolute-tolerance 1e-06
   --newton-iterations 500
   --shear-modulus 1
***********************************************************
dim(u) = 102
dim(p) = 18
dim(u+p) = 120
***********************************************************
Newton iteration  0 : ||r|| = 2.94392
  GMRES iteration  0 : ||r|| = 1.38439
  GMRES iteration 15 : ||r|| = 1.45828e-13,  ||r||/||r_0|| = 1.05337e-13
Newton iteration  1 : ||r|| = 0.145342,  ||r||/||r_0|| = 0.0493701
  GMRES iteration  0 : ||r|| = 0.984863
  GMRES iteration 15 : ||r|| = 5.9649e-14,  ||r||/||r_0|| = 6.05658e-14
Newton iteration  2 : ||r|| = 0.0230915,  ||r||/||r_0|| = 0.00784381
  GMRES iteration  0 : ||r|| = 0.0353156
  GMRES iteration 13 : ||r|| = 1.03669e-13,  ||r||/||r_0|| = 2.9355e-12
Newton iteration  3 : ||r|| = 0.000127423,  ||r||/||r_0|| = 4.32836e-05
