Options used:
   --mesh ../data/inline-segment.mesh
   --refine 0
   --order 1
   --problem-type 0
   --stiffness-coef 0
   --mass-coef 1
   --damping-coef 20
   --permeability 1
   --permittivity 1
   --conductivity 20
   --frequency -1
   --hermitian
   --visualization
   --no-partial-assembly
   --device cpu
Identified a mesh with known exact solution
Device configuration: cpu
Memory configuration: host-std
Number of finite element unknowns: 5
Size of linear system: 10

   Pass :  1   Iteration :   0  ||B r|| = 0.473021
   Pass :  1   Iteration :   1  ||B r|| = 0.459392
   Pass :  1   Iteration :   2  ||B r|| = 0.255052
   Pass :  1   Iteration :   3  ||B r|| = 0.253455
   Pass :  1   Iteration :   4  ||B r|| = 0.153676
   Pass :  1   Iteration :   5  ||B r|| = 0.153674
   Pass :  1   Iteration :   6  ||B r|| = 1.21865e-16

|| Re (u_h - u) ||_{L^2} = 0.137755
|| Im (u_h - u) ||_{L^2} = 0.14079

GLVis visualization paused. Press space (in the GLVis window) to resume it.
