Options used:
   --mesh ../data/star.mesh
   --order 1
   --frequency 1
   --no-static-condensation
   --no-partial-assembly
   --device cpu
   --visualization
Device configuration: cpu
Memory configuration: host-std
Number of finite element unknowns: 41280
Size of linear system: 41280
   Iteration :   0  (B r, r) = 114.31
   Iteration :   1  (B r, r) = 15.1247
   Iteration :   2  (B r, r) = 5.52817
   Iteration :   3  (B r, r) = 2.81305
   Iteration :   4  (B r, r) = 2.09389
   Iteration :   5  (B r, r) = 1.593
   Iteration :   6  (B r, r) = 1.41587
   Iteration :   7  (B r, r) = 1.12152
   Iteration :   8  (B r, r) = 1.04886
   Iteration :   9  (B r, r) = 0.943585
   Iteration :  10  (B r, r) = 0.835435
   Iteration :  11  (B r, r) = 0.731818
   Iteration :  12  (B r, r) = 0.633155
   Iteration :  13  (B r, r) = 0.595574
   Iteration :  14  (B r, r) = 0.527106
   Iteration :  15  (B r, r) = 0.484115
   Iteration :  16  (B r, r) = 0.390495
   Iteration :  17  (B r, r) = 0.367447
   Iteration :  18  (B r, r) = 0.328207
   Iteration :  19  (B r, r) = 0.244541
   Iteration :  20  (B r, r) = 0.217094
   Iteration :  21  (B r, r) = 0.200163
   Iteration :  22  (B r, r) = 0.148347
   Iteration :  23  (B r, r) = 0.137662
   Iteration :  24  (B r, r) = 0.114971
   Iteration :  25  (B r, r) = 0.111215
   Iteration :  26  (B r, r) = 0.101281
   Iteration :  27  (B r, r) = 0.0867376
   Iteration :  28  (B r, r) = 0.0937036
   Iteration :  29  (B r, r) = 0.0913709
   Iteration :  30  (B r, r) = 0.0885323
   Iteration :  31  (B r, r) = 0.0641773
   Iteration :  32  (B r, r) = 0.0370208
   Iteration :  33  (B r, r) = 0.0215193
   Iteration :  34  (B r, r) = 0.0183905
   Iteration :  35  (B r, r) = 0.0242129
   Iteration :  36  (B r, r) = 0.0226943
   Iteration :  37  (B r, r) = 0.0194562
   Iteration :  38  (B r, r) = 0.0211771
   Iteration :  39  (B r, r) = 0.0224925
   Iteration :  40  (B r, r) = 0.0200277
   Iteration :  41  (B r, r) = 0.0192874
   Iteration :  42  (B r, r) = 0.0169597
   Iteration :  43  (B r, r) = 0.0142826
   Iteration :  44  (B r, r) = 0.013681
   Iteration :  45  (B r, r) = 0.0106227
   Iteration :  46  (B r, r) = 0.00922188
   Iteration :  47  (B r, r) = 0.00820743
   Iteration :  48  (B r, r) = 0.00649801
   Iteration :  49  (B r, r) = 0.00594452
   Iteration :  50  (B r, r) = 0.0047041
   Iteration :  51  (B r, r) = 0.00370129
   Iteration :  52  (B r, r) = 0.00316459
   Iteration :  53  (B r, r) = 0.00252358
   Iteration :  54  (B r, r) = 0.0020414
   Iteration :  55  (B r, r) = 0.00163046
   Iteration :  56  (B r, r) = 0.00139756
   Iteration :  57  (B r, r) = 0.00110405
   Iteration :  58  (B r, r) = 0.000840826
   Iteration :  59  (B r, r) = 0.000771586
   Iteration :  60  (B r, r) = 0.000886777
   Iteration :  61  (B r, r) = 0.00135287
   Iteration :  62  (B r, r) = 0.00265675
   Iteration :  63  (B r, r) = 0.00557128
   Iteration :  64  (B r, r) = 0.00718921
   Iteration :  65  (B r, r) = 0.00525519
   Iteration :  66  (B r, r) = 0.00360009
   Iteration :  67  (B r, r) = 0.0040748
   Iteration :  68  (B r, r) = 0.00652859
   Iteration :  69  (B r, r) = 0.00611454
   Iteration :  70  (B r, r) = 0.00404231
   Iteration :  71  (B r, r) = 0.00416042
   Iteration :  72  (B r, r) = 0.0056009
   Iteration :  73  (B r, r) = 0.00404605
   Iteration :  74  (B r, r) = 0.0029976
   Iteration :  75  (B r, r) = 0.00283236
   Iteration :  76  (B r, r) = 0.00247019
   Iteration :  77  (B r, r) = 0.00151428
   Iteration :  78  (B r, r) = 0.00125296
   Iteration :  79  (B r, r) = 0.000972072
   Iteration :  80  (B r, r) = 0.000590873
   Iteration :  81  (B r, r) = 0.000519755
   Iteration :  82  (B r, r) = 0.000360675
   Iteration :  83  (B r, r) = 0.000247273
   Iteration :  84  (B r, r) = 0.000215815
   Iteration :  85  (B r, r) = 0.000166772
   Iteration :  86  (B r, r) = 0.000110437
   Iteration :  87  (B r, r) = 0.000119939
   Iteration :  88  (B r, r) = 0.000110922
   Iteration :  89  (B r, r) = 0.000112899
   Iteration :  90  (B r, r) = 0.000163529
   Iteration :  91  (B r, r) = 0.000182582
   Iteration :  92  (B r, r) = 0.000237584
   Iteration :  93  (B r, r) = 0.000227223
   Iteration :  94  (B r, r) = 0.000188667
   Iteration :  95  (B r, r) = 0.000200628
   Iteration :  96  (B r, r) = 0.000187493
   Iteration :  97  (B r, r) = 0.000236139
   Iteration :  98  (B r, r) = 0.000282381
   Iteration :  99  (B r, r) = 0.000261643
   Iteration : 100  (B r, r) = 0.000286619
   Iteration : 101  (B r, r) = 0.000286337
   Iteration : 102  (B r, r) = 0.000453978
   Iteration : 103  (B r, r) = 0.000487685
   Iteration : 104  (B r, r) = 0.000419521
   Iteration : 105  (B r, r) = 0.000398729
   Iteration : 106  (B r, r) = 0.000419709
   Iteration : 107  (B r, r) = 0.00038426
   Iteration : 108  (B r, r) = 0.000316985
   Iteration : 109  (B r, r) = 0.000330973
   Iteration : 110  (B r, r) = 0.000309768
   Iteration : 111  (B r, r) = 0.000277022
   Iteration : 112  (B r, r) = 0.000285426
   Iteration : 113  (B r, r) = 0.000290744
   Iteration : 114  (B r, r) = 0.000255978
   Iteration : 115  (B r, r) = 0.000220918
   Iteration : 116  (B r, r) = 0.000187578
   Iteration : 117  (B r, r) = 0.000133015
   Iteration : 118  (B r, r) = 0.000100714
   Iteration : 119  (B r, r) = 7.71922e-05
   Iteration : 120  (B r, r) = 5.7387e-05
   Iteration : 121  (B r, r) = 5.09079e-05
   Iteration : 122  (B r, r) = 5.44906e-05
   Iteration : 123  (B r, r) = 5.76854e-05
   Iteration : 124  (B r, r) = 5.38271e-05
   Iteration : 125  (B r, r) = 5.48693e-05
   Iteration : 126  (B r, r) = 4.23474e-05
   Iteration : 127  (B r, r) = 3.20295e-05
   Iteration : 128  (B r, r) = 2.80351e-05
   Iteration : 129  (B r, r) = 2.51675e-05
   Iteration : 130  (B r, r) = 2.29472e-05
   Iteration : 131  (B r, r) = 2.46241e-05
   Iteration : 132  (B r, r) = 2.59563e-05
   Iteration : 133  (B r, r) = 2.84997e-05
   Iteration : 134  (B r, r) = 2.76397e-05
   Iteration : 135  (B r, r) = 2.54187e-05
   Iteration : 136  (B r, r) = 2.59896e-05
   Iteration : 137  (B r, r) = 2.54079e-05
   Iteration : 138  (B r, r) = 2.79768e-05
   Iteration : 139  (B r, r) = 3.11685e-05
   Iteration : 140  (B r, r) = 3.43996e-05
   Iteration : 141  (B r, r) = 4.63721e-05
   Iteration : 142  (B r, r) = 6.14043e-05
   Iteration : 143  (B r, r) = 7.70131e-05
   Iteration : 144  (B r, r) = 8.97721e-05
   Iteration : 145  (B r, r) = 9.24202e-05
   Iteration : 146  (B r, r) = 7.96677e-05
   Iteration : 147  (B r, r) = 5.22801e-05
   Iteration : 148  (B r, r) = 3.18048e-05
   Iteration : 149  (B r, r) = 2.15463e-05
   Iteration : 150  (B r, r) = 1.42819e-05
   Iteration : 151  (B r, r) = 9.89442e-06
   Iteration : 152  (B r, r) = 8.07242e-06
   Iteration : 153  (B r, r) = 6.90185e-06
   Iteration : 154  (B r, r) = 6.52293e-06
   Iteration : 155  (B r, r) = 6.66064e-06
   Iteration : 156  (B r, r) = 7.45565e-06
   Iteration : 157  (B r, r) = 9.94678e-06
   Iteration : 158  (B r, r) = 1.29092e-05
   Iteration : 159  (B r, r) = 1.78678e-05
   Iteration : 160  (B r, r) = 2.15911e-05
   Iteration : 161  (B r, r) = 2.39376e-05
   Iteration : 162  (B r, r) = 2.42438e-05
   Iteration : 163  (B r, r) = 2.33426e-05
   Iteration : 164  (B r, r) = 2.17215e-05
   Iteration : 165  (B r, r) = 2.42689e-05
   Iteration : 166  (B r, r) = 2.29775e-05
   Iteration : 167  (B r, r) = 1.87852e-05
   Iteration : 168  (B r, r) = 1.3164e-05
   Iteration : 169  (B r, r) = 9.43175e-06
   Iteration : 170  (B r, r) = 7.09239e-06
   Iteration : 171  (B r, r) = 6.53757e-06
   Iteration : 172  (B r, r) = 5.6483e-06
   Iteration : 173  (B r, r) = 4.68408e-06
   Iteration : 174  (B r, r) = 4.45512e-06
   Iteration : 175  (B r, r) = 5.94677e-06
   Iteration : 176  (B r, r) = 8.08705e-06
   Iteration : 177  (B r, r) = 1.00026e-05
   Iteration : 178  (B r, r) = 1.05867e-05
   Iteration : 179  (B r, r) = 1.05915e-05
   Iteration : 180  (B r, r) = 1.03314e-05
   Iteration : 181  (B r, r) = 8.24935e-06
   Iteration : 182  (B r, r) = 5.92322e-06
   Iteration : 183  (B r, r) = 4.36129e-06
   Iteration : 184  (B r, r) = 3.33062e-06
   Iteration : 185  (B r, r) = 2.58515e-06
   Iteration : 186  (B r, r) = 2.12478e-06
   Iteration : 187  (B r, r) = 1.76269e-06
   Iteration : 188  (B r, r) = 1.77208e-06
   Iteration : 189  (B r, r) = 2.06366e-06
   Iteration : 190  (B r, r) = 2.48472e-06
   Iteration : 191  (B r, r) = 2.775e-06
   Iteration : 192  (B r, r) = 3.28918e-06
   Iteration : 193  (B r, r) = 3.37319e-06
   Iteration : 194  (B r, r) = 2.91255e-06
   Iteration : 195  (B r, r) = 2.40763e-06
   Iteration : 196  (B r, r) = 2.14464e-06
   Iteration : 197  (B r, r) = 2.06582e-06
   Iteration : 198  (B r, r) = 2.12285e-06
   Iteration : 199  (B r, r) = 2.1474e-06
   Iteration : 200  (B r, r) = 1.916e-06
   Iteration : 201  (B r, r) = 1.62752e-06
   Iteration : 202  (B r, r) = 1.71e-06
   Iteration : 203  (B r, r) = 1.93239e-06
   Iteration : 204  (B r, r) = 1.70832e-06
   Iteration : 205  (B r, r) = 1.49639e-06
   Iteration : 206  (B r, r) = 1.28491e-06
   Iteration : 207  (B r, r) = 1.25957e-06
   Iteration : 208  (B r, r) = 1.39286e-06
   Iteration : 209  (B r, r) = 1.27504e-06
   Iteration : 210  (B r, r) = 1.15268e-06
   Iteration : 211  (B r, r) = 1.06083e-06
   Iteration : 212  (B r, r) = 1.00249e-06
   Iteration : 213  (B r, r) = 8.70344e-07
   Iteration : 214  (B r, r) = 8.16034e-07
   Iteration : 215  (B r, r) = 8.31464e-07
   Iteration : 216  (B r, r) = 8.5701e-07
   Iteration : 217  (B r, r) = 9.94734e-07
   Iteration : 218  (B r, r) = 1.16106e-06
   Iteration : 219  (B r, r) = 1.17265e-06
   Iteration : 220  (B r, r) = 1.18458e-06
   Iteration : 221  (B r, r) = 1.34129e-06
   Iteration : 222  (B r, r) = 1.55391e-06
   Iteration : 223  (B r, r) = 1.68628e-06
   Iteration : 224  (B r, r) = 1.93779e-06
   Iteration : 225  (B r, r) = 2.13654e-06
   Iteration : 226  (B r, r) = 2.27921e-06
   Iteration : 227  (B r, r) = 2.16561e-06
   Iteration : 228  (B r, r) = 2.13946e-06
   Iteration : 229  (B r, r) = 1.91898e-06
   Iteration : 230  (B r, r) = 1.72473e-06
   Iteration : 231  (B r, r) = 1.80414e-06
   Iteration : 232  (B r, r) = 1.65451e-06
   Iteration : 233  (B r, r) = 1.30199e-06
   Iteration : 234  (B r, r) = 9.37903e-07
   Iteration : 235  (B r, r) = 6.07334e-07
   Iteration : 236  (B r, r) = 3.73145e-07
   Iteration : 237  (B r, r) = 2.71964e-07
   Iteration : 238  (B r, r) = 1.91356e-07
   Iteration : 239  (B r, r) = 1.62602e-07
   Iteration : 240  (B r, r) = 1.52283e-07
   Iteration : 241  (B r, r) = 1.34325e-07
   Iteration : 242  (B r, r) = 1.06964e-07
   Iteration : 243  (B r, r) = 9.6698e-08
   Iteration : 244  (B r, r) = 9.58191e-08
   Iteration : 245  (B r, r) = 9.7651e-08
   Iteration : 246  (B r, r) = 9.90753e-08
   Iteration : 247  (B r, r) = 1.03798e-07
   Iteration : 248  (B r, r) = 1.07352e-07
   Iteration : 249  (B r, r) = 1.07602e-07
   Iteration : 250  (B r, r) = 1.06819e-07
   Iteration : 251  (B r, r) = 1.15548e-07
   Iteration : 252  (B r, r) = 1.45475e-07
   Iteration : 253  (B r, r) = 1.84998e-07
   Iteration : 254  (B r, r) = 2.45608e-07
   Iteration : 255  (B r, r) = 3.51894e-07
   Iteration : 256  (B r, r) = 4.44695e-07
   Iteration : 257  (B r, r) = 4.97565e-07
   Iteration : 258  (B r, r) = 4.82408e-07
   Iteration : 259  (B r, r) = 4.92641e-07
   Iteration : 260  (B r, r) = 5.65981e-07
   Iteration : 261  (B r, r) = 5.95552e-07
   Iteration : 262  (B r, r) = 4.65609e-07
   Iteration : 263  (B r, r) = 3.79458e-07
   Iteration : 264  (B r, r) = 2.99377e-07
   Iteration : 265  (B r, r) = 2.1893e-07
   Iteration : 266  (B r, r) = 1.96307e-07
   Iteration : 267  (B r, r) = 1.72565e-07
   Iteration : 268  (B r, r) = 1.39717e-07
   Iteration : 269  (B r, r) = 9.74324e-08
   Iteration : 270  (B r, r) = 7.08165e-08
   Iteration : 271  (B r, r) = 5.61317e-08
   Iteration : 272  (B r, r) = 4.20847e-08
   Iteration : 273  (B r, r) = 3.42168e-08
   Iteration : 274  (B r, r) = 2.67331e-08
   Iteration : 275  (B r, r) = 2.35075e-08
   Iteration : 276  (B r, r) = 2.09412e-08
   Iteration : 277  (B r, r) = 1.66385e-08
   Iteration : 278  (B r, r) = 1.27914e-08
   Iteration : 279  (B r, r) = 1.31448e-08
   Iteration : 280  (B r, r) = 1.86681e-08
   Iteration : 281  (B r, r) = 2.20881e-08
   Iteration : 282  (B r, r) = 2.02189e-08
   Iteration : 283  (B r, r) = 1.61136e-08
   Iteration : 284  (B r, r) = 1.59835e-08
   Iteration : 285  (B r, r) = 1.95423e-08
   Iteration : 286  (B r, r) = 2.12911e-08
   Iteration : 287  (B r, r) = 2.13669e-08
   Iteration : 288  (B r, r) = 2.66332e-08
   Iteration : 289  (B r, r) = 3.28371e-08
   Iteration : 290  (B r, r) = 4.0898e-08
   Iteration : 291  (B r, r) = 5.93788e-08
   Iteration : 292  (B r, r) = 7.60828e-08
   Iteration : 293  (B r, r) = 7.27935e-08
   Iteration : 294  (B r, r) = 6.21168e-08
   Iteration : 295  (B r, r) = 4.70191e-08
   Iteration : 296  (B r, r) = 3.5337e-08
   Iteration : 297  (B r, r) = 2.97919e-08
   Iteration : 298  (B r, r) = 2.60802e-08
   Iteration : 299  (B r, r) = 2.77979e-08
   Iteration : 300  (B r, r) = 3.34341e-08
   Iteration : 301  (B r, r) = 4.12552e-08
   Iteration : 302  (B r, r) = 4.97297e-08
   Iteration : 303  (B r, r) = 5.19224e-08
   Iteration : 304  (B r, r) = 4.55637e-08
   Iteration : 305  (B r, r) = 3.62556e-08
   Iteration : 306  (B r, r) = 2.546e-08
   Iteration : 307  (B r, r) = 2.02803e-08
   Iteration : 308  (B r, r) = 1.81257e-08
   Iteration : 309  (B r, r) = 1.84213e-08
   Iteration : 310  (B r, r) = 1.76191e-08
   Iteration : 311  (B r, r) = 1.35033e-08
   Iteration : 312  (B r, r) = 1.00524e-08
   Iteration : 313  (B r, r) = 7.05036e-09
   Iteration : 314  (B r, r) = 4.95577e-09
   Iteration : 315  (B r, r) = 3.42381e-09
   Iteration : 316  (B r, r) = 2.76064e-09
   Iteration : 317  (B r, r) = 2.49574e-09
   Iteration : 318  (B r, r) = 2.23194e-09
   Iteration : 319  (B r, r) = 1.91609e-09
   Iteration : 320  (B r, r) = 1.47474e-09
   Iteration : 321  (B r, r) = 1.32021e-09
   Iteration : 322  (B r, r) = 1.42258e-09
   Iteration : 323  (B r, r) = 1.8032e-09
   Iteration : 324  (B r, r) = 2.18956e-09
   Iteration : 325  (B r, r) = 2.64157e-09
   Iteration : 326  (B r, r) = 3.09435e-09
   Iteration : 327  (B r, r) = 3.35753e-09
   Iteration : 328  (B r, r) = 4.45122e-09
   Iteration : 329  (B r, r) = 5.72728e-09
   Iteration : 330  (B r, r) = 6.69364e-09
   Iteration : 331  (B r, r) = 8.38724e-09
   Iteration : 332  (B r, r) = 7.85335e-09
   Iteration : 333  (B r, r) = 5.63986e-09
   Iteration : 334  (B r, r) = 3.97359e-09
   Iteration : 335  (B r, r) = 2.83562e-09
   Iteration : 336  (B r, r) = 2.39409e-09
   Iteration : 337  (B r, r) = 2.70619e-09
   Iteration : 338  (B r, r) = 3.38497e-09
   Iteration : 339  (B r, r) = 4.45679e-09
   Iteration : 340  (B r, r) = 5.84523e-09
   Iteration : 341  (B r, r) = 7.79435e-09
   Iteration : 342  (B r, r) = 1.00132e-08
   Iteration : 343  (B r, r) = 8.79066e-09
   Iteration : 344  (B r, r) = 5.96512e-09
   Iteration : 345  (B r, r) = 3.66876e-09
   Iteration : 346  (B r, r) = 2.1502e-09
   Iteration : 347  (B r, r) = 1.40472e-09
   Iteration : 348  (B r, r) = 1.1654e-09
   Iteration : 349  (B r, r) = 1.08803e-09
   Iteration : 350  (B r, r) = 1.06568e-09
   Iteration : 351  (B r, r) = 1.01176e-09
   Iteration : 352  (B r, r) = 7.89774e-10
   Iteration : 353  (B r, r) = 5.8494e-10
   Iteration : 354  (B r, r) = 4.4871e-10
   Iteration : 355  (B r, r) = 3.07138e-10
   Iteration : 356  (B r, r) = 2.33002e-10
   Iteration : 357  (B r, r) = 2.27354e-10
   Iteration : 358  (B r, r) = 2.43808e-10
   Iteration : 359  (B r, r) = 2.39558e-10
   Iteration : 360  (B r, r) = 2.04991e-10
   Iteration : 361  (B r, r) = 1.95358e-10
   Iteration : 362  (B r, r) = 1.95652e-10
   Iteration : 363  (B r, r) = 2.51907e-10
   Iteration : 364  (B r, r) = 3.45859e-10
   Iteration : 365  (B r, r) = 4.2049e-10
   Iteration : 366  (B r, r) = 4.33605e-10
   Iteration : 367  (B r, r) = 4.48145e-10
   Iteration : 368  (B r, r) = 4.87734e-10
   Iteration : 369  (B r, r) = 5.88885e-10
   Iteration : 370  (B r, r) = 7.33559e-10
   Iteration : 371  (B r, r) = 8.26604e-10
   Iteration : 372  (B r, r) = 8.47478e-10
   Iteration : 373  (B r, r) = 9.52616e-10
   Iteration : 374  (B r, r) = 1.06937e-09
   Iteration : 375  (B r, r) = 1.32197e-09
   Iteration : 376  (B r, r) = 1.4242e-09
   Iteration : 377  (B r, r) = 1.35362e-09
   Iteration : 378  (B r, r) = 1.16292e-09
   Iteration : 379  (B r, r) = 8.71611e-10
   Iteration : 380  (B r, r) = 6.55601e-10
   Iteration : 381  (B r, r) = 5.03177e-10
   Iteration : 382  (B r, r) = 4.28651e-10
   Iteration : 383  (B r, r) = 3.21983e-10
   Iteration : 384  (B r, r) = 2.08293e-10
   Iteration : 385  (B r, r) = 1.369e-10
   Iteration : 386  (B r, r) = 1.12237e-10
Average reduction factor = 0.964819

|| E_h - E ||_{L^2} = 0.0134918

Options used:
   --mesh ../data/star.mesh
   --order 1
   --frequency 1
   --no-static-condensation
   --no-partial-assembly
   --device cpu
   --visualization
Device configuration: cpu
Memory configuration: host-std
Number of finite element unknowns: 41280
Size of linear system: 41280
   Iteration :   0  (B r, r) = 114.31
   Iteration :   1  (B r, r) = 15.1247
   Iteration :   2  (B r, r) = 5.52817
   Iteration :   3  (B r, r) = 2.81305
   Iteration :   4  (B r, r) = 2.09389
   Iteration :   5  (B r, r) = 1.593
   Iteration :   6  (B r, r) = 1.41587
   Iteration :   7  (B r, r) = 1.12152
   Iteration :   8  (B r, r) = 1.04886
   Iteration :   9  (B r, r) = 0.943585
   Iteration :  10  (B r, r) = 0.835435
   Iteration :  11  (B r, r) = 0.731818
   Iteration :  12  (B r, r) = 0.633155
   Iteration :  13  (B r, r) = 0.595574
   Iteration :  14  (B r, r) = 0.527106
   Iteration :  15  (B r, r) = 0.484115
   Iteration :  16  (B r, r) = 0.390495
   Iteration :  17  (B r, r) = 0.367447
   Iteration :  18  (B r, r) = 0.328207
   Iteration :  19  (B r, r) = 0.244541
   Iteration :  20  (B r, r) = 0.217094
   Iteration :  21  (B r, r) = 0.200163
   Iteration :  22  (B r, r) = 0.148347
   Iteration :  23  (B r, r) = 0.137662
   Iteration :  24  (B r, r) = 0.114971
   Iteration :  25  (B r, r) = 0.111215
   Iteration :  26  (B r, r) = 0.101281
   Iteration :  27  (B r, r) = 0.0867376
   Iteration :  28  (B r, r) = 0.0937036
   Iteration :  29  (B r, r) = 0.0913709
   Iteration :  30  (B r, r) = 0.0885323
   Iteration :  31  (B r, r) = 0.0641773
   Iteration :  32  (B r, r) = 0.0370208
   Iteration :  33  (B r, r) = 0.0215193
   Iteration :  34  (B r, r) = 0.0183905
   Iteration :  35  (B r, r) = 0.0242129
   Iteration :  36  (B r, r) = 0.0226943
   Iteration :  37  (B r, r) = 0.0194562
   Iteration :  38  (B r, r) = 0.0211771
   Iteration :  39  (B r, r) = 0.0224925
   Iteration :  40  (B r, r) = 0.0200277
   Iteration :  41  (B r, r) = 0.0192874
   Iteration :  42  (B r, r) = 0.0169597
   Iteration :  43  (B r, r) = 0.0142826
   Iteration :  44  (B r, r) = 0.013681
   Iteration :  45  (B r, r) = 0.0106227
   Iteration :  46  (B r, r) = 0.00922188
   Iteration :  47  (B r, r) = 0.00820743
   Iteration :  48  (B r, r) = 0.00649801
   Iteration :  49  (B r, r) = 0.00594452
   Iteration :  50  (B r, r) = 0.0047041
   Iteration :  51  (B r, r) = 0.00370129
   Iteration :  52  (B r, r) = 0.00316459
   Iteration :  53  (B r, r) = 0.00252358
   Iteration :  54  (B r, r) = 0.0020414
   Iteration :  55  (B r, r) = 0.00163046
   Iteration :  56  (B r, r) = 0.00139756
   Iteration :  57  (B r, r) = 0.00110405
   Iteration :  58  (B r, r) = 0.000840826
   Iteration :  59  (B r, r) = 0.000771586
   Iteration :  60  (B r, r) = 0.000886777
   Iteration :  61  (B r, r) = 0.00135287
   Iteration :  62  (B r, r) = 0.00265675
   Iteration :  63  (B r, r) = 0.00557128
   Iteration :  64  (B r, r) = 0.00718921
   Iteration :  65  (B r, r) = 0.00525519
   Iteration :  66  (B r, r) = 0.00360009
   Iteration :  67  (B r, r) = 0.0040748
   Iteration :  68  (B r, r) = 0.00652859
   Iteration :  69  (B r, r) = 0.00611454
   Iteration :  70  (B r, r) = 0.00404231
   Iteration :  71  (B r, r) = 0.00416042
   Iteration :  72  (B r, r) = 0.0056009
   Iteration :  73  (B r, r) = 0.00404605
   Iteration :  74  (B r, r) = 0.0029976
   Iteration :  75  (B r, r) = 0.00283236
   Iteration :  76  (B r, r) = 0.00247019
   Iteration :  77  (B r, r) = 0.00151428
   Iteration :  78  (B r, r) = 0.00125296
   Iteration :  79  (B r, r) = 0.000972072
   Iteration :  80  (B r, r) = 0.000590873
   Iteration :  81  (B r, r) = 0.000519755
   Iteration :  82  (B r, r) = 0.000360675
   Iteration :  83  (B r, r) = 0.000247273
   Iteration :  84  (B r, r) = 0.000215815
   Iteration :  85  (B r, r) = 0.000166772
   Iteration :  86  (B r, r) = 0.000110437
   Iteration :  87  (B r, r) = 0.000119939
   Iteration :  88  (B r, r) = 0.000110922
   Iteration :  89  (B r, r) = 0.000112899
   Iteration :  90  (B r, r) = 0.000163529
   Iteration :  91  (B r, r) = 0.000182582
   Iteration :  92  (B r, r) = 0.000237584
   Iteration :  93  (B r, r) = 0.000227223
   Iteration :  94  (B r, r) = 0.000188667
   Iteration :  95  (B r, r) = 0.000200628
   Iteration :  96  (B r, r) = 0.000187493
   Iteration :  97  (B r, r) = 0.000236139
   Iteration :  98  (B r, r) = 0.000282381
   Iteration :  99  (B r, r) = 0.000261643
   Iteration : 100  (B r, r) = 0.000286619
   Iteration : 101  (B r, r) = 0.000286337
   Iteration : 102  (B r, r) = 0.000453978
   Iteration : 103  (B r, r) = 0.000487685
   Iteration : 104  (B r, r) = 0.000419521
   Iteration : 105  (B r, r) = 0.000398729
   Iteration : 106  (B r, r) = 0.000419709
   Iteration : 107  (B r, r) = 0.00038426
   Iteration : 108  (B r, r) = 0.000316985
   Iteration : 109  (B r, r) = 0.000330973
   Iteration : 110  (B r, r) = 0.000309768
   Iteration : 111  (B r, r) = 0.000277022
   Iteration : 112  (B r, r) = 0.000285426
   Iteration : 113  (B r, r) = 0.000290744
   Iteration : 114  (B r, r) = 0.000255978
   Iteration : 115  (B r, r) = 0.000220918
   Iteration : 116  (B r, r) = 0.000187578
   Iteration : 117  (B r, r) = 0.000133015
   Iteration : 118  (B r, r) = 0.000100714
   Iteration : 119  (B r, r) = 7.71922e-05
   Iteration : 120  (B r, r) = 5.7387e-05
   Iteration : 121  (B r, r) = 5.09079e-05
   Iteration : 122  (B r, r) = 5.44906e-05
   Iteration : 123  (B r, r) = 5.76854e-05
   Iteration : 124  (B r, r) = 5.38271e-05
   Iteration : 125  (B r, r) = 5.48693e-05
   Iteration : 126  (B r, r) = 4.23474e-05
   Iteration : 127  (B r, r) = 3.20295e-05
   Iteration : 128  (B r, r) = 2.80351e-05
   Iteration : 129  (B r, r) = 2.51675e-05
   Iteration : 130  (B r, r) = 2.29472e-05
   Iteration : 131  (B r, r) = 2.46241e-05
   Iteration : 132  (B r, r) = 2.59563e-05
   Iteration : 133  (B r, r) = 2.84997e-05
   Iteration : 134  (B r, r) = 2.76397e-05
   Iteration : 135  (B r, r) = 2.54187e-05
   Iteration : 136  (B r, r) = 2.59896e-05
   Iteration : 137  (B r, r) = 2.54079e-05
   Iteration : 138  (B r, r) = 2.79768e-05
   Iteration : 139  (B r, r) = 3.11685e-05
   Iteration : 140  (B r, r) = 3.43996e-05
   Iteration : 141  (B r, r) = 4.63721e-05
   Iteration : 142  (B r, r) = 6.14043e-05
   Iteration : 143  (B r, r) = 7.70131e-05
   Iteration : 144  (B r, r) = 8.97721e-05
   Iteration : 145  (B r, r) = 9.24202e-05
   Iteration : 146  (B r, r) = 7.96677e-05
   Iteration : 147  (B r, r) = 5.22801e-05
   Iteration : 148  (B r, r) = 3.18048e-05
   Iteration : 149  (B r, r) = 2.15463e-05
   Iteration : 150  (B r, r) = 1.42819e-05
   Iteration : 151  (B r, r) = 9.89442e-06
   Iteration : 152  (B r, r) = 8.07242e-06
   Iteration : 153  (B r, r) = 6.90185e-06
   Iteration : 154  (B r, r) = 6.52293e-06
   Iteration : 155  (B r, r) = 6.66064e-06
   Iteration : 156  (B r, r) = 7.45565e-06
   Iteration : 157  (B r, r) = 9.94678e-06
   Iteration : 158  (B r, r) = 1.29092e-05
   Iteration : 159  (B r, r) = 1.78678e-05
   Iteration : 160  (B r, r) = 2.15911e-05
   Iteration : 161  (B r, r) = 2.39376e-05
   Iteration : 162  (B r, r) = 2.42438e-05
   Iteration : 163  (B r, r) = 2.33426e-05
   Iteration : 164  (B r, r) = 2.17215e-05
   Iteration : 165  (B r, r) = 2.42689e-05
   Iteration : 166  (B r, r) = 2.29775e-05
   Iteration : 167  (B r, r) = 1.87852e-05
   Iteration : 168  (B r, r) = 1.3164e-05
   Iteration : 169  (B r, r) = 9.43175e-06
   Iteration : 170  (B r, r) = 7.09239e-06
   Iteration : 171  (B r, r) = 6.53757e-06
   Iteration : 172  (B r, r) = 5.6483e-06
   Iteration : 173  (B r, r) = 4.68408e-06
   Iteration : 174  (B r, r) = 4.45512e-06
   Iteration : 175  (B r, r) = 5.94677e-06
   Iteration : 176  (B r, r) = 8.08705e-06
   Iteration : 177  (B r, r) = 1.00026e-05
   Iteration : 178  (B r, r) = 1.05867e-05
   Iteration : 179  (B r, r) = 1.05915e-05
   Iteration : 180  (B r, r) = 1.03314e-05
   Iteration : 181  (B r, r) = 8.24935e-06
   Iteration : 182  (B r, r) = 5.92322e-06
   Iteration : 183  (B r, r) = 4.36129e-06
   Iteration : 184  (B r, r) = 3.33062e-06
   Iteration : 185  (B r, r) = 2.58515e-06
   Iteration : 186  (B r, r) = 2.12478e-06
   Iteration : 187  (B r, r) = 1.76269e-06
   Iteration : 188  (B r, r) = 1.77208e-06
   Iteration : 189  (B r, r) = 2.06366e-06
   Iteration : 190  (B r, r) = 2.48472e-06
   Iteration : 191  (B r, r) = 2.775e-06
   Iteration : 192  (B r, r) = 3.28918e-06
   Iteration : 193  (B r, r) = 3.37319e-06
   Iteration : 194  (B r, r) = 2.91255e-06
   Iteration : 195  (B r, r) = 2.40763e-06
   Iteration : 196  (B r, r) = 2.14464e-06
   Iteration : 197  (B r, r) = 2.06582e-06
   Iteration : 198  (B r, r) = 2.12285e-06
   Iteration : 199  (B r, r) = 2.1474e-06
   Iteration : 200  (B r, r) = 1.916e-06
   Iteration : 201  (B r, r) = 1.62752e-06
   Iteration : 202  (B r, r) = 1.71e-06
   Iteration : 203  (B r, r) = 1.93239e-06
   Iteration : 204  (B r, r) = 1.70832e-06
   Iteration : 205  (B r, r) = 1.49639e-06
   Iteration : 206  (B r, r) = 1.28491e-06
   Iteration : 207  (B r, r) = 1.25957e-06
   Iteration : 208  (B r, r) = 1.39286e-06
   Iteration : 209  (B r, r) = 1.27504e-06
   Iteration : 210  (B r, r) = 1.15268e-06
   Iteration : 211  (B r, r) = 1.06083e-06
   Iteration : 212  (B r, r) = 1.00249e-06
   Iteration : 213  (B r, r) = 8.70344e-07
   Iteration : 214  (B r, r) = 8.16034e-07
   Iteration : 215  (B r, r) = 8.31464e-07
   Iteration : 216  (B r, r) = 8.5701e-07
   Iteration : 217  (B r, r) = 9.94734e-07
   Iteration : 218  (B r, r) = 1.16106e-06
   Iteration : 219  (B r, r) = 1.17265e-06
   Iteration : 220  (B r, r) = 1.18458e-06
   Iteration : 221  (B r, r) = 1.34129e-06
   Iteration : 222  (B r, r) = 1.55391e-06
   Iteration : 223  (B r, r) = 1.68628e-06
   Iteration : 224  (B r, r) = 1.93779e-06
   Iteration : 225  (B r, r) = 2.13654e-06
   Iteration : 226  (B r, r) = 2.27921e-06
   Iteration : 227  (B r, r) = 2.16561e-06
   Iteration : 228  (B r, r) = 2.13946e-06
   Iteration : 229  (B r, r) = 1.91898e-06
   Iteration : 230  (B r, r) = 1.72473e-06
   Iteration : 231  (B r, r) = 1.80414e-06
   Iteration : 232  (B r, r) = 1.65451e-06
   Iteration : 233  (B r, r) = 1.30199e-06
   Iteration : 234  (B r, r) = 9.37903e-07
   Iteration : 235  (B r, r) = 6.07334e-07
   Iteration : 236  (B r, r) = 3.73145e-07
   Iteration : 237  (B r, r) = 2.71964e-07
   Iteration : 238  (B r, r) = 1.91356e-07
   Iteration : 239  (B r, r) = 1.62602e-07
   Iteration : 240  (B r, r) = 1.52283e-07
   Iteration : 241  (B r, r) = 1.34325e-07
   Iteration : 242  (B r, r) = 1.06964e-07
   Iteration : 243  (B r, r) = 9.6698e-08
   Iteration : 244  (B r, r) = 9.58191e-08
   Iteration : 245  (B r, r) = 9.7651e-08
   Iteration : 246  (B r, r) = 9.90753e-08
   Iteration : 247  (B r, r) = 1.03798e-07
   Iteration : 248  (B r, r) = 1.07352e-07
   Iteration : 249  (B r, r) = 1.07602e-07
   Iteration : 250  (B r, r) = 1.06819e-07
   Iteration : 251  (B r, r) = 1.15548e-07
   Iteration : 252  (B r, r) = 1.45475e-07
   Iteration : 253  (B r, r) = 1.84998e-07
   Iteration : 254  (B r, r) = 2.45608e-07
   Iteration : 255  (B r, r) = 3.51894e-07
   Iteration : 256  (B r, r) = 4.44695e-07
   Iteration : 257  (B r, r) = 4.97565e-07
   Iteration : 258  (B r, r) = 4.82408e-07
   Iteration : 259  (B r, r) = 4.92641e-07
   Iteration : 260  (B r, r) = 5.65981e-07
   Iteration : 261  (B r, r) = 5.95552e-07
   Iteration : 262  (B r, r) = 4.65609e-07
   Iteration : 263  (B r, r) = 3.79458e-07
   Iteration : 264  (B r, r) = 2.99377e-07
   Iteration : 265  (B r, r) = 2.1893e-07
   Iteration : 266  (B r, r) = 1.96307e-07
   Iteration : 267  (B r, r) = 1.72565e-07
   Iteration : 268  (B r, r) = 1.39717e-07
   Iteration : 269  (B r, r) = 9.74324e-08
   Iteration : 270  (B r, r) = 7.08165e-08
   Iteration : 271  (B r, r) = 5.61317e-08
   Iteration : 272  (B r, r) = 4.20847e-08
   Iteration : 273  (B r, r) = 3.42168e-08
   Iteration : 274  (B r, r) = 2.67331e-08
   Iteration : 275  (B r, r) = 2.35075e-08
   Iteration : 276  (B r, r) = 2.09412e-08
   Iteration : 277  (B r, r) = 1.66385e-08
   Iteration : 278  (B r, r) = 1.27914e-08
   Iteration : 279  (B r, r) = 1.31448e-08
   Iteration : 280  (B r, r) = 1.86681e-08
   Iteration : 281  (B r, r) = 2.20881e-08
   Iteration : 282  (B r, r) = 2.02189e-08
   Iteration : 283  (B r, r) = 1.61136e-08
   Iteration : 284  (B r, r) = 1.59835e-08
   Iteration : 285  (B r, r) = 1.95423e-08
   Iteration : 286  (B r, r) = 2.12911e-08
   Iteration : 287  (B r, r) = 2.13669e-08
   Iteration : 288  (B r, r) = 2.66332e-08
   Iteration : 289  (B r, r) = 3.28371e-08
   Iteration : 290  (B r, r) = 4.0898e-08
   Iteration : 291  (B r, r) = 5.93788e-08
   Iteration : 292  (B r, r) = 7.60828e-08
   Iteration : 293  (B r, r) = 7.27935e-08
   Iteration : 294  (B r, r) = 6.21168e-08
   Iteration : 295  (B r, r) = 4.70191e-08
   Iteration : 296  (B r, r) = 3.5337e-08
   Iteration : 297  (B r, r) = 2.97919e-08
   Iteration : 298  (B r, r) = 2.60802e-08
   Iteration : 299  (B r, r) = 2.77979e-08
   Iteration : 300  (B r, r) = 3.34341e-08
   Iteration : 301  (B r, r) = 4.12552e-08
   Iteration : 302  (B r, r) = 4.97297e-08
   Iteration : 303  (B r, r) = 5.19224e-08
   Iteration : 304  (B r, r) = 4.55637e-08
   Iteration : 305  (B r, r) = 3.62556e-08
   Iteration : 306  (B r, r) = 2.546e-08
   Iteration : 307  (B r, r) = 2.02803e-08
   Iteration : 308  (B r, r) = 1.81257e-08
   Iteration : 309  (B r, r) = 1.84213e-08
   Iteration : 310  (B r, r) = 1.76191e-08
   Iteration : 311  (B r, r) = 1.35033e-08
   Iteration : 312  (B r, r) = 1.00524e-08
   Iteration : 313  (B r, r) = 7.05036e-09
   Iteration : 314  (B r, r) = 4.95577e-09
   Iteration : 315  (B r, r) = 3.42381e-09
   Iteration : 316  (B r, r) = 2.76064e-09
   Iteration : 317  (B r, r) = 2.49574e-09
   Iteration : 318  (B r, r) = 2.23194e-09
   Iteration : 319  (B r, r) = 1.91609e-09
   Iteration : 320  (B r, r) = 1.47474e-09
   Iteration : 321  (B r, r) = 1.32021e-09
   Iteration : 322  (B r, r) = 1.42258e-09
   Iteration : 323  (B r, r) = 1.8032e-09
   Iteration : 324  (B r, r) = 2.18956e-09
   Iteration : 325  (B r, r) = 2.64157e-09
   Iteration : 326  (B r, r) = 3.09435e-09
   Iteration : 327  (B r, r) = 3.35753e-09
   Iteration : 328  (B r, r) = 4.45122e-09
   Iteration : 329  (B r, r) = 5.72728e-09
   Iteration : 330  (B r, r) = 6.69364e-09
   Iteration : 331  (B r, r) = 8.38724e-09
   Iteration : 332  (B r, r) = 7.85335e-09
   Iteration : 333  (B r, r) = 5.63986e-09
   Iteration : 334  (B r, r) = 3.97359e-09
   Iteration : 335  (B r, r) = 2.83562e-09
   Iteration : 336  (B r, r) = 2.39409e-09
   Iteration : 337  (B r, r) = 2.70619e-09
   Iteration : 338  (B r, r) = 3.38497e-09
   Iteration : 339  (B r, r) = 4.45679e-09
   Iteration : 340  (B r, r) = 5.84523e-09
   Iteration : 341  (B r, r) = 7.79435e-09
   Iteration : 342  (B r, r) = 1.00132e-08
   Iteration : 343  (B r, r) = 8.79066e-09
   Iteration : 344  (B r, r) = 5.96512e-09
   Iteration : 345  (B r, r) = 3.66876e-09
   Iteration : 346  (B r, r) = 2.1502e-09
   Iteration : 347  (B r, r) = 1.40472e-09
   Iteration : 348  (B r, r) = 1.1654e-09
   Iteration : 349  (B r, r) = 1.08803e-09
   Iteration : 350  (B r, r) = 1.06568e-09
   Iteration : 351  (B r, r) = 1.01176e-09
   Iteration : 352  (B r, r) = 7.89774e-10
   Iteration : 353  (B r, r) = 5.8494e-10
   Iteration : 354  (B r, r) = 4.4871e-10
   Iteration : 355  (B r, r) = 3.07138e-10
   Iteration : 356  (B r, r) = 2.33002e-10
   Iteration : 357  (B r, r) = 2.27354e-10
   Iteration : 358  (B r, r) = 2.43808e-10
   Iteration : 359  (B r, r) = 2.39558e-10
   Iteration : 360  (B r, r) = 2.04991e-10
   Iteration : 361  (B r, r) = 1.95358e-10
   Iteration : 362  (B r, r) = 1.95652e-10
   Iteration : 363  (B r, r) = 2.51907e-10
   Iteration : 364  (B r, r) = 3.45859e-10
   Iteration : 365  (B r, r) = 4.2049e-10
   Iteration : 366  (B r, r) = 4.33605e-10
   Iteration : 367  (B r, r) = 4.48145e-10
   Iteration : 368  (B r, r) = 4.87734e-10
   Iteration : 369  (B r, r) = 5.88885e-10
   Iteration : 370  (B r, r) = 7.33559e-10
   Iteration : 371  (B r, r) = 8.26604e-10
   Iteration : 372  (B r, r) = 8.47478e-10
   Iteration : 373  (B r, r) = 9.52616e-10
   Iteration : 374  (B r, r) = 1.06937e-09
   Iteration : 375  (B r, r) = 1.32197e-09
   Iteration : 376  (B r, r) = 1.4242e-09
   Iteration : 377  (B r, r) = 1.35362e-09
   Iteration : 378  (B r, r) = 1.16292e-09
   Iteration : 379  (B r, r) = 8.71611e-10
   Iteration : 380  (B r, r) = 6.55601e-10
   Iteration : 381  (B r, r) = 5.03177e-10
   Iteration : 382  (B r, r) = 4.28651e-10
   Iteration : 383  (B r, r) = 3.21983e-10
   Iteration : 384  (B r, r) = 2.08293e-10
   Iteration : 385  (B r, r) = 1.369e-10
   Iteration : 386  (B r, r) = 1.12237e-10
Average reduction factor = 0.964819

|| E_h - E ||_{L^2} = 0.0134918

