Options used:
   --mesh ../data/inline-segment.mesh
   --refine 2
   --order 1
   --frequency 1
   --visualization
Number of H(Curl) unknowns: 50
   Iteration :   0  (B r, r) = 29.0415
   Iteration :   1  (B r, r) = 4.58809
   Iteration :   2  (B r, r) = 2.28395
   Iteration :   3  (B r, r) = 1.04522
   Iteration :   4  (B r, r) = 0.181819
   Iteration :   5  (B r, r) = 0.00247335
   Iteration :   6  (B r, r) = 0.00143943
   Iteration :   7  (B r, r) = 0.00112093
   Iteration :   8  (B r, r) = 0.000269127
   Iteration :   9  (B r, r) = 0.000490774
   Iteration :  10  (B r, r) = 2.4737e-17
Average reduction factor = 0.124887

|| E_h - E ||_{H(Curl)} = 0.226983

