Options used:
   --mesh ../data/square-disc.mesh
   --order 1
   --impose-bc
   --frequency 1
   --no-static-condensation
   --no-hybridization
   --no-partial-assembly
   --device cpu
   --visualization
Device configuration: cpu
Memory configuration: host-std
Number of finite element unknowns: 14976
Size of linear system: 14976
   Iteration :   0  (B r, r) = 218.329
   Iteration :   1  (B r, r) = 15.6355
   Iteration :   2  (B r, r) = 6.28955
   Iteration :   3  (B r, r) = 3.34096
   Iteration :   4  (B r, r) = 1.87969
   Iteration :   5  (B r, r) = 1.23488
   Iteration :   6  (B r, r) = 0.956146
   Iteration :   7  (B r, r) = 0.767731
   Iteration :   8  (B r, r) = 0.691148
   Iteration :   9  (B r, r) = 0.649415
   Iteration :  10  (B r, r) = 0.703846
   Iteration :  11  (B r, r) = 0.748939
   Iteration :  12  (B r, r) = 0.607725
   Iteration :  13  (B r, r) = 0.508659
   Iteration :  14  (B r, r) = 0.327709
   Iteration :  15  (B r, r) = 0.183224
   Iteration :  16  (B r, r) = 0.152843
   Iteration :  17  (B r, r) = 0.125302
   Iteration :  18  (B r, r) = 0.0857493
   Iteration :  19  (B r, r) = 0.0693249
   Iteration :  20  (B r, r) = 0.054649
   Iteration :  21  (B r, r) = 0.0505204
   Iteration :  22  (B r, r) = 0.0473613
   Iteration :  23  (B r, r) = 0.0388983
   Iteration :  24  (B r, r) = 0.0243809
   Iteration :  25  (B r, r) = 0.0169715
   Iteration :  26  (B r, r) = 0.0126802
   Iteration :  27  (B r, r) = 0.0107604
   Iteration :  28  (B r, r) = 0.00914512
   Iteration :  29  (B r, r) = 0.00694696
   Iteration :  30  (B r, r) = 0.00479156
   Iteration :  31  (B r, r) = 0.00358368
   Iteration :  32  (B r, r) = 0.00282032
   Iteration :  33  (B r, r) = 0.00226031
   Iteration :  34  (B r, r) = 0.00163431
   Iteration :  35  (B r, r) = 0.00121556
   Iteration :  36  (B r, r) = 0.000804339
   Iteration :  37  (B r, r) = 0.00049816
   Iteration :  38  (B r, r) = 0.000410305
   Iteration :  39  (B r, r) = 0.000304946
   Iteration :  40  (B r, r) = 0.000211714
   Iteration :  41  (B r, r) = 0.000177907
   Iteration :  42  (B r, r) = 0.000176171
   Iteration :  43  (B r, r) = 0.000206566
   Iteration :  44  (B r, r) = 0.0002386
   Iteration :  45  (B r, r) = 0.000232419
   Iteration :  46  (B r, r) = 0.000199364
   Iteration :  47  (B r, r) = 0.000185795
   Iteration :  48  (B r, r) = 0.000180182
   Iteration :  49  (B r, r) = 0.00017467
   Iteration :  50  (B r, r) = 0.000167495
   Iteration :  51  (B r, r) = 0.000178798
   Iteration :  52  (B r, r) = 0.000190251
   Iteration :  53  (B r, r) = 0.000193833
   Iteration :  54  (B r, r) = 0.000208542
   Iteration :  55  (B r, r) = 0.000211453
   Iteration :  56  (B r, r) = 0.000194881
   Iteration :  57  (B r, r) = 0.000164902
   Iteration :  58  (B r, r) = 0.000133566
   Iteration :  59  (B r, r) = 0.000111728
   Iteration :  60  (B r, r) = 9.5887e-05
   Iteration :  61  (B r, r) = 8.29153e-05
   Iteration :  62  (B r, r) = 7.68519e-05
   Iteration :  63  (B r, r) = 7.28578e-05
   Iteration :  64  (B r, r) = 6.3562e-05
   Iteration :  65  (B r, r) = 6.02201e-05
   Iteration :  66  (B r, r) = 6.40078e-05
   Iteration :  67  (B r, r) = 7.33603e-05
   Iteration :  68  (B r, r) = 8.1197e-05
   Iteration :  69  (B r, r) = 9.6515e-05
   Iteration :  70  (B r, r) = 0.00011544
   Iteration :  71  (B r, r) = 0.000129604
   Iteration :  72  (B r, r) = 0.000130277
   Iteration :  73  (B r, r) = 0.000123375
   Iteration :  74  (B r, r) = 0.00012598
   Iteration :  75  (B r, r) = 0.000121401
   Iteration :  76  (B r, r) = 0.000119642
   Iteration :  77  (B r, r) = 0.000130681
   Iteration :  78  (B r, r) = 0.000155445
   Iteration :  79  (B r, r) = 0.000200616
   Iteration :  80  (B r, r) = 0.000245232
   Iteration :  81  (B r, r) = 0.000241972
   Iteration :  82  (B r, r) = 0.000229706
   Iteration :  83  (B r, r) = 0.000210873
   Iteration :  84  (B r, r) = 0.000205944
   Iteration :  85  (B r, r) = 0.000214839
   Iteration :  86  (B r, r) = 0.000225332
   Iteration :  87  (B r, r) = 0.000225929
   Iteration :  88  (B r, r) = 0.000221989
   Iteration :  89  (B r, r) = 0.00022037
   Iteration :  90  (B r, r) = 0.000201015
   Iteration :  91  (B r, r) = 0.000165632
   Iteration :  92  (B r, r) = 0.000144395
   Iteration :  93  (B r, r) = 0.000121148
   Iteration :  94  (B r, r) = 9.74994e-05
   Iteration :  95  (B r, r) = 7.87969e-05
   Iteration :  96  (B r, r) = 6.30066e-05
   Iteration :  97  (B r, r) = 5.55494e-05
   Iteration :  98  (B r, r) = 4.89674e-05
   Iteration :  99  (B r, r) = 4.61297e-05
   Iteration : 100  (B r, r) = 4.61949e-05
   Iteration : 101  (B r, r) = 4.70787e-05
   Iteration : 102  (B r, r) = 4.94849e-05
   Iteration : 103  (B r, r) = 5.44796e-05
   Iteration : 104  (B r, r) = 5.5187e-05
   Iteration : 105  (B r, r) = 4.72943e-05
   Iteration : 106  (B r, r) = 4.32078e-05
   Iteration : 107  (B r, r) = 4.07557e-05
   Iteration : 108  (B r, r) = 3.57234e-05
   Iteration : 109  (B r, r) = 2.79859e-05
   Iteration : 110  (B r, r) = 2.40161e-05
   Iteration : 111  (B r, r) = 2.23965e-05
   Iteration : 112  (B r, r) = 2.14257e-05
   Iteration : 113  (B r, r) = 2.18199e-05
   Iteration : 114  (B r, r) = 2.47671e-05
   Iteration : 115  (B r, r) = 2.97685e-05
   Iteration : 116  (B r, r) = 3.16331e-05
   Iteration : 117  (B r, r) = 3.31032e-05
   Iteration : 118  (B r, r) = 3.46256e-05
   Iteration : 119  (B r, r) = 3.83676e-05
   Iteration : 120  (B r, r) = 4.20606e-05
   Iteration : 121  (B r, r) = 4.57062e-05
   Iteration : 122  (B r, r) = 4.56785e-05
   Iteration : 123  (B r, r) = 4.29888e-05
   Iteration : 124  (B r, r) = 3.98142e-05
   Iteration : 125  (B r, r) = 3.85324e-05
   Iteration : 126  (B r, r) = 4.34478e-05
   Iteration : 127  (B r, r) = 4.5439e-05
   Iteration : 128  (B r, r) = 4.58374e-05
   Iteration : 129  (B r, r) = 4.42788e-05
   Iteration : 130  (B r, r) = 3.75836e-05
   Iteration : 131  (B r, r) = 3.20744e-05
   Iteration : 132  (B r, r) = 2.95294e-05
   Iteration : 133  (B r, r) = 2.7749e-05
   Iteration : 134  (B r, r) = 2.89071e-05
   Iteration : 135  (B r, r) = 2.9193e-05
   Iteration : 136  (B r, r) = 3.0589e-05
   Iteration : 137  (B r, r) = 3.20091e-05
   Iteration : 138  (B r, r) = 3.1892e-05
   Iteration : 139  (B r, r) = 2.94862e-05
   Iteration : 140  (B r, r) = 2.45644e-05
   Iteration : 141  (B r, r) = 2.03926e-05
   Iteration : 142  (B r, r) = 1.87337e-05
   Iteration : 143  (B r, r) = 1.52759e-05
   Iteration : 144  (B r, r) = 1.17274e-05
   Iteration : 145  (B r, r) = 1.03429e-05
   Iteration : 146  (B r, r) = 1.09434e-05
   Iteration : 147  (B r, r) = 1.12633e-05
   Iteration : 148  (B r, r) = 1.08798e-05
   Iteration : 149  (B r, r) = 1.03795e-05
   Iteration : 150  (B r, r) = 9.39425e-06
   Iteration : 151  (B r, r) = 7.66743e-06
   Iteration : 152  (B r, r) = 7.40051e-06
   Iteration : 153  (B r, r) = 8.16478e-06
   Iteration : 154  (B r, r) = 9.29253e-06
   Iteration : 155  (B r, r) = 1.07603e-05
   Iteration : 156  (B r, r) = 1.11329e-05
   Iteration : 157  (B r, r) = 1.27717e-05
   Iteration : 158  (B r, r) = 1.39589e-05
   Iteration : 159  (B r, r) = 1.49047e-05
   Iteration : 160  (B r, r) = 1.70691e-05
   Iteration : 161  (B r, r) = 1.9906e-05
   Iteration : 162  (B r, r) = 2.30307e-05
   Iteration : 163  (B r, r) = 2.38224e-05
   Iteration : 164  (B r, r) = 2.35577e-05
   Iteration : 165  (B r, r) = 2.4383e-05
   Iteration : 166  (B r, r) = 2.67819e-05
   Iteration : 167  (B r, r) = 3.05126e-05
   Iteration : 168  (B r, r) = 3.33746e-05
   Iteration : 169  (B r, r) = 3.21337e-05
   Iteration : 170  (B r, r) = 3.06421e-05
   Iteration : 171  (B r, r) = 2.96314e-05
   Iteration : 172  (B r, r) = 2.62368e-05
   Iteration : 173  (B r, r) = 2.10905e-05
   Iteration : 174  (B r, r) = 1.74799e-05
   Iteration : 175  (B r, r) = 1.54217e-05
   Iteration : 176  (B r, r) = 1.36239e-05
   Iteration : 177  (B r, r) = 1.0459e-05
   Iteration : 178  (B r, r) = 9.12217e-06
   Iteration : 179  (B r, r) = 8.40004e-06
   Iteration : 180  (B r, r) = 7.67282e-06
   Iteration : 181  (B r, r) = 7.75365e-06
   Iteration : 182  (B r, r) = 7.4075e-06
   Iteration : 183  (B r, r) = 6.01647e-06
   Iteration : 184  (B r, r) = 4.86006e-06
   Iteration : 185  (B r, r) = 3.90189e-06
   Iteration : 186  (B r, r) = 3.11957e-06
   Iteration : 187  (B r, r) = 2.51132e-06
   Iteration : 188  (B r, r) = 2.0559e-06
   Iteration : 189  (B r, r) = 1.87968e-06
   Iteration : 190  (B r, r) = 1.68435e-06
   Iteration : 191  (B r, r) = 1.70273e-06
   Iteration : 192  (B r, r) = 1.99763e-06
   Iteration : 193  (B r, r) = 2.57743e-06
   Iteration : 194  (B r, r) = 3.65901e-06
   Iteration : 195  (B r, r) = 5.47504e-06
   Iteration : 196  (B r, r) = 7.25603e-06
   Iteration : 197  (B r, r) = 8.69715e-06
   Iteration : 198  (B r, r) = 1.06753e-05
   Iteration : 199  (B r, r) = 1.40235e-05
   Iteration : 200  (B r, r) = 1.55339e-05
   Iteration : 201  (B r, r) = 1.76043e-05
   Iteration : 202  (B r, r) = 2.0637e-05
   Iteration : 203  (B r, r) = 2.23771e-05
   Iteration : 204  (B r, r) = 2.09583e-05
   Iteration : 205  (B r, r) = 1.86958e-05
   Iteration : 206  (B r, r) = 1.79675e-05
   Iteration : 207  (B r, r) = 1.68713e-05
   Iteration : 208  (B r, r) = 1.30925e-05
   Iteration : 209  (B r, r) = 1.06506e-05
   Iteration : 210  (B r, r) = 1.0389e-05
   Iteration : 211  (B r, r) = 9.1213e-06
   Iteration : 212  (B r, r) = 7.0746e-06
   Iteration : 213  (B r, r) = 4.96128e-06
   Iteration : 214  (B r, r) = 3.49135e-06
   Iteration : 215  (B r, r) = 2.50333e-06
   Iteration : 216  (B r, r) = 1.69342e-06
   Iteration : 217  (B r, r) = 1.27349e-06
   Iteration : 218  (B r, r) = 9.97365e-07
   Iteration : 219  (B r, r) = 8.67311e-07
   Iteration : 220  (B r, r) = 8.74697e-07
   Iteration : 221  (B r, r) = 8.56813e-07
   Iteration : 222  (B r, r) = 7.90097e-07
   Iteration : 223  (B r, r) = 7.16765e-07
   Iteration : 224  (B r, r) = 6.74849e-07
   Iteration : 225  (B r, r) = 6.89369e-07
   Iteration : 226  (B r, r) = 7.67512e-07
   Iteration : 227  (B r, r) = 9.72156e-07
   Iteration : 228  (B r, r) = 1.33777e-06
   Iteration : 229  (B r, r) = 1.68892e-06
   Iteration : 230  (B r, r) = 2.13844e-06
   Iteration : 231  (B r, r) = 2.926e-06
   Iteration : 232  (B r, r) = 4.33509e-06
   Iteration : 233  (B r, r) = 5.74304e-06
   Iteration : 234  (B r, r) = 6.87203e-06
   Iteration : 235  (B r, r) = 8.21404e-06
   Iteration : 236  (B r, r) = 9.58887e-06
   Iteration : 237  (B r, r) = 9.76352e-06
   Iteration : 238  (B r, r) = 9.44173e-06
   Iteration : 239  (B r, r) = 8.45344e-06
   Iteration : 240  (B r, r) = 6.44124e-06
   Iteration : 241  (B r, r) = 4.54637e-06
   Iteration : 242  (B r, r) = 3.49176e-06
   Iteration : 243  (B r, r) = 2.99044e-06
   Iteration : 244  (B r, r) = 2.5234e-06
   Iteration : 245  (B r, r) = 2.09499e-06
   Iteration : 246  (B r, r) = 1.81285e-06
   Iteration : 247  (B r, r) = 1.59855e-06
   Iteration : 248  (B r, r) = 1.44289e-06
   Iteration : 249  (B r, r) = 1.45746e-06
   Iteration : 250  (B r, r) = 1.53652e-06
   Iteration : 251  (B r, r) = 1.41298e-06
   Iteration : 252  (B r, r) = 1.21266e-06
   Iteration : 253  (B r, r) = 1.06603e-06
   Iteration : 254  (B r, r) = 1.01252e-06
   Iteration : 255  (B r, r) = 9.48799e-07
   Iteration : 256  (B r, r) = 8.55235e-07
   Iteration : 257  (B r, r) = 6.98726e-07
   Iteration : 258  (B r, r) = 5.85441e-07
   Iteration : 259  (B r, r) = 5.12267e-07
   Iteration : 260  (B r, r) = 5.03361e-07
   Iteration : 261  (B r, r) = 4.84757e-07
   Iteration : 262  (B r, r) = 5.57574e-07
   Iteration : 263  (B r, r) = 7.36401e-07
   Iteration : 264  (B r, r) = 9.17194e-07
   Iteration : 265  (B r, r) = 1.0786e-06
   Iteration : 266  (B r, r) = 1.10496e-06
   Iteration : 267  (B r, r) = 1.08607e-06
   Iteration : 268  (B r, r) = 1.02421e-06
   Iteration : 269  (B r, r) = 1.0536e-06
   Iteration : 270  (B r, r) = 1.08149e-06
   Iteration : 271  (B r, r) = 1.21397e-06
   Iteration : 272  (B r, r) = 1.54944e-06
   Iteration : 273  (B r, r) = 1.75834e-06
   Iteration : 274  (B r, r) = 1.7686e-06
   Iteration : 275  (B r, r) = 2.06327e-06
   Iteration : 276  (B r, r) = 2.33858e-06
   Iteration : 277  (B r, r) = 2.3603e-06
   Iteration : 278  (B r, r) = 2.28916e-06
   Iteration : 279  (B r, r) = 1.95269e-06
   Iteration : 280  (B r, r) = 1.65988e-06
   Iteration : 281  (B r, r) = 1.36888e-06
   Iteration : 282  (B r, r) = 1.0654e-06
   Iteration : 283  (B r, r) = 9.37307e-07
   Iteration : 284  (B r, r) = 9.21832e-07
   Iteration : 285  (B r, r) = 8.96451e-07
   Iteration : 286  (B r, r) = 7.5997e-07
   Iteration : 287  (B r, r) = 5.44606e-07
   Iteration : 288  (B r, r) = 3.89151e-07
   Iteration : 289  (B r, r) = 2.99025e-07
   Iteration : 290  (B r, r) = 2.45849e-07
   Iteration : 291  (B r, r) = 2.14061e-07
   Iteration : 292  (B r, r) = 2.01859e-07
   Iteration : 293  (B r, r) = 2.06439e-07
   Iteration : 294  (B r, r) = 2.40311e-07
   Iteration : 295  (B r, r) = 3.21891e-07
   Iteration : 296  (B r, r) = 3.91375e-07
   Iteration : 297  (B r, r) = 4.61231e-07
   Iteration : 298  (B r, r) = 5.55111e-07
   Iteration : 299  (B r, r) = 8.35257e-07
   Iteration : 300  (B r, r) = 1.39409e-06
   Iteration : 301  (B r, r) = 2.03415e-06
   Iteration : 302  (B r, r) = 2.74881e-06
   Iteration : 303  (B r, r) = 3.01297e-06
   Iteration : 304  (B r, r) = 2.66589e-06
   Iteration : 305  (B r, r) = 2.21043e-06
   Iteration : 306  (B r, r) = 2.01404e-06
   Iteration : 307  (B r, r) = 1.64376e-06
   Iteration : 308  (B r, r) = 1.28946e-06
   Iteration : 309  (B r, r) = 1.02306e-06
   Iteration : 310  (B r, r) = 7.83526e-07
   Iteration : 311  (B r, r) = 5.75928e-07
   Iteration : 312  (B r, r) = 4.1595e-07
   Iteration : 313  (B r, r) = 3.11413e-07
   Iteration : 314  (B r, r) = 2.28969e-07
   Iteration : 315  (B r, r) = 1.53586e-07
   Iteration : 316  (B r, r) = 1.133e-07
   Iteration : 317  (B r, r) = 9.49783e-08
   Iteration : 318  (B r, r) = 8.27349e-08
   Iteration : 319  (B r, r) = 7.83845e-08
   Iteration : 320  (B r, r) = 8.0669e-08
   Iteration : 321  (B r, r) = 8.78244e-08
   Iteration : 322  (B r, r) = 9.82126e-08
   Iteration : 323  (B r, r) = 1.2156e-07
   Iteration : 324  (B r, r) = 1.43624e-07
   Iteration : 325  (B r, r) = 1.56086e-07
   Iteration : 326  (B r, r) = 1.90232e-07
   Iteration : 327  (B r, r) = 2.51927e-07
   Iteration : 328  (B r, r) = 3.51278e-07
   Iteration : 329  (B r, r) = 5.11251e-07
   Iteration : 330  (B r, r) = 6.42215e-07
   Iteration : 331  (B r, r) = 7.5041e-07
   Iteration : 332  (B r, r) = 8.39266e-07
   Iteration : 333  (B r, r) = 8.2639e-07
   Iteration : 334  (B r, r) = 9.32359e-07
   Iteration : 335  (B r, r) = 1.06206e-06
   Iteration : 336  (B r, r) = 1.05459e-06
   Iteration : 337  (B r, r) = 9.10344e-07
   Iteration : 338  (B r, r) = 8.33984e-07
   Iteration : 339  (B r, r) = 8.17444e-07
   Iteration : 340  (B r, r) = 8.31793e-07
   Iteration : 341  (B r, r) = 7.53463e-07
   Iteration : 342  (B r, r) = 5.99035e-07
   Iteration : 343  (B r, r) = 4.59951e-07
   Iteration : 344  (B r, r) = 3.93455e-07
   Iteration : 345  (B r, r) = 3.42035e-07
   Iteration : 346  (B r, r) = 2.80879e-07
   Iteration : 347  (B r, r) = 2.27052e-07
   Iteration : 348  (B r, r) = 1.76916e-07
   Iteration : 349  (B r, r) = 1.41945e-07
   Iteration : 350  (B r, r) = 1.1737e-07
   Iteration : 351  (B r, r) = 1.00041e-07
   Iteration : 352  (B r, r) = 7.82113e-08
   Iteration : 353  (B r, r) = 6.00955e-08
   Iteration : 354  (B r, r) = 5.41489e-08
   Iteration : 355  (B r, r) = 5.82994e-08
   Iteration : 356  (B r, r) = 5.42335e-08
   Iteration : 357  (B r, r) = 4.97433e-08
   Iteration : 358  (B r, r) = 4.43578e-08
   Iteration : 359  (B r, r) = 5.18769e-08
   Iteration : 360  (B r, r) = 6.0913e-08
   Iteration : 361  (B r, r) = 5.5837e-08
   Iteration : 362  (B r, r) = 5.26639e-08
   Iteration : 363  (B r, r) = 5.66636e-08
   Iteration : 364  (B r, r) = 5.60303e-08
   Iteration : 365  (B r, r) = 5.83466e-08
   Iteration : 366  (B r, r) = 7.18425e-08
   Iteration : 367  (B r, r) = 1.01358e-07
   Iteration : 368  (B r, r) = 1.37545e-07
   Iteration : 369  (B r, r) = 1.80313e-07
   Iteration : 370  (B r, r) = 2.44991e-07
   Iteration : 371  (B r, r) = 3.35935e-07
   Iteration : 372  (B r, r) = 4.66854e-07
   Iteration : 373  (B r, r) = 5.70258e-07
   Iteration : 374  (B r, r) = 6.72197e-07
   Iteration : 375  (B r, r) = 7.06933e-07
   Iteration : 376  (B r, r) = 6.54647e-07
   Iteration : 377  (B r, r) = 5.68682e-07
   Iteration : 378  (B r, r) = 4.38603e-07
   Iteration : 379  (B r, r) = 2.98428e-07
   Iteration : 380  (B r, r) = 1.85292e-07
   Iteration : 381  (B r, r) = 9.89287e-08
   Iteration : 382  (B r, r) = 5.36061e-08
   Iteration : 383  (B r, r) = 3.51516e-08
   Iteration : 384  (B r, r) = 2.38539e-08
   Iteration : 385  (B r, r) = 1.88337e-08
   Iteration : 386  (B r, r) = 1.58984e-08
   Iteration : 387  (B r, r) = 1.39443e-08
   Iteration : 388  (B r, r) = 1.3486e-08
   Iteration : 389  (B r, r) = 1.44553e-08
   Iteration : 390  (B r, r) = 1.45144e-08
   Iteration : 391  (B r, r) = 1.48084e-08
   Iteration : 392  (B r, r) = 1.75862e-08
   Iteration : 393  (B r, r) = 2.32508e-08
   Iteration : 394  (B r, r) = 3.46968e-08
   Iteration : 395  (B r, r) = 5.96124e-08
   Iteration : 396  (B r, r) = 1.01228e-07
   Iteration : 397  (B r, r) = 1.54476e-07
   Iteration : 398  (B r, r) = 2.34521e-07
   Iteration : 399  (B r, r) = 2.7602e-07
   Iteration : 400  (B r, r) = 2.89865e-07
   Iteration : 401  (B r, r) = 3.03575e-07
   Iteration : 402  (B r, r) = 2.65838e-07
   Iteration : 403  (B r, r) = 2.15435e-07
   Iteration : 404  (B r, r) = 1.59814e-07
   Iteration : 405  (B r, r) = 1.2731e-07
   Iteration : 406  (B r, r) = 1.01893e-07
   Iteration : 407  (B r, r) = 8.74248e-08
   Iteration : 408  (B r, r) = 6.81132e-08
   Iteration : 409  (B r, r) = 4.90017e-08
   Iteration : 410  (B r, r) = 3.30242e-08
   Iteration : 411  (B r, r) = 2.13175e-08
   Iteration : 412  (B r, r) = 1.35116e-08
   Iteration : 413  (B r, r) = 9.79109e-09
   Iteration : 414  (B r, r) = 7.10571e-09
   Iteration : 415  (B r, r) = 5.44024e-09
   Iteration : 416  (B r, r) = 4.89859e-09
   Iteration : 417  (B r, r) = 5.76135e-09
   Iteration : 418  (B r, r) = 7.14084e-09
   Iteration : 419  (B r, r) = 8.09947e-09
   Iteration : 420  (B r, r) = 1.05178e-08
   Iteration : 421  (B r, r) = 1.68447e-08
   Iteration : 422  (B r, r) = 2.7648e-08
   Iteration : 423  (B r, r) = 4.75339e-08
   Iteration : 424  (B r, r) = 9.1171e-08
   Iteration : 425  (B r, r) = 1.48059e-07
   Iteration : 426  (B r, r) = 1.64492e-07
   Iteration : 427  (B r, r) = 1.56723e-07
   Iteration : 428  (B r, r) = 1.55351e-07
   Iteration : 429  (B r, r) = 1.43568e-07
   Iteration : 430  (B r, r) = 1.16508e-07
   Iteration : 431  (B r, r) = 8.55248e-08
   Iteration : 432  (B r, r) = 5.40062e-08
   Iteration : 433  (B r, r) = 3.45536e-08
   Iteration : 434  (B r, r) = 1.92494e-08
   Iteration : 435  (B r, r) = 1.07777e-08
   Iteration : 436  (B r, r) = 7.13322e-09
   Iteration : 437  (B r, r) = 5.02248e-09
   Iteration : 438  (B r, r) = 3.59064e-09
   Iteration : 439  (B r, r) = 2.54034e-09
   Iteration : 440  (B r, r) = 2.11736e-09
   Iteration : 441  (B r, r) = 2.17105e-09
   Iteration : 442  (B r, r) = 2.55594e-09
   Iteration : 443  (B r, r) = 3.77564e-09
   Iteration : 444  (B r, r) = 6.00442e-09
   Iteration : 445  (B r, r) = 9.51232e-09
   Iteration : 446  (B r, r) = 1.47185e-08
   Iteration : 447  (B r, r) = 2.31846e-08
   Iteration : 448  (B r, r) = 3.55129e-08
   Iteration : 449  (B r, r) = 5.23846e-08
   Iteration : 450  (B r, r) = 8.03816e-08
   Iteration : 451  (B r, r) = 1.0442e-07
   Iteration : 452  (B r, r) = 9.72133e-08
   Iteration : 453  (B r, r) = 7.55128e-08
   Iteration : 454  (B r, r) = 5.24132e-08
   Iteration : 455  (B r, r) = 3.29996e-08
   Iteration : 456  (B r, r) = 1.84337e-08
   Iteration : 457  (B r, r) = 1.06095e-08
   Iteration : 458  (B r, r) = 5.95227e-09
   Iteration : 459  (B r, r) = 3.71578e-09
   Iteration : 460  (B r, r) = 2.42089e-09
   Iteration : 461  (B r, r) = 1.70773e-09
   Iteration : 462  (B r, r) = 1.41161e-09
   Iteration : 463  (B r, r) = 1.16297e-09
   Iteration : 464  (B r, r) = 1.10399e-09
   Iteration : 465  (B r, r) = 1.14107e-09
   Iteration : 466  (B r, r) = 1.47464e-09
   Iteration : 467  (B r, r) = 2.15562e-09
   Iteration : 468  (B r, r) = 3.7032e-09
   Iteration : 469  (B r, r) = 6.75954e-09
   Iteration : 470  (B r, r) = 1.12185e-08
   Iteration : 471  (B r, r) = 1.86921e-08
   Iteration : 472  (B r, r) = 3.17413e-08
   Iteration : 473  (B r, r) = 4.2648e-08
   Iteration : 474  (B r, r) = 4.80375e-08
   Iteration : 475  (B r, r) = 4.40993e-08
   Iteration : 476  (B r, r) = 3.36375e-08
   Iteration : 477  (B r, r) = 2.17058e-08
   Iteration : 478  (B r, r) = 1.4673e-08
   Iteration : 479  (B r, r) = 8.809e-09
   Iteration : 480  (B r, r) = 5.08682e-09
   Iteration : 481  (B r, r) = 3.3823e-09
   Iteration : 482  (B r, r) = 2.2405e-09
   Iteration : 483  (B r, r) = 1.36682e-09
   Iteration : 484  (B r, r) = 8.8375e-10
   Iteration : 485  (B r, r) = 6.55752e-10
   Iteration : 486  (B r, r) = 5.02227e-10
   Iteration : 487  (B r, r) = 4.36944e-10
   Iteration : 488  (B r, r) = 5.56443e-10
   Iteration : 489  (B r, r) = 8.40572e-10
   Iteration : 490  (B r, r) = 1.31007e-09
   Iteration : 491  (B r, r) = 1.9609e-09
   Iteration : 492  (B r, r) = 2.89502e-09
   Iteration : 493  (B r, r) = 4.46873e-09
   Iteration : 494  (B r, r) = 7.00434e-09
   Iteration : 495  (B r, r) = 1.01359e-08
   Iteration : 496  (B r, r) = 1.34046e-08
   Iteration : 497  (B r, r) = 1.69733e-08
   Iteration : 498  (B r, r) = 1.96905e-08
   Iteration : 499  (B r, r) = 1.89109e-08
   Iteration : 500  (B r, r) = 1.59192e-08
   Iteration : 501  (B r, r) = 1.23989e-08
   Iteration : 502  (B r, r) = 8.58804e-09
   Iteration : 503  (B r, r) = 4.70711e-09
   Iteration : 504  (B r, r) = 2.3567e-09
   Iteration : 505  (B r, r) = 1.42682e-09
   Iteration : 506  (B r, r) = 8.65481e-10
   Iteration : 507  (B r, r) = 5.0951e-10
   Iteration : 508  (B r, r) = 3.10399e-10
   Iteration : 509  (B r, r) = 2.42115e-10
   Iteration : 510  (B r, r) = 2.43861e-10
   Iteration : 511  (B r, r) = 2.59713e-10
   Iteration : 512  (B r, r) = 3.11544e-10
   Iteration : 513  (B r, r) = 4.16343e-10
   Iteration : 514  (B r, r) = 5.8594e-10
   Iteration : 515  (B r, r) = 9.06786e-10
   Iteration : 516  (B r, r) = 1.63377e-09
   Iteration : 517  (B r, r) = 2.91108e-09
   Iteration : 518  (B r, r) = 4.98117e-09
   Iteration : 519  (B r, r) = 7.40246e-09
   Iteration : 520  (B r, r) = 9.38054e-09
   Iteration : 521  (B r, r) = 1.00029e-08
   Iteration : 522  (B r, r) = 8.40679e-09
   Iteration : 523  (B r, r) = 5.64423e-09
   Iteration : 524  (B r, r) = 3.47486e-09
   Iteration : 525  (B r, r) = 2.07797e-09
   Iteration : 526  (B r, r) = 1.35885e-09
   Iteration : 527  (B r, r) = 8.60809e-10
   Iteration : 528  (B r, r) = 5.94241e-10
   Iteration : 529  (B r, r) = 5.29404e-10
   Iteration : 530  (B r, r) = 6.32774e-10
   Iteration : 531  (B r, r) = 8.80152e-10
   Iteration : 532  (B r, r) = 1.20205e-09
   Iteration : 533  (B r, r) = 1.51121e-09
   Iteration : 534  (B r, r) = 1.71718e-09
   Iteration : 535  (B r, r) = 1.56809e-09
   Iteration : 536  (B r, r) = 1.34421e-09
   Iteration : 537  (B r, r) = 1.12064e-09
   Iteration : 538  (B r, r) = 8.0355e-10
   Iteration : 539  (B r, r) = 5.77762e-10
   Iteration : 540  (B r, r) = 4.1221e-10
   Iteration : 541  (B r, r) = 2.83635e-10
   Iteration : 542  (B r, r) = 2.01576e-10
   Iteration : 543  (B r, r) = 1.42563e-10
   Iteration : 544  (B r, r) = 1.15157e-10
   Iteration : 545  (B r, r) = 1.12951e-10
   Iteration : 546  (B r, r) = 1.33764e-10
   Iteration : 547  (B r, r) = 2.06427e-10
   Iteration : 548  (B r, r) = 3.5264e-10
   Iteration : 549  (B r, r) = 6.26616e-10
   Iteration : 550  (B r, r) = 1.11647e-09
   Iteration : 551  (B r, r) = 1.90247e-09
   Iteration : 552  (B r, r) = 3.4307e-09
   Iteration : 553  (B r, r) = 4.98248e-09
   Iteration : 554  (B r, r) = 5.19352e-09
   Iteration : 555  (B r, r) = 4.28422e-09
   Iteration : 556  (B r, r) = 2.58062e-09
   Iteration : 557  (B r, r) = 1.31848e-09
   Iteration : 558  (B r, r) = 7.01374e-10
   Iteration : 559  (B r, r) = 3.93622e-10
   Iteration : 560  (B r, r) = 2.54787e-10
   Iteration : 561  (B r, r) = 1.90795e-10
   Iteration : 562  (B r, r) = 1.74046e-10
   Iteration : 563  (B r, r) = 2.08945e-10
   Iteration : 564  (B r, r) = 2.50115e-10
   Iteration : 565  (B r, r) = 3.25097e-10
   Iteration : 566  (B r, r) = 3.9759e-10
   Iteration : 567  (B r, r) = 4.11144e-10
   Iteration : 568  (B r, r) = 3.95719e-10
   Iteration : 569  (B r, r) = 3.23419e-10
   Iteration : 570  (B r, r) = 2.06666e-10
   Iteration : 571  (B r, r) = 1.07063e-10
   Iteration : 572  (B r, r) = 6.81128e-11
   Iteration : 573  (B r, r) = 5.77905e-11
   Iteration : 574  (B r, r) = 7.55923e-11
   Iteration : 575  (B r, r) = 1.32399e-10
   Iteration : 576  (B r, r) = 2.44921e-10
   Iteration : 577  (B r, r) = 4.27616e-10
   Iteration : 578  (B r, r) = 6.53166e-10
   Iteration : 579  (B r, r) = 8.26733e-10
   Iteration : 580  (B r, r) = 8.12205e-10
   Iteration : 581  (B r, r) = 5.94386e-10
   Iteration : 582  (B r, r) = 3.82907e-10
   Iteration : 583  (B r, r) = 2.69585e-10
   Iteration : 584  (B r, r) = 2.28496e-10
   Iteration : 585  (B r, r) = 2.15163e-10
   Iteration : 586  (B r, r) = 2.5275e-10
   Iteration : 587  (B r, r) = 3.66505e-10
   Iteration : 588  (B r, r) = 5.80971e-10
   Iteration : 589  (B r, r) = 8.0889e-10
   Iteration : 590  (B r, r) = 9.01555e-10
   Iteration : 591  (B r, r) = 7.48548e-10
   Iteration : 592  (B r, r) = 5.33539e-10
   Iteration : 593  (B r, r) = 3.55852e-10
   Iteration : 594  (B r, r) = 2.41698e-10
   Iteration : 595  (B r, r) = 2.01214e-10
   Iteration : 596  (B r, r) = 2.0075e-10
   Iteration : 597  (B r, r) = 2.26895e-10
   Iteration : 598  (B r, r) = 2.49528e-10
   Iteration : 599  (B r, r) = 3.18058e-10
   Iteration : 600  (B r, r) = 4.65475e-10
   Iteration : 601  (B r, r) = 6.26257e-10
   Iteration : 602  (B r, r) = 7.78316e-10
   Iteration : 603  (B r, r) = 9.22452e-10
   Iteration : 604  (B r, r) = 8.65044e-10
   Iteration : 605  (B r, r) = 6.01926e-10
   Iteration : 606  (B r, r) = 4.05964e-10
   Iteration : 607  (B r, r) = 2.66159e-10
   Iteration : 608  (B r, r) = 1.90419e-10
   Iteration : 609  (B r, r) = 1.53954e-10
   Iteration : 610  (B r, r) = 1.3096e-10
   Iteration : 611  (B r, r) = 1.29859e-10
   Iteration : 612  (B r, r) = 1.4129e-10
   Iteration : 613  (B r, r) = 1.56462e-10
   Iteration : 614  (B r, r) = 1.49649e-10
   Iteration : 615  (B r, r) = 1.1459e-10
   Iteration : 616  (B r, r) = 7.46966e-11
   Iteration : 617  (B r, r) = 4.4919e-11
   Iteration : 618  (B r, r) = 3.00457e-11
   Iteration : 619  (B r, r) = 2.47809e-11
   Iteration : 620  (B r, r) = 2.70926e-11
   Iteration : 621  (B r, r) = 3.76789e-11
   Iteration : 622  (B r, r) = 5.99853e-11
   Iteration : 623  (B r, r) = 1.0302e-10
   Iteration : 624  (B r, r) = 1.6164e-10
   Iteration : 625  (B r, r) = 1.86935e-10
   Iteration : 626  (B r, r) = 1.63764e-10
   Iteration : 627  (B r, r) = 1.37142e-10
   Iteration : 628  (B r, r) = 1.10509e-10
   Iteration : 629  (B r, r) = 9.86987e-11
   Iteration : 630  (B r, r) = 1.02705e-10
   Iteration : 631  (B r, r) = 1.20234e-10
   Iteration : 632  (B r, r) = 1.64972e-10
   Iteration : 633  (B r, r) = 2.40178e-10
   Iteration : 634  (B r, r) = 3.74279e-10
   Iteration : 635  (B r, r) = 5.62725e-10
   Iteration : 636  (B r, r) = 6.46796e-10
   Iteration : 637  (B r, r) = 5.77404e-10
   Iteration : 638  (B r, r) = 5.111e-10
   Iteration : 639  (B r, r) = 3.69817e-10
   Iteration : 640  (B r, r) = 2.45364e-10
   Iteration : 641  (B r, r) = 1.77528e-10
   Iteration : 642  (B r, r) = 1.44632e-10
   Iteration : 643  (B r, r) = 1.65642e-10
   Iteration : 644  (B r, r) = 2.45905e-10
   Iteration : 645  (B r, r) = 3.4089e-10
   Iteration : 646  (B r, r) = 3.65577e-10
   Iteration : 647  (B r, r) = 2.77921e-10
   Iteration : 648  (B r, r) = 1.59175e-10
   Iteration : 649  (B r, r) = 7.8035e-11
   Iteration : 650  (B r, r) = 3.87706e-11
   Iteration : 651  (B r, r) = 2.34787e-11
   Iteration : 652  (B r, r) = 1.6068e-11
   Iteration : 653  (B r, r) = 1.34564e-11
   Iteration : 654  (B r, r) = 1.52856e-11
   Iteration : 655  (B r, r) = 1.72319e-11
   Iteration : 656  (B r, r) = 2.11255e-11
   Iteration : 657  (B r, r) = 3.36306e-11
   Iteration : 658  (B r, r) = 5.38896e-11
   Iteration : 659  (B r, r) = 6.4917e-11
   Iteration : 660  (B r, r) = 5.74049e-11
   Iteration : 661  (B r, r) = 4.22191e-11
   Iteration : 662  (B r, r) = 3.0633e-11
   Iteration : 663  (B r, r) = 2.70139e-11
   Iteration : 664  (B r, r) = 3.00116e-11
   Iteration : 665  (B r, r) = 4.22476e-11
   Iteration : 666  (B r, r) = 6.80654e-11
   Iteration : 667  (B r, r) = 1.13783e-10
   Iteration : 668  (B r, r) = 1.85822e-10
   Iteration : 669  (B r, r) = 2.56066e-10
   Iteration : 670  (B r, r) = 2.80843e-10
   Iteration : 671  (B r, r) = 2.57134e-10
   Iteration : 672  (B r, r) = 2.03887e-10
   Iteration : 673  (B r, r) = 1.51623e-10
   Iteration : 674  (B r, r) = 1.2934e-10
   Iteration : 675  (B r, r) = 1.16289e-10
   Iteration : 676  (B r, r) = 1.24603e-10
   Iteration : 677  (B r, r) = 1.53534e-10
   Iteration : 678  (B r, r) = 2.00006e-10
   Iteration : 679  (B r, r) = 2.35941e-10
   Iteration : 680  (B r, r) = 2.16886e-10
   Iteration : 681  (B r, r) = 1.57437e-10
   Iteration : 682  (B r, r) = 9.93632e-11
   Iteration : 683  (B r, r) = 5.01454e-11
   Iteration : 684  (B r, r) = 2.49411e-11
   Iteration : 685  (B r, r) = 1.26746e-11
   Iteration : 686  (B r, r) = 7.08785e-12
   Iteration : 687  (B r, r) = 5.28794e-12
   Iteration : 688  (B r, r) = 4.71079e-12
   Iteration : 689  (B r, r) = 5.43297e-12
   Iteration : 690  (B r, r) = 8.25887e-12
   Iteration : 691  (B r, r) = 1.32776e-11
   Iteration : 692  (B r, r) = 1.92971e-11
   Iteration : 693  (B r, r) = 2.114e-11
   Iteration : 694  (B r, r) = 2.08697e-11
   Iteration : 695  (B r, r) = 2.15219e-11
   Iteration : 696  (B r, r) = 2.36569e-11
   Iteration : 697  (B r, r) = 3.06993e-11
   Iteration : 698  (B r, r) = 4.83175e-11
   Iteration : 699  (B r, r) = 7.32965e-11
   Iteration : 700  (B r, r) = 1.11398e-10
   Iteration : 701  (B r, r) = 1.49303e-10
   Iteration : 702  (B r, r) = 1.48733e-10
   Iteration : 703  (B r, r) = 1.14145e-10
   Iteration : 704  (B r, r) = 7.98568e-11
   Iteration : 705  (B r, r) = 6.53171e-11
   Iteration : 706  (B r, r) = 7.16986e-11
   Iteration : 707  (B r, r) = 7.61153e-11
   Iteration : 708  (B r, r) = 9.20589e-11
   Iteration : 709  (B r, r) = 1.05314e-10
   Iteration : 710  (B r, r) = 9.59742e-11
   Iteration : 711  (B r, r) = 7.45011e-11
   Iteration : 712  (B r, r) = 4.77887e-11
   Iteration : 713  (B r, r) = 2.73808e-11
   Iteration : 714  (B r, r) = 1.53583e-11
   Iteration : 715  (B r, r) = 8.95425e-12
   Iteration : 716  (B r, r) = 6.38458e-12
   Iteration : 717  (B r, r) = 5.62895e-12
   Iteration : 718  (B r, r) = 6.13358e-12
   Iteration : 719  (B r, r) = 6.55771e-12
   Iteration : 720  (B r, r) = 6.96527e-12
   Iteration : 721  (B r, r) = 7.94113e-12
   Iteration : 722  (B r, r) = 7.87402e-12
   Iteration : 723  (B r, r) = 7.08195e-12
   Iteration : 724  (B r, r) = 5.54578e-12
   Iteration : 725  (B r, r) = 4.79049e-12
   Iteration : 726  (B r, r) = 5.49826e-12
   Iteration : 727  (B r, r) = 7.5607e-12
   Iteration : 728  (B r, r) = 1.17427e-11
   Iteration : 729  (B r, r) = 1.84808e-11
   Iteration : 730  (B r, r) = 2.56945e-11
   Iteration : 731  (B r, r) = 2.66522e-11
   Iteration : 732  (B r, r) = 2.11103e-11
   Iteration : 733  (B r, r) = 1.46043e-11
   Iteration : 734  (B r, r) = 1.02288e-11
   Iteration : 735  (B r, r) = 9.73059e-12
   Iteration : 736  (B r, r) = 1.45254e-11
   Iteration : 737  (B r, r) = 2.79183e-11
   Iteration : 738  (B r, r) = 4.93609e-11
   Iteration : 739  (B r, r) = 6.74891e-11
   Iteration : 740  (B r, r) = 7.25062e-11
   Iteration : 741  (B r, r) = 6.20493e-11
   Iteration : 742  (B r, r) = 4.59364e-11
   Iteration : 743  (B r, r) = 3.51243e-11
   Iteration : 744  (B r, r) = 3.27686e-11
   Iteration : 745  (B r, r) = 3.65737e-11
   Iteration : 746  (B r, r) = 4.27134e-11
   Iteration : 747  (B r, r) = 4.58638e-11
   Iteration : 748  (B r, r) = 3.87815e-11
   Iteration : 749  (B r, r) = 2.49706e-11
   Iteration : 750  (B r, r) = 1.31561e-11
   Iteration : 751  (B r, r) = 7.67183e-12
   Iteration : 752  (B r, r) = 4.57177e-12
   Iteration : 753  (B r, r) = 3.2018e-12
   Iteration : 754  (B r, r) = 2.81352e-12
   Iteration : 755  (B r, r) = 3.50202e-12
   Iteration : 756  (B r, r) = 5.40246e-12
   Iteration : 757  (B r, r) = 5.99862e-12
   Iteration : 758  (B r, r) = 4.19921e-12
   Iteration : 759  (B r, r) = 2.44229e-12
   Iteration : 760  (B r, r) = 1.57782e-12
   Iteration : 761  (B r, r) = 1.29969e-12
   Iteration : 762  (B r, r) = 1.61632e-12
   Iteration : 763  (B r, r) = 2.63799e-12
   Iteration : 764  (B r, r) = 5.39696e-12
   Iteration : 765  (B r, r) = 9.88878e-12
   Iteration : 766  (B r, r) = 1.43491e-11
   Iteration : 767  (B r, r) = 1.49624e-11
   Iteration : 768  (B r, r) = 1.26823e-11
   Iteration : 769  (B r, r) = 1.21563e-11
   Iteration : 770  (B r, r) = 1.31528e-11
   Iteration : 771  (B r, r) = 1.55551e-11
   Iteration : 772  (B r, r) = 2.63689e-11
   Iteration : 773  (B r, r) = 4.94533e-11
   Iteration : 774  (B r, r) = 7.02973e-11
   Iteration : 775  (B r, r) = 6.87642e-11
   Iteration : 776  (B r, r) = 4.25506e-11
   Iteration : 777  (B r, r) = 2.07917e-11
   Iteration : 778  (B r, r) = 1.01917e-11
   Iteration : 779  (B r, r) = 4.86049e-12
   Iteration : 780  (B r, r) = 3.06463e-12
   Iteration : 781  (B r, r) = 2.58117e-12
   Iteration : 782  (B r, r) = 2.68601e-12
   Iteration : 783  (B r, r) = 2.88387e-12
   Iteration : 784  (B r, r) = 2.64347e-12
   Iteration : 785  (B r, r) = 1.78674e-12
   Iteration : 786  (B r, r) = 9.595e-13
   Iteration : 787  (B r, r) = 6.12431e-13
   Iteration : 788  (B r, r) = 5.5054e-13
   Iteration : 789  (B r, r) = 7.789e-13
   Iteration : 790  (B r, r) = 1.48136e-12
   Iteration : 791  (B r, r) = 2.52281e-12
   Iteration : 792  (B r, r) = 3.38802e-12
   Iteration : 793  (B r, r) = 3.47903e-12
   Iteration : 794  (B r, r) = 2.95329e-12
   Iteration : 795  (B r, r) = 2.56196e-12
   Iteration : 796  (B r, r) = 2.52752e-12
   Iteration : 797  (B r, r) = 3.2638e-12
   Iteration : 798  (B r, r) = 5.31585e-12
   Iteration : 799  (B r, r) = 9.9967e-12
   Iteration : 800  (B r, r) = 1.65064e-11
   Iteration : 801  (B r, r) = 1.60168e-11
   Iteration : 802  (B r, r) = 1.00694e-11
   Iteration : 803  (B r, r) = 6.1752e-12
   Iteration : 804  (B r, r) = 5.28854e-12
   Iteration : 805  (B r, r) = 6.71989e-12
   Iteration : 806  (B r, r) = 1.11409e-11
   Iteration : 807  (B r, r) = 1.85493e-11
   Iteration : 808  (B r, r) = 2.21471e-11
   Iteration : 809  (B r, r) = 1.54582e-11
   Iteration : 810  (B r, r) = 7.4086e-12
   Iteration : 811  (B r, r) = 3.62271e-12
   Iteration : 812  (B r, r) = 1.97997e-12
   Iteration : 813  (B r, r) = 1.59187e-12
   Iteration : 814  (B r, r) = 1.56907e-12
   Iteration : 815  (B r, r) = 1.80739e-12
   Iteration : 816  (B r, r) = 2.13969e-12
   Iteration : 817  (B r, r) = 2.13978e-12
   Iteration : 818  (B r, r) = 1.6653e-12
   Iteration : 819  (B r, r) = 9.47577e-13
   Iteration : 820  (B r, r) = 5.40958e-13
   Iteration : 821  (B r, r) = 3.59392e-13
   Iteration : 822  (B r, r) = 3.56066e-13
   Iteration : 823  (B r, r) = 5.17245e-13
   Iteration : 824  (B r, r) = 7.38338e-13
   Iteration : 825  (B r, r) = 7.96381e-13
   Iteration : 826  (B r, r) = 7.28463e-13
   Iteration : 827  (B r, r) = 5.96671e-13
   Iteration : 828  (B r, r) = 5.37069e-13
   Iteration : 829  (B r, r) = 7.19224e-13
   Iteration : 830  (B r, r) = 1.2965e-12
   Iteration : 831  (B r, r) = 2.93487e-12
   Iteration : 832  (B r, r) = 6.33349e-12
   Iteration : 833  (B r, r) = 1.14619e-11
   Iteration : 834  (B r, r) = 1.54216e-11
   Iteration : 835  (B r, r) = 1.33897e-11
   Iteration : 836  (B r, r) = 8.82469e-12
   Iteration : 837  (B r, r) = 5.85555e-12
   Iteration : 838  (B r, r) = 4.76476e-12
   Iteration : 839  (B r, r) = 4.39512e-12
   Iteration : 840  (B r, r) = 4.01408e-12
   Iteration : 841  (B r, r) = 3.23148e-12
   Iteration : 842  (B r, r) = 2.16226e-12
   Iteration : 843  (B r, r) = 1.37575e-12
   Iteration : 844  (B r, r) = 8.40201e-13
   Iteration : 845  (B r, r) = 5.38171e-13
   Iteration : 846  (B r, r) = 4.62185e-13
   Iteration : 847  (B r, r) = 4.37412e-13
   Iteration : 848  (B r, r) = 3.98671e-13
   Iteration : 849  (B r, r) = 3.42291e-13
   Iteration : 850  (B r, r) = 2.45646e-13
   Iteration : 851  (B r, r) = 1.64848e-13
   Iteration : 852  (B r, r) = 1.39703e-13
   Iteration : 853  (B r, r) = 1.66836e-13
   Iteration : 854  (B r, r) = 2.52078e-13
   Iteration : 855  (B r, r) = 4.14555e-13
   Iteration : 856  (B r, r) = 6.40057e-13
   Iteration : 857  (B r, r) = 8.52002e-13
   Iteration : 858  (B r, r) = 9.71904e-13
   Iteration : 859  (B r, r) = 1.13183e-12
   Iteration : 860  (B r, r) = 1.43727e-12
   Iteration : 861  (B r, r) = 2.04007e-12
   Iteration : 862  (B r, r) = 3.71403e-12
   Iteration : 863  (B r, r) = 6.56936e-12
   Iteration : 864  (B r, r) = 8.41555e-12
   Iteration : 865  (B r, r) = 6.99674e-12
   Iteration : 866  (B r, r) = 3.96282e-12
   Iteration : 867  (B r, r) = 2.05404e-12
   Iteration : 868  (B r, r) = 1.34185e-12
   Iteration : 869  (B r, r) = 9.88034e-13
   Iteration : 870  (B r, r) = 9.23467e-13
   Iteration : 871  (B r, r) = 8.42831e-13
   Iteration : 872  (B r, r) = 7.19567e-13
   Iteration : 873  (B r, r) = 4.89591e-13
   Iteration : 874  (B r, r) = 2.70496e-13
   Iteration : 875  (B r, r) = 1.57368e-13
   Iteration : 876  (B r, r) = 1.09627e-13
   Iteration : 877  (B r, r) = 9.72046e-14
   Iteration : 878  (B r, r) = 1.1432e-13
   Iteration : 879  (B r, r) = 1.3523e-13
   Iteration : 880  (B r, r) = 1.20197e-13
   Iteration : 881  (B r, r) = 1.00513e-13
   Iteration : 882  (B r, r) = 9.63888e-14
   Iteration : 883  (B r, r) = 1.23769e-13
   Iteration : 884  (B r, r) = 2.14358e-13
   Iteration : 885  (B r, r) = 4.53917e-13
   Iteration : 886  (B r, r) = 9.35919e-13
   Iteration : 887  (B r, r) = 1.59963e-12
   Iteration : 888  (B r, r) = 2.08704e-12
   Iteration : 889  (B r, r) = 2.03884e-12
   Iteration : 890  (B r, r) = 1.74929e-12
   Iteration : 891  (B r, r) = 1.88371e-12
   Iteration : 892  (B r, r) = 2.35497e-12
   Iteration : 893  (B r, r) = 2.52209e-12
   Iteration : 894  (B r, r) = 2.05818e-12
   Iteration : 895  (B r, r) = 1.49714e-12
   Iteration : 896  (B r, r) = 1.0313e-12
   Iteration : 897  (B r, r) = 5.94034e-13
   Iteration : 898  (B r, r) = 3.06998e-13
   Iteration : 899  (B r, r) = 1.71844e-13
   Iteration : 900  (B r, r) = 1.3429e-13
   Iteration : 901  (B r, r) = 1.38601e-13
   Iteration : 902  (B r, r) = 1.3378e-13
   Iteration : 903  (B r, r) = 8.7466e-14
   Iteration : 904  (B r, r) = 4.67918e-14
   Iteration : 905  (B r, r) = 2.66872e-14
   Iteration : 906  (B r, r) = 2.23281e-14
   Iteration : 907  (B r, r) = 3.62992e-14
   Iteration : 908  (B r, r) = 9.01794e-14
   Iteration : 909  (B r, r) = 2.02642e-13
   Iteration : 910  (B r, r) = 3.64216e-13
   Iteration : 911  (B r, r) = 4.81961e-13
   Iteration : 912  (B r, r) = 5.1625e-13
   Iteration : 913  (B r, r) = 5.52379e-13
   Iteration : 914  (B r, r) = 7.3042e-13
   Iteration : 915  (B r, r) = 1.20478e-12
   Iteration : 916  (B r, r) = 1.87378e-12
   Iteration : 917  (B r, r) = 2.05133e-12
   Iteration : 918  (B r, r) = 1.31801e-12
   Iteration : 919  (B r, r) = 7.03091e-13
   Iteration : 920  (B r, r) = 3.56544e-13
   Iteration : 921  (B r, r) = 1.78963e-13
   Iteration : 922  (B r, r) = 1.12585e-13
   Iteration : 923  (B r, r) = 9.1449e-14
   Iteration : 924  (B r, r) = 7.76421e-14
   Iteration : 925  (B r, r) = 6.07396e-14
   Iteration : 926  (B r, r) = 3.76671e-14
   Iteration : 927  (B r, r) = 2.22443e-14
   Iteration : 928  (B r, r) = 1.65611e-14
   Iteration : 929  (B r, r) = 1.78933e-14
   Iteration : 930  (B r, r) = 2.73615e-14
   Iteration : 931  (B r, r) = 4.37766e-14
   Iteration : 932  (B r, r) = 5.64639e-14
   Iteration : 933  (B r, r) = 6.10044e-14
   Iteration : 934  (B r, r) = 6.25742e-14
   Iteration : 935  (B r, r) = 7.70973e-14
   Iteration : 936  (B r, r) = 1.26884e-13
   Iteration : 937  (B r, r) = 2.35165e-13
   Iteration : 938  (B r, r) = 3.68931e-13
   Iteration : 939  (B r, r) = 4.28502e-13
   Iteration : 940  (B r, r) = 3.56662e-13
   Iteration : 941  (B r, r) = 3.06426e-13
   Iteration : 942  (B r, r) = 4.06885e-13
   Iteration : 943  (B r, r) = 6.34948e-13
   Iteration : 944  (B r, r) = 8.53869e-13
   Iteration : 945  (B r, r) = 6.74003e-13
   Iteration : 946  (B r, r) = 3.1968e-13
   Iteration : 947  (B r, r) = 1.26246e-13
   Iteration : 948  (B r, r) = 5.83313e-14
   Iteration : 949  (B r, r) = 3.82887e-14
   Iteration : 950  (B r, r) = 3.58529e-14
   Iteration : 951  (B r, r) = 3.50016e-14
   Iteration : 952  (B r, r) = 3.01588e-14
   Iteration : 953  (B r, r) = 2.25514e-14
   Iteration : 954  (B r, r) = 1.70755e-14
   Iteration : 955  (B r, r) = 1.77779e-14
   Iteration : 956  (B r, r) = 2.5865e-14
   Iteration : 957  (B r, r) = 4.82019e-14
   Iteration : 958  (B r, r) = 8.57937e-14
   Iteration : 959  (B r, r) = 9.60207e-14
   Iteration : 960  (B r, r) = 6.66562e-14
   Iteration : 961  (B r, r) = 4.01716e-14
   Iteration : 962  (B r, r) = 2.87336e-14
   Iteration : 963  (B r, r) = 2.95057e-14
   Iteration : 964  (B r, r) = 3.27018e-14
   Iteration : 965  (B r, r) = 2.57687e-14
   Iteration : 966  (B r, r) = 1.41458e-14
   Iteration : 967  (B r, r) = 1.04577e-14
   Iteration : 968  (B r, r) = 1.28714e-14
   Iteration : 969  (B r, r) = 2.79006e-14
   Iteration : 970  (B r, r) = 7.82782e-14
   Iteration : 971  (B r, r) = 1.85674e-13
   Iteration : 972  (B r, r) = 3.26681e-13
   Iteration : 973  (B r, r) = 3.79554e-13
   Iteration : 974  (B r, r) = 3.09591e-13
   Iteration : 975  (B r, r) = 2.29961e-13
   Iteration : 976  (B r, r) = 2.09717e-13
   Iteration : 977  (B r, r) = 2.30981e-13
   Iteration : 978  (B r, r) = 2.30693e-13
   Iteration : 979  (B r, r) = 1.61804e-13
   Iteration : 980  (B r, r) = 6.58555e-14
   Iteration : 981  (B r, r) = 2.4523e-14
   Iteration : 982  (B r, r) = 9.6207e-15
   Iteration : 983  (B r, r) = 4.53525e-15
   Iteration : 984  (B r, r) = 3.84361e-15
   Iteration : 985  (B r, r) = 5.40451e-15
   Iteration : 986  (B r, r) = 7.1473e-15
   Iteration : 987  (B r, r) = 7.89393e-15
   Iteration : 988  (B r, r) = 7.60234e-15
   Iteration : 989  (B r, r) = 7.33351e-15
   Iteration : 990  (B r, r) = 1.08468e-14
   Iteration : 991  (B r, r) = 2.19973e-14
   Iteration : 992  (B r, r) = 4.64596e-14
   Iteration : 993  (B r, r) = 9.32421e-14
   Iteration : 994  (B r, r) = 1.32527e-13
   Iteration : 995  (B r, r) = 1.31128e-13
   Iteration : 996  (B r, r) = 1.15775e-13
   Iteration : 997  (B r, r) = 1.15965e-13
   Iteration : 998  (B r, r) = 1.37049e-13
   Iteration : 999  (B r, r) = 1.28272e-13
   Iteration : 1000  (B r, r) = 8.08826e-14
   Iteration : 1001  (B r, r) = 4.29718e-14
   Iteration : 1002  (B r, r) = 2.27871e-14
   Iteration : 1003  (B r, r) = 1.2331e-14
   Iteration : 1004  (B r, r) = 8.09386e-15
   Iteration : 1005  (B r, r) = 6.41952e-15
   Iteration : 1006  (B r, r) = 5.15503e-15
   Iteration : 1007  (B r, r) = 4.03906e-15
   Iteration : 1008  (B r, r) = 3.39999e-15
   Iteration : 1009  (B r, r) = 4.29447e-15
   Iteration : 1010  (B r, r) = 7.53809e-15
   Iteration : 1011  (B r, r) = 1.59706e-14
   Iteration : 1012  (B r, r) = 3.55794e-14
   Iteration : 1013  (B r, r) = 6.28257e-14
   Iteration : 1014  (B r, r) = 7.1321e-14
   Iteration : 1015  (B r, r) = 6.14015e-14
   Iteration : 1016  (B r, r) = 5.14464e-14
   Iteration : 1017  (B r, r) = 5.16808e-14
   Iteration : 1018  (B r, r) = 4.84467e-14
   Iteration : 1019  (B r, r) = 3.34221e-14
   Iteration : 1020  (B r, r) = 1.8017e-14
   Iteration : 1021  (B r, r) = 9.26275e-15
   Iteration : 1022  (B r, r) = 6.07253e-15
   Iteration : 1023  (B r, r) = 5.48024e-15
   Iteration : 1024  (B r, r) = 5.34175e-15
   Iteration : 1025  (B r, r) = 4.94974e-15
   Iteration : 1026  (B r, r) = 3.97337e-15
   Iteration : 1027  (B r, r) = 3.33466e-15
   Iteration : 1028  (B r, r) = 4.07455e-15
   Iteration : 1029  (B r, r) = 6.30873e-15
   Iteration : 1030  (B r, r) = 1.19756e-14
   Iteration : 1031  (B r, r) = 1.75458e-14
   Iteration : 1032  (B r, r) = 1.61793e-14
   Iteration : 1033  (B r, r) = 1.06872e-14
   Iteration : 1034  (B r, r) = 8.4446e-15
   Iteration : 1035  (B r, r) = 9.63941e-15
   Iteration : 1036  (B r, r) = 1.23019e-14
   Iteration : 1037  (B r, r) = 1.13215e-14
   Iteration : 1038  (B r, r) = 8.48118e-15
   Iteration : 1039  (B r, r) = 5.95525e-15
   Iteration : 1040  (B r, r) = 5.6786e-15
   Iteration : 1041  (B r, r) = 8.40205e-15
   Iteration : 1042  (B r, r) = 1.60332e-14
   Iteration : 1043  (B r, r) = 2.40649e-14
   Iteration : 1044  (B r, r) = 2.18225e-14
   Iteration : 1045  (B r, r) = 1.51429e-14
   Iteration : 1046  (B r, r) = 1.10928e-14
   Iteration : 1047  (B r, r) = 1.00954e-14
   Iteration : 1048  (B r, r) = 1.04826e-14
   Iteration : 1049  (B r, r) = 9.42412e-15
   Iteration : 1050  (B r, r) = 6.59668e-15
   Iteration : 1051  (B r, r) = 4.60188e-15
   Iteration : 1052  (B r, r) = 4.29308e-15
   Iteration : 1053  (B r, r) = 5.89981e-15
   Iteration : 1054  (B r, r) = 1.05261e-14
   Iteration : 1055  (B r, r) = 1.63711e-14
   Iteration : 1056  (B r, r) = 2.09555e-14
   Iteration : 1057  (B r, r) = 2.15456e-14
   Iteration : 1058  (B r, r) = 2.36312e-14
   Iteration : 1059  (B r, r) = 2.76225e-14
   Iteration : 1060  (B r, r) = 3.12965e-14
   Iteration : 1061  (B r, r) = 3.0344e-14
   Iteration : 1062  (B r, r) = 2.35244e-14
   Iteration : 1063  (B r, r) = 1.25285e-14
   Iteration : 1064  (B r, r) = 8.24677e-15
   Iteration : 1065  (B r, r) = 6.90284e-15
   Iteration : 1066  (B r, r) = 6.6848e-15
   Iteration : 1067  (B r, r) = 6.27403e-15
   Iteration : 1068  (B r, r) = 5.78547e-15
   Iteration : 1069  (B r, r) = 5.75608e-15
   Iteration : 1070  (B r, r) = 6.54899e-15
   Iteration : 1071  (B r, r) = 9.26227e-15
   Iteration : 1072  (B r, r) = 1.18142e-14
   Iteration : 1073  (B r, r) = 1.04116e-14
   Iteration : 1074  (B r, r) = 6.03649e-15
   Iteration : 1075  (B r, r) = 3.12585e-15
   Iteration : 1076  (B r, r) = 1.64527e-15
   Iteration : 1077  (B r, r) = 1.27903e-15
   Iteration : 1078  (B r, r) = 1.47349e-15
   Iteration : 1079  (B r, r) = 1.71006e-15
   Iteration : 1080  (B r, r) = 1.33689e-15
   Iteration : 1081  (B r, r) = 8.45843e-16
   Iteration : 1082  (B r, r) = 7.76456e-16
   Iteration : 1083  (B r, r) = 1.21471e-15
   Iteration : 1084  (B r, r) = 2.57504e-15
   Iteration : 1085  (B r, r) = 4.86065e-15
   Iteration : 1086  (B r, r) = 6.88594e-15
   Iteration : 1087  (B r, r) = 7.7058e-15
   Iteration : 1088  (B r, r) = 8.48826e-15
   Iteration : 1089  (B r, r) = 1.17373e-14
   Iteration : 1090  (B r, r) = 1.64599e-14
   Iteration : 1091  (B r, r) = 1.57483e-14
   Iteration : 1092  (B r, r) = 1.07015e-14
   Iteration : 1093  (B r, r) = 7.58332e-15
   Iteration : 1094  (B r, r) = 7.70281e-15
   Iteration : 1095  (B r, r) = 1.0723e-14
   Iteration : 1096  (B r, r) = 1.41128e-14
   Iteration : 1097  (B r, r) = 1.23692e-14
   Iteration : 1098  (B r, r) = 1.03443e-14
   Iteration : 1099  (B r, r) = 9.74769e-15
   Iteration : 1100  (B r, r) = 1.0393e-14
   Iteration : 1101  (B r, r) = 1.05795e-14
   Iteration : 1102  (B r, r) = 1.02914e-14
   Iteration : 1103  (B r, r) = 7.09504e-15
   Iteration : 1104  (B r, r) = 5.29578e-15
   Iteration : 1105  (B r, r) = 4.28284e-15
   Iteration : 1106  (B r, r) = 4.20242e-15
   Iteration : 1107  (B r, r) = 3.6941e-15
   Iteration : 1108  (B r, r) = 2.71435e-15
   Iteration : 1109  (B r, r) = 1.85119e-15
   Iteration : 1110  (B r, r) = 1.42885e-15
   Iteration : 1111  (B r, r) = 1.52405e-15
   Iteration : 1112  (B r, r) = 2.01373e-15
   Iteration : 1113  (B r, r) = 2.16367e-15
   Iteration : 1114  (B r, r) = 1.55502e-15
   Iteration : 1115  (B r, r) = 8.24741e-16
   Iteration : 1116  (B r, r) = 4.99934e-16
   Iteration : 1117  (B r, r) = 4.88454e-16
   Iteration : 1118  (B r, r) = 6.56595e-16
   Iteration : 1119  (B r, r) = 7.54786e-16
   Iteration : 1120  (B r, r) = 6.4858e-16
   Iteration : 1121  (B r, r) = 6.91262e-16
   Iteration : 1122  (B r, r) = 9.62972e-16
   Iteration : 1123  (B r, r) = 1.74111e-15
   Iteration : 1124  (B r, r) = 3.29976e-15
   Iteration : 1125  (B r, r) = 5.61233e-15
   Iteration : 1126  (B r, r) = 7.50929e-15
   Iteration : 1127  (B r, r) = 7.09283e-15
   Iteration : 1128  (B r, r) = 6.39524e-15
   Iteration : 1129  (B r, r) = 7.02706e-15
   Iteration : 1130  (B r, r) = 7.28633e-15
   Iteration : 1131  (B r, r) = 5.3962e-15
   Iteration : 1132  (B r, r) = 3.0699e-15
   Iteration : 1133  (B r, r) = 2.05085e-15
   Iteration : 1134  (B r, r) = 2.12982e-15
   Iteration : 1135  (B r, r) = 3.17863e-15
   Iteration : 1136  (B r, r) = 4.52258e-15
   Iteration : 1137  (B r, r) = 4.7013e-15
   Iteration : 1138  (B r, r) = 4.25633e-15
   Iteration : 1139  (B r, r) = 3.90983e-15
   Iteration : 1140  (B r, r) = 3.76237e-15
   Iteration : 1141  (B r, r) = 3.81971e-15
   Iteration : 1142  (B r, r) = 3.32343e-15
   Iteration : 1143  (B r, r) = 2.18474e-15
   Iteration : 1144  (B r, r) = 1.13805e-15
   Iteration : 1145  (B r, r) = 7.21264e-16
   Iteration : 1146  (B r, r) = 6.69402e-16
   Iteration : 1147  (B r, r) = 7.32267e-16
   Iteration : 1148  (B r, r) = 6.61148e-16
   Iteration : 1149  (B r, r) = 5.56592e-16
   Iteration : 1150  (B r, r) = 5.60633e-16
   Iteration : 1151  (B r, r) = 7.47755e-16
   Iteration : 1152  (B r, r) = 1.09684e-15
   Iteration : 1153  (B r, r) = 1.2435e-15
   Iteration : 1154  (B r, r) = 7.96821e-16
   Iteration : 1155  (B r, r) = 5.11942e-16
   Iteration : 1156  (B r, r) = 4.39708e-16
   Iteration : 1157  (B r, r) = 5.83777e-16
   Iteration : 1158  (B r, r) = 9.30493e-16
   Iteration : 1159  (B r, r) = 1.08808e-15
   Iteration : 1160  (B r, r) = 1.10679e-15
   Iteration : 1161  (B r, r) = 1.51143e-15
   Iteration : 1162  (B r, r) = 2.87657e-15
   Iteration : 1163  (B r, r) = 5.13637e-15
   Iteration : 1164  (B r, r) = 5.26157e-15
   Iteration : 1165  (B r, r) = 3.57316e-15
   Iteration : 1166  (B r, r) = 2.41139e-15
   Iteration : 1167  (B r, r) = 1.85228e-15
   Iteration : 1168  (B r, r) = 1.98064e-15
   Iteration : 1169  (B r, r) = 1.7541e-15
   Iteration : 1170  (B r, r) = 1.02993e-15
   Iteration : 1171  (B r, r) = 5.39452e-16
   Iteration : 1172  (B r, r) = 3.56879e-16
   Iteration : 1173  (B r, r) = 3.89922e-16
   Iteration : 1174  (B r, r) = 4.65316e-16
   Iteration : 1175  (B r, r) = 4.1765e-16
   Iteration : 1176  (B r, r) = 3.29864e-16
   Iteration : 1177  (B r, r) = 2.87398e-16
   Iteration : 1178  (B r, r) = 3.67027e-16
   Iteration : 1179  (B r, r) = 5.09792e-16
   Iteration : 1180  (B r, r) = 4.97803e-16
   Iteration : 1181  (B r, r) = 3.60751e-16
   Iteration : 1182  (B r, r) = 2.4738e-16
   Iteration : 1183  (B r, r) = 2.11336e-16
   Iteration : 1184  (B r, r) = 2.66317e-16
   Iteration : 1185  (B r, r) = 4.69688e-16
   Iteration : 1186  (B r, r) = 8.97655e-16
   Iteration : 1187  (B r, r) = 1.57992e-15
   Iteration : 1188  (B r, r) = 2.373e-15
   Iteration : 1189  (B r, r) = 3.13541e-15
   Iteration : 1190  (B r, r) = 3.86319e-15
   Iteration : 1191  (B r, r) = 5.27277e-15
   Iteration : 1192  (B r, r) = 5.85895e-15
   Iteration : 1193  (B r, r) = 3.61576e-15
   Iteration : 1194  (B r, r) = 1.66619e-15
   Iteration : 1195  (B r, r) = 8.94979e-16
   Iteration : 1196  (B r, r) = 7.05597e-16
   Iteration : 1197  (B r, r) = 6.16628e-16
   Iteration : 1198  (B r, r) = 4.51295e-16
   Iteration : 1199  (B r, r) = 2.43632e-16
   Iteration : 1200  (B r, r) = 1.32421e-16
   Iteration : 1201  (B r, r) = 9.61305e-17
   Iteration : 1202  (B r, r) = 1.05837e-16
   Iteration : 1203  (B r, r) = 1.31386e-16
   Iteration : 1204  (B r, r) = 1.42364e-16
   Iteration : 1205  (B r, r) = 1.38551e-16
   Iteration : 1206  (B r, r) = 1.46943e-16
   Iteration : 1207  (B r, r) = 2.01618e-16
   Iteration : 1208  (B r, r) = 2.55127e-16
   Iteration : 1209  (B r, r) = 2.73895e-16
   Iteration : 1210  (B r, r) = 2.20437e-16
   Iteration : 1211  (B r, r) = 1.46123e-16
   Iteration : 1212  (B r, r) = 1.26078e-16
   Iteration : 1213  (B r, r) = 1.7074e-16
   Iteration : 1214  (B r, r) = 2.52172e-16
   Iteration : 1215  (B r, r) = 4.07851e-16
   Iteration : 1216  (B r, r) = 5.21855e-16
   Iteration : 1217  (B r, r) = 5.44883e-16
   Iteration : 1218  (B r, r) = 6.91234e-16
   Iteration : 1219  (B r, r) = 1.12383e-15
   Iteration : 1220  (B r, r) = 1.71621e-15
   Iteration : 1221  (B r, r) = 1.4021e-15
   Iteration : 1222  (B r, r) = 8.48737e-16
   Iteration : 1223  (B r, r) = 5.58356e-16
   Iteration : 1224  (B r, r) = 4.99771e-16
   Iteration : 1225  (B r, r) = 5.94364e-16
   Iteration : 1226  (B r, r) = 6.57481e-16
   Iteration : 1227  (B r, r) = 6.04e-16
   Iteration : 1228  (B r, r) = 6.77147e-16
   Iteration : 1229  (B r, r) = 1.00459e-15
   Iteration : 1230  (B r, r) = 1.61884e-15
   Iteration : 1231  (B r, r) = 1.88988e-15
   Iteration : 1232  (B r, r) = 1.14359e-15
   Iteration : 1233  (B r, r) = 4.77302e-16
   Iteration : 1234  (B r, r) = 2.28301e-16
   Iteration : 1235  (B r, r) = 1.45716e-16
   Iteration : 1236  (B r, r) = 1.0406e-16
   Iteration : 1237  (B r, r) = 6.7562e-17
   Iteration : 1238  (B r, r) = 3.99747e-17
   Iteration : 1239  (B r, r) = 2.89138e-17
   Iteration : 1240  (B r, r) = 2.94516e-17
   Iteration : 1241  (B r, r) = 4.51912e-17
   Iteration : 1242  (B r, r) = 8.03268e-17
   Iteration : 1243  (B r, r) = 1.1861e-16
   Iteration : 1244  (B r, r) = 1.12136e-16
   Iteration : 1245  (B r, r) = 1.03008e-16
   Iteration : 1246  (B r, r) = 1.102e-16
   Iteration : 1247  (B r, r) = 1.30326e-16
   Iteration : 1248  (B r, r) = 1.49834e-16
   Iteration : 1249  (B r, r) = 1.4916e-16
   Iteration : 1250  (B r, r) = 1.87459e-16
   Iteration : 1251  (B r, r) = 3.4507e-16
   Iteration : 1252  (B r, r) = 6.88661e-16
   Iteration : 1253  (B r, r) = 1.03344e-15
   Iteration : 1254  (B r, r) = 1.07091e-15
   Iteration : 1255  (B r, r) = 9.5717e-16
   Iteration : 1256  (B r, r) = 7.52845e-16
   Iteration : 1257  (B r, r) = 5.54258e-16
   Iteration : 1258  (B r, r) = 4.33098e-16
   Iteration : 1259  (B r, r) = 3.18103e-16
   Iteration : 1260  (B r, r) = 2.40132e-16
   Iteration : 1261  (B r, r) = 2.20304e-16
   Iteration : 1262  (B r, r) = 2.61876e-16
   Iteration : 1263  (B r, r) = 3.39676e-16
   Iteration : 1264  (B r, r) = 3.25032e-16
   Iteration : 1265  (B r, r) = 2.12197e-16
   Iteration : 1266  (B r, r) = 1.21233e-16
   Iteration : 1267  (B r, r) = 8.45438e-17
   Iteration : 1268  (B r, r) = 5.96785e-17
   Iteration : 1269  (B r, r) = 3.72388e-17
   Iteration : 1270  (B r, r) = 2.20823e-17
   Iteration : 1271  (B r, r) = 1.56553e-17
   Iteration : 1272  (B r, r) = 1.75605e-17
   Iteration : 1273  (B r, r) = 3.08977e-17
   Iteration : 1274  (B r, r) = 5.3146e-17
   Iteration : 1275  (B r, r) = 5.53612e-17
   Iteration : 1276  (B r, r) = 4.58494e-17
   Iteration : 1277  (B r, r) = 4.63121e-17
   Iteration : 1278  (B r, r) = 5.27466e-17
   Iteration : 1279  (B r, r) = 5.96323e-17
   Iteration : 1280  (B r, r) = 5.49275e-17
   Iteration : 1281  (B r, r) = 5.12382e-17
   Iteration : 1282  (B r, r) = 6.48822e-17
   Iteration : 1283  (B r, r) = 9.77452e-17
   Iteration : 1284  (B r, r) = 1.42341e-16
   Iteration : 1285  (B r, r) = 1.67049e-16
   Iteration : 1286  (B r, r) = 1.5086e-16
   Iteration : 1287  (B r, r) = 1.4821e-16
   Iteration : 1288  (B r, r) = 1.93201e-16
   Iteration : 1289  (B r, r) = 2.2604e-16
   Iteration : 1290  (B r, r) = 2.19689e-16
   Iteration : 1291  (B r, r) = 2.24695e-16
   Iteration : 1292  (B r, r) = 2.80446e-16
   Iteration : 1293  (B r, r) = 4.56343e-16
   Iteration : 1294  (B r, r) = 6.93712e-16
   Iteration : 1295  (B r, r) = 6.12186e-16
   Iteration : 1296  (B r, r) = 2.65382e-16
   Iteration : 1297  (B r, r) = 1.12955e-16
   Iteration : 1298  (B r, r) = 6.36141e-17
   Iteration : 1299  (B r, r) = 4.33043e-17
   Iteration : 1300  (B r, r) = 2.99535e-17
   Iteration : 1301  (B r, r) = 1.80414e-17
   Iteration : 1302  (B r, r) = 1.15399e-17
   Iteration : 1303  (B r, r) = 1.11482e-17
   Iteration : 1304  (B r, r) = 1.51454e-17
   Iteration : 1305  (B r, r) = 1.91648e-17
   Iteration : 1306  (B r, r) = 1.5441e-17
   Iteration : 1307  (B r, r) = 9.95406e-18
   Iteration : 1308  (B r, r) = 7.89701e-18
   Iteration : 1309  (B r, r) = 8.81169e-18
   Iteration : 1310  (B r, r) = 1.22873e-17
   Iteration : 1311  (B r, r) = 1.49396e-17
   Iteration : 1312  (B r, r) = 1.91282e-17
   Iteration : 1313  (B r, r) = 3.73348e-17
   Iteration : 1314  (B r, r) = 1.0191e-16
   Iteration : 1315  (B r, r) = 2.26488e-16
   Iteration : 1316  (B r, r) = 3.16842e-16
   Iteration : 1317  (B r, r) = 2.81874e-16
   Iteration : 1318  (B r, r) = 2.25556e-16
   Iteration : 1319  (B r, r) = 1.94325e-16
   Iteration : 1320  (B r, r) = 1.51731e-16
   Iteration : 1321  (B r, r) = 9.43842e-17
   Iteration : 1322  (B r, r) = 5.99865e-17
   Iteration : 1323  (B r, r) = 4.83109e-17
   Iteration : 1324  (B r, r) = 5.15123e-17
   Iteration : 1325  (B r, r) = 5.81334e-17
   Iteration : 1326  (B r, r) = 4.37895e-17
   Iteration : 1327  (B r, r) = 2.47588e-17
   Iteration : 1328  (B r, r) = 1.76831e-17
   Iteration : 1329  (B r, r) = 1.63537e-17
   Iteration : 1330  (B r, r) = 1.20613e-17
   Iteration : 1331  (B r, r) = 5.90234e-18
   Iteration : 1332  (B r, r) = 3.36864e-18
   Iteration : 1333  (B r, r) = 3.57175e-18
   Iteration : 1334  (B r, r) = 5.76815e-18
   Iteration : 1335  (B r, r) = 9.39819e-18
   Iteration : 1336  (B r, r) = 1.0631e-17
   Iteration : 1337  (B r, r) = 9.61569e-18
   Iteration : 1338  (B r, r) = 1.12255e-17
   Iteration : 1339  (B r, r) = 1.41904e-17
   Iteration : 1340  (B r, r) = 1.44744e-17
   Iteration : 1341  (B r, r) = 1.25153e-17
   Iteration : 1342  (B r, r) = 1.39728e-17
   Iteration : 1343  (B r, r) = 2.60049e-17
   Iteration : 1344  (B r, r) = 5.58431e-17
   Iteration : 1345  (B r, r) = 8.41169e-17
   Iteration : 1346  (B r, r) = 9.50901e-17
   Iteration : 1347  (B r, r) = 9.00829e-17
   Iteration : 1348  (B r, r) = 1.03862e-16
   Iteration : 1349  (B r, r) = 1.10008e-16
   Iteration : 1350  (B r, r) = 7.59759e-17
   Iteration : 1351  (B r, r) = 4.54052e-17
   Iteration : 1352  (B r, r) = 3.80036e-17
   Iteration : 1353  (B r, r) = 4.95316e-17
   Iteration : 1354  (B r, r) = 6.42256e-17
   Iteration : 1355  (B r, r) = 5.23039e-17
   Iteration : 1356  (B r, r) = 2.51366e-17
   Iteration : 1357  (B r, r) = 1.27302e-17
   Iteration : 1358  (B r, r) = 7.10657e-18
   Iteration : 1359  (B r, r) = 4.45771e-18
   Iteration : 1360  (B r, r) = 2.87319e-18
   Iteration : 1361  (B r, r) = 1.80501e-18
Average reduction factor = 0.983155

|| F_h - F ||_{L^2} = 0.0147128

