Options used:
   --mesh ../data/square-disc.mesh
   --order 1
   --no-partial-assembly
   --device cpu
   --visualization
Device configuration: cpu
Memory configuration: host-std
***********************************************************
dim(R) = 49664
dim(W) = 29568
dim(R+W) = 79232
***********************************************************
MINRES: iteration   0: ||r||_B = 48.0543
MINRES: iteration   1: ||r||_B = 37.3534
MINRES: iteration   2: ||r||_B = 24.5149
MINRES: iteration   3: ||r||_B = 14.2367
MINRES: iteration   4: ||r||_B = 13.4924
MINRES: iteration   5: ||r||_B = 11.5289
MINRES: iteration   6: ||r||_B = 8.30265
MINRES: iteration   7: ||r||_B = 7.80945
MINRES: iteration   8: ||r||_B = 7.34454
MINRES: iteration   9: ||r||_B = 5.95975
MINRES: iteration  10: ||r||_B = 5.66023
MINRES: iteration  11: ||r||_B = 5.28128
MINRES: iteration  12: ||r||_B = 4.3048
MINRES: iteration  13: ||r||_B = 4.18538
MINRES: iteration  14: ||r||_B = 3.91704
MINRES: iteration  15: ||r||_B = 3.41346
MINRES: iteration  16: ||r||_B = 3.37228
MINRES: iteration  17: ||r||_B = 3.13826
MINRES: iteration  18: ||r||_B = 2.77575
MINRES: iteration  19: ||r||_B = 2.7598
MINRES: iteration  20: ||r||_B = 2.58543
MINRES: iteration  21: ||r||_B = 2.33444
MINRES: iteration  22: ||r||_B = 2.32874
MINRES: iteration  23: ||r||_B = 2.16378
MINRES: iteration  24: ||r||_B = 1.97254
MINRES: iteration  25: ||r||_B = 1.97239
MINRES: iteration  26: ||r||_B = 1.82708
MINRES: iteration  27: ||r||_B = 1.69956
MINRES: iteration  28: ||r||_B = 1.69885
MINRES: iteration  29: ||r||_B = 1.56257
MINRES: iteration  30: ||r||_B = 1.48196
MINRES: iteration  31: ||r||_B = 1.47777
MINRES: iteration  32: ||r||_B = 1.35717
MINRES: iteration  33: ||r||_B = 1.30858
MINRES: iteration  34: ||r||_B = 1.29688
MINRES: iteration  35: ||r||_B = 1.1983
MINRES: iteration  36: ||r||_B = 1.17292
MINRES: iteration  37: ||r||_B = 1.15608
MINRES: iteration  38: ||r||_B = 1.07493
MINRES: iteration  39: ||r||_B = 1.06266
MINRES: iteration  40: ||r||_B = 1.03792
MINRES: iteration  41: ||r||_B = 0.974952
MINRES: iteration  42: ||r||_B = 0.96918
MINRES: iteration  43: ||r||_B = 0.943365
MINRES: iteration  44: ||r||_B = 0.892742
MINRES: iteration  45: ||r||_B = 0.890855
MINRES: iteration  46: ||r||_B = 0.865367
MINRES: iteration  47: ||r||_B = 0.827459
MINRES: iteration  48: ||r||_B = 0.825492
MINRES: iteration  49: ||r||_B = 0.806973
MINRES: iteration  50: ||r||_B = 0.77003
MINRES: iteration  51: ||r||_B = 0.766523
MINRES: iteration  52: ||r||_B = 0.750999
MINRES: iteration  53: ||r||_B = 0.717086
MINRES: iteration  54: ||r||_B = 0.714516
MINRES: iteration  55: ||r||_B = 0.700741
MINRES: iteration  56: ||r||_B = 0.671929
MINRES: iteration  57: ||r||_B = 0.668364
MINRES: iteration  58: ||r||_B = 0.658084
MINRES: iteration  59: ||r||_B = 0.629497
MINRES: iteration  60: ||r||_B = 0.626131
MINRES: iteration  61: ||r||_B = 0.615758
MINRES: iteration  62: ||r||_B = 0.590427
MINRES: iteration  63: ||r||_B = 0.587293
MINRES: iteration  64: ||r||_B = 0.578067
MINRES: iteration  65: ||r||_B = 0.554013
MINRES: iteration  66: ||r||_B = 0.551221
MINRES: iteration  67: ||r||_B = 0.541904
MINRES: iteration  68: ||r||_B = 0.521069
MINRES: iteration  69: ||r||_B = 0.518984
MINRES: iteration  70: ||r||_B = 0.510103
MINRES: iteration  71: ||r||_B = 0.490753
MINRES: iteration  72: ||r||_B = 0.488103
MINRES: iteration  73: ||r||_B = 0.480837
MINRES: iteration  74: ||r||_B = 0.462727
MINRES: iteration  75: ||r||_B = 0.460709
MINRES: iteration  76: ||r||_B = 0.453929
MINRES: iteration  77: ||r||_B = 0.439223
MINRES: iteration  78: ||r||_B = 0.436955
MINRES: iteration  79: ||r||_B = 0.432105
MINRES: iteration  80: ||r||_B = 0.417904
MINRES: iteration  81: ||r||_B = 0.415565
MINRES: iteration  82: ||r||_B = 0.411372
MINRES: iteration  83: ||r||_B = 0.399188
MINRES: iteration  84: ||r||_B = 0.396707
MINRES: iteration  85: ||r||_B = 0.393559
MINRES: iteration  86: ||r||_B = 0.382233
MINRES: iteration  87: ||r||_B = 0.379514
MINRES: iteration  88: ||r||_B = 0.37745
MINRES: iteration  89: ||r||_B = 0.367077
MINRES: iteration  90: ||r||_B = 0.363722
MINRES: iteration  91: ||r||_B = 0.362142
MINRES: iteration  92: ||r||_B = 0.352338
MINRES: iteration  93: ||r||_B = 0.34893
MINRES: iteration  94: ||r||_B = 0.347787
MINRES: iteration  95: ||r||_B = 0.338747
MINRES: iteration  96: ||r||_B = 0.33467
MINRES: iteration  97: ||r||_B = 0.333898
MINRES: iteration  98: ||r||_B = 0.3251
MINRES: iteration  99: ||r||_B = 0.321059
MINRES: iteration 100: ||r||_B = 0.320382
MINRES: iteration 101: ||r||_B = 0.312279
MINRES: iteration 102: ||r||_B = 0.308381
MINRES: iteration 103: ||r||_B = 0.307964
MINRES: iteration 104: ||r||_B = 0.300803
MINRES: iteration 105: ||r||_B = 0.297096
MINRES: iteration 106: ||r||_B = 0.296821
MINRES: iteration 107: ||r||_B = 0.290604
MINRES: iteration 108: ||r||_B = 0.28673
MINRES: iteration 109: ||r||_B = 0.286619
MINRES: iteration 110: ||r||_B = 0.281282
MINRES: iteration 111: ||r||_B = 0.277066
MINRES: iteration 112: ||r||_B = 0.277047
MINRES: iteration 113: ||r||_B = 0.27202
MINRES: iteration 114: ||r||_B = 0.267685
MINRES: iteration 115: ||r||_B = 0.267685
MINRES: iteration 116: ||r||_B = 0.26355
MINRES: iteration 117: ||r||_B = 0.258962
MINRES: iteration 118: ||r||_B = 0.258919
MINRES: iteration 119: ||r||_B = 0.255567
MINRES: iteration 120: ||r||_B = 0.251047
MINRES: iteration 121: ||r||_B = 0.250887
MINRES: iteration 122: ||r||_B = 0.248017
MINRES: iteration 123: ||r||_B = 0.243332
MINRES: iteration 124: ||r||_B = 0.243014
MINRES: iteration 125: ||r||_B = 0.240549
MINRES: iteration 126: ||r||_B = 0.23558
MINRES: iteration 127: ||r||_B = 0.235221
MINRES: iteration 128: ||r||_B = 0.232721
MINRES: iteration 129: ||r||_B = 0.227981
MINRES: iteration 130: ||r||_B = 0.22761
MINRES: iteration 131: ||r||_B = 0.225623
MINRES: iteration 132: ||r||_B = 0.221388
MINRES: iteration 133: ||r||_B = 0.220892
MINRES: iteration 134: ||r||_B = 0.219204
MINRES: iteration 135: ||r||_B = 0.215235
MINRES: iteration 136: ||r||_B = 0.214805
MINRES: iteration 137: ||r||_B = 0.213282
MINRES: iteration 138: ||r||_B = 0.209554
MINRES: iteration 139: ||r||_B = 0.209158
MINRES: iteration 140: ||r||_B = 0.207814
MINRES: iteration 141: ||r||_B = 0.204333
MINRES: iteration 142: ||r||_B = 0.203829
MINRES: iteration 143: ||r||_B = 0.202643
MINRES: iteration 144: ||r||_B = 0.199373
MINRES: iteration 145: ||r||_B = 0.198897
MINRES: iteration 146: ||r||_B = 0.197918
MINRES: iteration 147: ||r||_B = 0.194858
MINRES: iteration 148: ||r||_B = 0.194322
MINRES: iteration 149: ||r||_B = 0.193452
MINRES: iteration 150: ||r||_B = 0.190671
MINRES: iteration 151: ||r||_B = 0.190158
MINRES: iteration 152: ||r||_B = 0.189473
MINRES: iteration 153: ||r||_B = 0.187097
MINRES: iteration 154: ||r||_B = 0.186561
MINRES: iteration 155: ||r||_B = 0.186069
MINRES: iteration 156: ||r||_B = 0.18407
MINRES: iteration 157: ||r||_B = 0.183489
MINRES: iteration 158: ||r||_B = 0.183178
MINRES: iteration 159: ||r||_B = 0.181338
MINRES: iteration 160: ||r||_B = 0.180689
MINRES: iteration 161: ||r||_B = 0.180478
MINRES: iteration 162: ||r||_B = 0.178804
MINRES: iteration 163: ||r||_B = 0.178102
MINRES: iteration 164: ||r||_B = 0.177954
MINRES: iteration 165: ||r||_B = 0.176427
MINRES: iteration 166: ||r||_B = 0.175679
MINRES: iteration 167: ||r||_B = 0.175588
MINRES: iteration 168: ||r||_B = 0.174113
MINRES: iteration 169: ||r||_B = 0.173299
MINRES: iteration 170: ||r||_B = 0.173203
MINRES: iteration 171: ||r||_B = 0.17174
MINRES: iteration 172: ||r||_B = 0.170988
MINRES: iteration 173: ||r||_B = 0.170918
MINRES: iteration 174: ||r||_B = 0.169581
MINRES: iteration 175: ||r||_B = 0.168808
MINRES: iteration 176: ||r||_B = 0.168747
MINRES: iteration 177: ||r||_B = 0.167381
MINRES: iteration 178: ||r||_B = 0.166634
MINRES: iteration 179: ||r||_B = 0.16656
MINRES: iteration 180: ||r||_B = 0.165314
MINRES: iteration 181: ||r||_B = 0.164608
MINRES: iteration 182: ||r||_B = 0.164555
MINRES: iteration 183: ||r||_B = 0.163373
MINRES: iteration 184: ||r||_B = 0.162715
MINRES: iteration 185: ||r||_B = 0.162651
MINRES: iteration 186: ||r||_B = 0.161554
MINRES: iteration 187: ||r||_B = 0.160966
MINRES: iteration 188: ||r||_B = 0.160909
MINRES: iteration 189: ||r||_B = 0.159929
MINRES: iteration 190: ||r||_B = 0.159362
MINRES: iteration 191: ||r||_B = 0.159333
MINRES: iteration 192: ||r||_B = 0.15847
MINRES: iteration 193: ||r||_B = 0.157855
MINRES: iteration 194: ||r||_B = 0.157843
MINRES: iteration 195: ||r||_B = 0.157019
MINRES: iteration 196: ||r||_B = 0.156311
MINRES: iteration 197: ||r||_B = 0.156307
MINRES: iteration 198: ||r||_B = 0.155514
MINRES: iteration 199: ||r||_B = 0.154776
MINRES: iteration 200: ||r||_B = 0.154776
MINRES: iteration 201: ||r||_B = 0.154
MINRES: iteration 202: ||r||_B = 0.15319
MINRES: iteration 203: ||r||_B = 0.153189
MINRES: iteration 204: ||r||_B = 0.15244
MINRES: iteration 205: ||r||_B = 0.151538
MINRES: iteration 206: ||r||_B = 0.151533
MINRES: iteration 207: ||r||_B = 0.150785
MINRES: iteration 208: ||r||_B = 0.149863
MINRES: iteration 209: ||r||_B = 0.149856
MINRES: iteration 210: ||r||_B = 0.149151
MINRES: iteration 211: ||r||_B = 0.148229
MINRES: iteration 212: ||r||_B = 0.148205
MINRES: iteration 213: ||r||_B = 0.147538
MINRES: iteration 214: ||r||_B = 0.146516
MINRES: iteration 215: ||r||_B = 0.146485
MINRES: iteration 216: ||r||_B = 0.14577
MINRES: iteration 217: ||r||_B = 0.14468
MINRES: iteration 218: ||r||_B = 0.144652
MINRES: iteration 219: ||r||_B = 0.143925
MINRES: iteration 220: ||r||_B = 0.142857
MINRES: iteration 221: ||r||_B = 0.142808
MINRES: iteration 222: ||r||_B = 0.142154
MINRES: iteration 223: ||r||_B = 0.141004
MINRES: iteration 224: ||r||_B = 0.140917
MINRES: iteration 225: ||r||_B = 0.140359
MINRES: iteration 226: ||r||_B = 0.139138
MINRES: iteration 227: ||r||_B = 0.138986
MINRES: iteration 228: ||r||_B = 0.138494
MINRES: iteration 229: ||r||_B = 0.137206
MINRES: iteration 230: ||r||_B = 0.137
MINRES: iteration 231: ||r||_B = 0.136577
MINRES: iteration 232: ||r||_B = 0.135202
MINRES: iteration 233: ||r||_B = 0.134918
MINRES: iteration 234: ||r||_B = 0.13456
MINRES: iteration 235: ||r||_B = 0.133172
MINRES: iteration 236: ||r||_B = 0.132809
MINRES: iteration 237: ||r||_B = 0.132536
MINRES: iteration 238: ||r||_B = 0.131081
MINRES: iteration 239: ||r||_B = 0.130595
MINRES: iteration 240: ||r||_B = 0.130398
MINRES: iteration 241: ||r||_B = 0.128927
MINRES: iteration 242: ||r||_B = 0.128379
MINRES: iteration 243: ||r||_B = 0.128226
MINRES: iteration 244: ||r||_B = 0.126798
MINRES: iteration 245: ||r||_B = 0.1262
MINRES: iteration 246: ||r||_B = 0.126037
MINRES: iteration 247: ||r||_B = 0.124626
MINRES: iteration 248: ||r||_B = 0.123988
MINRES: iteration 249: ||r||_B = 0.123878
MINRES: iteration 250: ||r||_B = 0.122474
MINRES: iteration 251: ||r||_B = 0.121695
MINRES: iteration 252: ||r||_B = 0.1216
MINRES: iteration 253: ||r||_B = 0.120137
MINRES: iteration 254: ||r||_B = 0.119288
MINRES: iteration 255: ||r||_B = 0.119223
MINRES: iteration 256: ||r||_B = 0.117723
MINRES: iteration 257: ||r||_B = 0.116678
MINRES: iteration 258: ||r||_B = 0.116632
MINRES: iteration 259: ||r||_B = 0.115108
MINRES: iteration 260: ||r||_B = 0.114009
MINRES: iteration 261: ||r||_B = 0.114002
MINRES: iteration 262: ||r||_B = 0.112676
MINRES: iteration 263: ||r||_B = 0.111299
MINRES: iteration 264: ||r||_B = 0.111299
MINRES: iteration 265: ||r||_B = 0.109882
MINRES: iteration 266: ||r||_B = 0.108515
MINRES: iteration 267: ||r||_B = 0.108509
MINRES: iteration 268: ||r||_B = 0.106998
MINRES: iteration 269: ||r||_B = 0.105728
MINRES: iteration 270: ||r||_B = 0.10572
MINRES: iteration 271: ||r||_B = 0.10424
MINRES: iteration 272: ||r||_B = 0.102902
MINRES: iteration 273: ||r||_B = 0.1029
MINRES: iteration 274: ||r||_B = 0.101479
MINRES: iteration 275: ||r||_B = 0.100087
MINRES: iteration 276: ||r||_B = 0.100086
MINRES: iteration 277: ||r||_B = 0.0987898
MINRES: iteration 278: ||r||_B = 0.0973109
MINRES: iteration 279: ||r||_B = 0.0973041
MINRES: iteration 280: ||r||_B = 0.0960256
MINRES: iteration 281: ||r||_B = 0.0945314
MINRES: iteration 282: ||r||_B = 0.0945213
MINRES: iteration 283: ||r||_B = 0.0933309
MINRES: iteration 284: ||r||_B = 0.0918603
MINRES: iteration 285: ||r||_B = 0.0918281
MINRES: iteration 286: ||r||_B = 0.0908265
MINRES: iteration 287: ||r||_B = 0.0893379
MINRES: iteration 288: ||r||_B = 0.0892756
MINRES: iteration 289: ||r||_B = 0.0883438
MINRES: iteration 290: ||r||_B = 0.0868715
MINRES: iteration 291: ||r||_B = 0.0868127
MINRES: iteration 292: ||r||_B = 0.0859798
MINRES: iteration 293: ||r||_B = 0.0845915
MINRES: iteration 294: ||r||_B = 0.0845033
MINRES: iteration 295: ||r||_B = 0.0837807
MINRES: iteration 296: ||r||_B = 0.0823936
MINRES: iteration 297: ||r||_B = 0.0822706
MINRES: iteration 298: ||r||_B = 0.0817148
MINRES: iteration 299: ||r||_B = 0.0803313
MINRES: iteration 300: ||r||_B = 0.0801285
MINRES: iteration 301: ||r||_B = 0.0796894
MINRES: iteration 302: ||r||_B = 0.0782788
MINRES: iteration 303: ||r||_B = 0.0780294
MINRES: iteration 304: ||r||_B = 0.0776356
MINRES: iteration 305: ||r||_B = 0.07628
MINRES: iteration 306: ||r||_B = 0.0759277
MINRES: iteration 307: ||r||_B = 0.0756334
MINRES: iteration 308: ||r||_B = 0.074137
MINRES: iteration 309: ||r||_B = 0.0736762
MINRES: iteration 310: ||r||_B = 0.0733432
MINRES: iteration 311: ||r||_B = 0.0716662
MINRES: iteration 312: ||r||_B = 0.0712365
MINRES: iteration 313: ||r||_B = 0.0708461
MINRES: iteration 314: ||r||_B = 0.0691621
MINRES: iteration 315: ||r||_B = 0.0686826
MINRES: iteration 316: ||r||_B = 0.0683485
MINRES: iteration 317: ||r||_B = 0.0665778
MINRES: iteration 318: ||r||_B = 0.0660596
MINRES: iteration 319: ||r||_B = 0.065721
MINRES: iteration 320: ||r||_B = 0.0639877
MINRES: iteration 321: ||r||_B = 0.0634973
MINRES: iteration 322: ||r||_B = 0.063255
MINRES: iteration 323: ||r||_B = 0.0616901
MINRES: iteration 324: ||r||_B = 0.0610942
MINRES: iteration 325: ||r||_B = 0.0609366
MINRES: iteration 326: ||r||_B = 0.0595155
MINRES: iteration 327: ||r||_B = 0.0589275
MINRES: iteration 328: ||r||_B = 0.0588114
MINRES: iteration 329: ||r||_B = 0.0575411
MINRES: iteration 330: ||r||_B = 0.0569021
MINRES: iteration 331: ||r||_B = 0.0568563
MINRES: iteration 332: ||r||_B = 0.0557753
MINRES: iteration 333: ||r||_B = 0.0550602
MINRES: iteration 334: ||r||_B = 0.0550424
MINRES: iteration 335: ||r||_B = 0.0540855
MINRES: iteration 336: ||r||_B = 0.0533193
MINRES: iteration 337: ||r||_B = 0.0533161
MINRES: iteration 338: ||r||_B = 0.0524623
MINRES: iteration 339: ||r||_B = 0.051701
MINRES: iteration 340: ||r||_B = 0.0517001
MINRES: iteration 341: ||r||_B = 0.050943
MINRES: iteration 342: ||r||_B = 0.0501878
MINRES: iteration 343: ||r||_B = 0.0501874
MINRES: iteration 344: ||r||_B = 0.0494847
MINRES: iteration 345: ||r||_B = 0.04875
MINRES: iteration 346: ||r||_B = 0.0487494
MINRES: iteration 347: ||r||_B = 0.0481024
MINRES: iteration 348: ||r||_B = 0.0473883
MINRES: iteration 349: ||r||_B = 0.0473853
MINRES: iteration 350: ||r||_B = 0.0467698
MINRES: iteration 351: ||r||_B = 0.0460739
MINRES: iteration 352: ||r||_B = 0.0460733
MINRES: iteration 353: ||r||_B = 0.0454719
MINRES: iteration 354: ||r||_B = 0.0448485
MINRES: iteration 355: ||r||_B = 0.0448446
MINRES: iteration 356: ||r||_B = 0.0443557
MINRES: iteration 357: ||r||_B = 0.0437011
MINRES: iteration 358: ||r||_B = 0.0436775
MINRES: iteration 359: ||r||_B = 0.04324
MINRES: iteration 360: ||r||_B = 0.04254
MINRES: iteration 361: ||r||_B = 0.0425133
MINRES: iteration 362: ||r||_B = 0.0420555
MINRES: iteration 363: ||r||_B = 0.0413849
MINRES: iteration 364: ||r||_B = 0.0413599
MINRES: iteration 365: ||r||_B = 0.0409473
MINRES: iteration 366: ||r||_B = 0.0402743
MINRES: iteration 367: ||r||_B = 0.0402337
MINRES: iteration 368: ||r||_B = 0.039858
MINRES: iteration 369: ||r||_B = 0.0391582
MINRES: iteration 370: ||r||_B = 0.0391209
MINRES: iteration 371: ||r||_B = 0.0386903
MINRES: iteration 372: ||r||_B = 0.0380254
MINRES: iteration 373: ||r||_B = 0.0379974
MINRES: iteration 374: ||r||_B = 0.0376277
MINRES: iteration 375: ||r||_B = 0.0369568
MINRES: iteration 376: ||r||_B = 0.0368969
MINRES: iteration 377: ||r||_B = 0.0365545
MINRES: iteration 378: ||r||_B = 0.0358398
MINRES: iteration 379: ||r||_B = 0.0357818
MINRES: iteration 380: ||r||_B = 0.0354293
MINRES: iteration 381: ||r||_B = 0.0347165
MINRES: iteration 382: ||r||_B = 0.0346576
MINRES: iteration 383: ||r||_B = 0.0343345
MINRES: iteration 384: ||r||_B = 0.033626
MINRES: iteration 385: ||r||_B = 0.0335564
MINRES: iteration 386: ||r||_B = 0.033241
MINRES: iteration 387: ||r||_B = 0.0325246
MINRES: iteration 388: ||r||_B = 0.0324591
MINRES: iteration 389: ||r||_B = 0.0321389
MINRES: iteration 390: ||r||_B = 0.031418
MINRES: iteration 391: ||r||_B = 0.031341
MINRES: iteration 392: ||r||_B = 0.03102
MINRES: iteration 393: ||r||_B = 0.0302754
MINRES: iteration 394: ||r||_B = 0.0301828
MINRES: iteration 395: ||r||_B = 0.0299248
MINRES: iteration 396: ||r||_B = 0.029181
MINRES: iteration 397: ||r||_B = 0.0290434
MINRES: iteration 398: ||r||_B = 0.028862
MINRES: iteration 399: ||r||_B = 0.0281192
MINRES: iteration 400: ||r||_B = 0.0279026
MINRES: iteration 401: ||r||_B = 0.0277441
MINRES: iteration 402: ||r||_B = 0.0269574
MINRES: iteration 403: ||r||_B = 0.0267437
MINRES: iteration 404: ||r||_B = 0.026596
MINRES: iteration 405: ||r||_B = 0.0258168
MINRES: iteration 406: ||r||_B = 0.0255848
MINRES: iteration 407: ||r||_B = 0.02545
MINRES: iteration 408: ||r||_B = 0.0246497
MINRES: iteration 409: ||r||_B = 0.0244081
MINRES: iteration 410: ||r||_B = 0.0242787
MINRES: iteration 411: ||r||_B = 0.0235202
MINRES: iteration 412: ||r||_B = 0.0232335
MINRES: iteration 413: ||r||_B = 0.0231289
MINRES: iteration 414: ||r||_B = 0.0223762
MINRES: iteration 415: ||r||_B = 0.0220972
MINRES: iteration 416: ||r||_B = 0.0220087
MINRES: iteration 417: ||r||_B = 0.0213074
MINRES: iteration 418: ||r||_B = 0.0209996
MINRES: iteration 419: ||r||_B = 0.0209427
MINRES: iteration 420: ||r||_B = 0.0203165
MINRES: iteration 421: ||r||_B = 0.0199868
MINRES: iteration 422: ||r||_B = 0.0199526
MINRES: iteration 423: ||r||_B = 0.0194159
MINRES: iteration 424: ||r||_B = 0.0190316
MINRES: iteration 425: ||r||_B = 0.0190259
MINRES: iteration 426: ||r||_B = 0.0185228
MINRES: iteration 427: ||r||_B = 0.0180929
MINRES: iteration 428: ||r||_B = 0.0180898
MINRES: iteration 429: ||r||_B = 0.0175918
MINRES: iteration 430: ||r||_B = 0.017201
MINRES: iteration 431: ||r||_B = 0.0171972
MINRES: iteration 432: ||r||_B = 0.0167433
MINRES: iteration 433: ||r||_B = 0.0163441
MINRES: iteration 434: ||r||_B = 0.0163437
MINRES: iteration 435: ||r||_B = 0.0159226
MINRES: iteration 436: ||r||_B = 0.0155277
MINRES: iteration 437: ||r||_B = 0.0155277
MINRES: iteration 438: ||r||_B = 0.0151354
MINRES: iteration 439: ||r||_B = 0.0147638
MINRES: iteration 440: ||r||_B = 0.0147637
MINRES: iteration 441: ||r||_B = 0.0144216
MINRES: iteration 442: ||r||_B = 0.0140874
MINRES: iteration 443: ||r||_B = 0.0140865
MINRES: iteration 444: ||r||_B = 0.0137875
MINRES: iteration 445: ||r||_B = 0.0134578
MINRES: iteration 446: ||r||_B = 0.0134569
MINRES: iteration 447: ||r||_B = 0.0131674
MINRES: iteration 448: ||r||_B = 0.0128672
MINRES: iteration 449: ||r||_B = 0.0128661
MINRES: iteration 450: ||r||_B = 0.0126073
MINRES: iteration 451: ||r||_B = 0.0123055
MINRES: iteration 452: ||r||_B = 0.0123031
MINRES: iteration 453: ||r||_B = 0.0120654
MINRES: iteration 454: ||r||_B = 0.0117732
MINRES: iteration 455: ||r||_B = 0.0117659
MINRES: iteration 456: ||r||_B = 0.0115637
MINRES: iteration 457: ||r||_B = 0.0112582
MINRES: iteration 458: ||r||_B = 0.0112452
MINRES: iteration 459: ||r||_B = 0.0110606
MINRES: iteration 460: ||r||_B = 0.010763
MINRES: iteration 461: ||r||_B = 0.0107506
MINRES: iteration 462: ||r||_B = 0.010581
MINRES: iteration 463: ||r||_B = 0.0103074
MINRES: iteration 464: ||r||_B = 0.0102975
MINRES: iteration 465: ||r||_B = 0.0101267
MINRES: iteration 466: ||r||_B = 0.00987301
MINRES: iteration 467: ||r||_B = 0.00986733
MINRES: iteration 468: ||r||_B = 0.0096962
MINRES: iteration 469: ||r||_B = 0.00947409
MINRES: iteration 470: ||r||_B = 0.0094693
MINRES: iteration 471: ||r||_B = 0.0093136
MINRES: iteration 472: ||r||_B = 0.00909081
MINRES: iteration 473: ||r||_B = 0.00908502
MINRES: iteration 474: ||r||_B = 0.00893729
MINRES: iteration 475: ||r||_B = 0.00872595
MINRES: iteration 476: ||r||_B = 0.00871865
MINRES: iteration 477: ||r||_B = 0.00858851
MINRES: iteration 478: ||r||_B = 0.00838739
MINRES: iteration 479: ||r||_B = 0.00837212
MINRES: iteration 480: ||r||_B = 0.0082764
MINRES: iteration 481: ||r||_B = 0.00806699
MINRES: iteration 482: ||r||_B = 0.00804504
MINRES: iteration 483: ||r||_B = 0.0079629
MINRES: iteration 484: ||r||_B = 0.00776274
MINRES: iteration 485: ||r||_B = 0.00773657
MINRES: iteration 486: ||r||_B = 0.00766465
MINRES: iteration 487: ||r||_B = 0.00747281
MINRES: iteration 488: ||r||_B = 0.00744829
MINRES: iteration 489: ||r||_B = 0.0073816
MINRES: iteration 490: ||r||_B = 0.00720095
MINRES: iteration 491: ||r||_B = 0.00717125
MINRES: iteration 492: ||r||_B = 0.00711946
MINRES: iteration 493: ||r||_B = 0.0069411
MINRES: iteration 494: ||r||_B = 0.00690488
MINRES: iteration 495: ||r||_B = 0.00685992
MINRES: iteration 496: ||r||_B = 0.00669143
MINRES: iteration 497: ||r||_B = 0.00665091
MINRES: iteration 498: ||r||_B = 0.00661283
MINRES: iteration 499: ||r||_B = 0.00644861
MINRES: iteration 500: ||r||_B = 0.00640712
MINRES: iteration 501: ||r||_B = 0.00637302
MINRES: iteration 502: ||r||_B = 0.00622172
MINRES: iteration 503: ||r||_B = 0.00617894
MINRES: iteration 504: ||r||_B = 0.00615657
MINRES: iteration 505: ||r||_B = 0.00601528
MINRES: iteration 506: ||r||_B = 0.00596207
MINRES: iteration 507: ||r||_B = 0.00594558
MINRES: iteration 508: ||r||_B = 0.00581478
MINRES: iteration 509: ||r||_B = 0.00576322
MINRES: iteration 510: ||r||_B = 0.00575071
MINRES: iteration 511: ||r||_B = 0.00563135
MINRES: iteration 512: ||r||_B = 0.00558225
MINRES: iteration 513: ||r||_B = 0.00556878
MINRES: iteration 514: ||r||_B = 0.00545338
MINRES: iteration 515: ||r||_B = 0.00541533
MINRES: iteration 516: ||r||_B = 0.00539834
MINRES: iteration 517: ||r||_B = 0.00529217
MINRES: iteration 518: ||r||_B = 0.00526083
MINRES: iteration 519: ||r||_B = 0.00524499
MINRES: iteration 520: ||r||_B = 0.00515343
MINRES: iteration 521: ||r||_B = 0.00512026
MINRES: iteration 522: ||r||_B = 0.0051093
MINRES: iteration 523: ||r||_B = 0.00502298
MINRES: iteration 524: ||r||_B = 0.00498542
MINRES: iteration 525: ||r||_B = 0.00497762
MINRES: iteration 526: ||r||_B = 0.00489296
MINRES: iteration 527: ||r||_B = 0.00485267
MINRES: iteration 528: ||r||_B = 0.00484494
MINRES: iteration 529: ||r||_B = 0.00476185
MINRES: iteration 530: ||r||_B = 0.00472616
MINRES: iteration 531: ||r||_B = 0.00471952
MINRES: iteration 532: ||r||_B = 0.00464305
MINRES: iteration 533: ||r||_B = 0.00460736
MINRES: iteration 534: ||r||_B = 0.00460109
MINRES: iteration 535: ||r||_B = 0.0045278
MINRES: iteration 536: ||r||_B = 0.00449445
MINRES: iteration 537: ||r||_B = 0.00448939
MINRES: iteration 538: ||r||_B = 0.00442469
MINRES: iteration 539: ||r||_B = 0.00439088
MINRES: iteration 540: ||r||_B = 0.00438846
MINRES: iteration 541: ||r||_B = 0.00433117
MINRES: iteration 542: ||r||_B = 0.00429489
MINRES: iteration 543: ||r||_B = 0.00429324
MINRES: iteration 544: ||r||_B = 0.00423902
MINRES: iteration 545: ||r||_B = 0.0042021
MINRES: iteration 546: ||r||_B = 0.00420095
MINRES: iteration 547: ||r||_B = 0.00414675
MINRES: iteration 548: ||r||_B = 0.00410747
MINRES: iteration 549: ||r||_B = 0.00410628
MINRES: iteration 550: ||r||_B = 0.0040517
MINRES: iteration 551: ||r||_B = 0.00401183
MINRES: iteration 552: ||r||_B = 0.00401128
MINRES: iteration 553: ||r||_B = 0.0039596
MINRES: iteration 554: ||r||_B = 0.00391633
MINRES: iteration 555: ||r||_B = 0.00391605
MINRES: iteration 556: ||r||_B = 0.0038664
MINRES: iteration 557: ||r||_B = 0.00382156
MINRES: iteration 558: ||r||_B = 0.00382153
MINRES: iteration 559: ||r||_B = 0.00377305
MINRES: iteration 560: ||r||_B = 0.00372813
MINRES: iteration 561: ||r||_B = 0.00372805
MINRES: iteration 562: ||r||_B = 0.00368066
MINRES: iteration 563: ||r||_B = 0.00363772
MINRES: iteration 564: ||r||_B = 0.0036377
MINRES: iteration 565: ||r||_B = 0.0035937
MINRES: iteration 566: ||r||_B = 0.00355075
MINRES: iteration 567: ||r||_B = 0.00355075
MINRES: iteration 568: ||r||_B = 0.00350848
MINRES: iteration 569: ||r||_B = 0.00346611
MINRES: iteration 570: ||r||_B = 0.0034661
MINRES: iteration 571: ||r||_B = 0.00342549
MINRES: iteration 572: ||r||_B = 0.00338376
MINRES: iteration 573: ||r||_B = 0.00338373
MINRES: iteration 574: ||r||_B = 0.00334466
MINRES: iteration 575: ||r||_B = 0.0033033
MINRES: iteration 576: ||r||_B = 0.00330324
MINRES: iteration 577: ||r||_B = 0.00326486
MINRES: iteration 578: ||r||_B = 0.00322214
MINRES: iteration 579: ||r||_B = 0.00322169
MINRES: iteration 580: ||r||_B = 0.00318826
MINRES: iteration 581: ||r||_B = 0.00314353
MINRES: iteration 582: ||r||_B = 0.00314278
MINRES: iteration 583: ||r||_B = 0.00311177
MINRES: iteration 584: ||r||_B = 0.00306868
MINRES: iteration 585: ||r||_B = 0.00306655
MINRES: iteration 586: ||r||_B = 0.00304227
MINRES: iteration 587: ||r||_B = 0.00299772
MINRES: iteration 588: ||r||_B = 0.00299438
MINRES: iteration 589: ||r||_B = 0.00297377
MINRES: iteration 590: ||r||_B = 0.00293128
MINRES: iteration 591: ||r||_B = 0.00292541
MINRES: iteration 592: ||r||_B = 0.00291078
MINRES: iteration 593: ||r||_B = 0.00286617
MINRES: iteration 594: ||r||_B = 0.00285821
MINRES: iteration 595: ||r||_B = 0.00284452
MINRES: iteration 596: ||r||_B = 0.00279973
MINRES: iteration 597: ||r||_B = 0.00279027
MINRES: iteration 598: ||r||_B = 0.00277832
MINRES: iteration 599: ||r||_B = 0.00273307
MINRES: iteration 600: ||r||_B = 0.00272024
MINRES: iteration 601: ||r||_B = 0.00271209
MINRES: iteration 602: ||r||_B = 0.00266573
MINRES: iteration 603: ||r||_B = 0.0026488
MINRES: iteration 604: ||r||_B = 0.00264213
MINRES: iteration 605: ||r||_B = 0.00259573
MINRES: iteration 606: ||r||_B = 0.00257788
MINRES: iteration 607: ||r||_B = 0.00257246
MINRES: iteration 608: ||r||_B = 0.00252657
MINRES: iteration 609: ||r||_B = 0.00250632
MINRES: iteration 610: ||r||_B = 0.00250185
MINRES: iteration 611: ||r||_B = 0.00245699
MINRES: iteration 612: ||r||_B = 0.00243484
MINRES: iteration 613: ||r||_B = 0.00243218
MINRES: iteration 614: ||r||_B = 0.00239153
MINRES: iteration 615: ||r||_B = 0.00236744
MINRES: iteration 616: ||r||_B = 0.00236593
MINRES: iteration 617: ||r||_B = 0.00232644
MINRES: iteration 618: ||r||_B = 0.00230069
MINRES: iteration 619: ||r||_B = 0.00229967
MINRES: iteration 620: ||r||_B = 0.00226159
MINRES: iteration 621: ||r||_B = 0.00223425
MINRES: iteration 622: ||r||_B = 0.0022335
MINRES: iteration 623: ||r||_B = 0.0021961
MINRES: iteration 624: ||r||_B = 0.00217123
MINRES: iteration 625: ||r||_B = 0.0021699
MINRES: iteration 626: ||r||_B = 0.00213341
MINRES: iteration 627: ||r||_B = 0.0021129
MINRES: iteration 628: ||r||_B = 0.00211123
MINRES: iteration 629: ||r||_B = 0.00207813
MINRES: iteration 630: ||r||_B = 0.00205894
MINRES: iteration 631: ||r||_B = 0.00205819
MINRES: iteration 632: ||r||_B = 0.00202934
MINRES: iteration 633: ||r||_B = 0.00201016
MINRES: iteration 634: ||r||_B = 0.00200981
MINRES: iteration 635: ||r||_B = 0.00198496
MINRES: iteration 636: ||r||_B = 0.00196459
MINRES: iteration 637: ||r||_B = 0.00196458
MINRES: iteration 638: ||r||_B = 0.00194388
MINRES: iteration 639: ||r||_B = 0.00192115
MINRES: iteration 640: ||r||_B = 0.00192087
MINRES: iteration 641: ||r||_B = 0.00190258
MINRES: iteration 642: ||r||_B = 0.00187896
MINRES: iteration 643: ||r||_B = 0.00187851
MINRES: iteration 644: ||r||_B = 0.00186163
MINRES: iteration 645: ||r||_B = 0.00183814
MINRES: iteration 646: ||r||_B = 0.00183699
MINRES: iteration 647: ||r||_B = 0.00182234
MINRES: iteration 648: ||r||_B = 0.00179797
MINRES: iteration 649: ||r||_B = 0.0017967
MINRES: iteration 650: ||r||_B = 0.00178434
MINRES: iteration 651: ||r||_B = 0.00175981
MINRES: iteration 652: ||r||_B = 0.00175753
MINRES: iteration 653: ||r||_B = 0.0017458
MINRES: iteration 654: ||r||_B = 0.0017196
MINRES: iteration 655: ||r||_B = 0.00171743
MINRES: iteration 656: ||r||_B = 0.00170371
MINRES: iteration 657: ||r||_B = 0.00167806
MINRES: iteration 658: ||r||_B = 0.00167673
MINRES: iteration 659: ||r||_B = 0.00166222
MINRES: iteration 660: ||r||_B = 0.00163638
MINRES: iteration 661: ||r||_B = 0.00163517
MINRES: iteration 662: ||r||_B = 0.00162114
MINRES: iteration 663: ||r||_B = 0.00159542
MINRES: iteration 664: ||r||_B = 0.00159373
MINRES: iteration 665: ||r||_B = 0.00158004
MINRES: iteration 666: ||r||_B = 0.00155431
MINRES: iteration 667: ||r||_B = 0.00155246
MINRES: iteration 668: ||r||_B = 0.00153844
MINRES: iteration 669: ||r||_B = 0.00151237
MINRES: iteration 670: ||r||_B = 0.0015109
MINRES: iteration 671: ||r||_B = 0.00149592
MINRES: iteration 672: ||r||_B = 0.00147025
MINRES: iteration 673: ||r||_B = 0.00146931
MINRES: iteration 674: ||r||_B = 0.00145336
MINRES: iteration 675: ||r||_B = 0.00142936
MINRES: iteration 676: ||r||_B = 0.00142817
MINRES: iteration 677: ||r||_B = 0.00141499
MINRES: iteration 678: ||r||_B = 0.0013903
MINRES: iteration 679: ||r||_B = 0.00138851
MINRES: iteration 680: ||r||_B = 0.00137625
MINRES: iteration 681: ||r||_B = 0.0013515
MINRES: iteration 682: ||r||_B = 0.00134931
MINRES: iteration 683: ||r||_B = 0.00133796
MINRES: iteration 684: ||r||_B = 0.00131363
MINRES: iteration 685: ||r||_B = 0.00131046
MINRES: iteration 686: ||r||_B = 0.00130132
MINRES: iteration 687: ||r||_B = 0.0012763
MINRES: iteration 688: ||r||_B = 0.00127279
MINRES: iteration 689: ||r||_B = 0.00126344
MINRES: iteration 690: ||r||_B = 0.00123801
MINRES: iteration 691: ||r||_B = 0.0012347
MINRES: iteration 692: ||r||_B = 0.00122502
MINRES: iteration 693: ||r||_B = 0.00119976
MINRES: iteration 694: ||r||_B = 0.0011965
MINRES: iteration 695: ||r||_B = 0.00118695
MINRES: iteration 696: ||r||_B = 0.00116279
MINRES: iteration 697: ||r||_B = 0.00115996
MINRES: iteration 698: ||r||_B = 0.00115033
MINRES: iteration 699: ||r||_B = 0.00112658
MINRES: iteration 700: ||r||_B = 0.00112394
MINRES: iteration 701: ||r||_B = 0.00111508
MINRES: iteration 702: ||r||_B = 0.00109371
MINRES: iteration 703: ||r||_B = 0.00109031
MINRES: iteration 704: ||r||_B = 0.00108417
MINRES: iteration 705: ||r||_B = 0.00106361
MINRES: iteration 706: ||r||_B = 0.00105881
MINRES: iteration 707: ||r||_B = 0.001054
MINRES: iteration 708: ||r||_B = 0.00103351
MINRES: iteration 709: ||r||_B = 0.00102781
MINRES: iteration 710: ||r||_B = 0.00102381
MINRES: iteration 711: ||r||_B = 0.001004
MINRES: iteration 712: ||r||_B = 0.0009985
MINRES: iteration 713: ||r||_B = 0.000994705
MINRES: iteration 714: ||r||_B = 0.000976603
MINRES: iteration 715: ||r||_B = 0.000971729
MINRES: iteration 716: ||r||_B = 0.000968114
MINRES: iteration 717: ||r||_B = 0.000951788
MINRES: iteration 718: ||r||_B = 0.000947391
MINRES: iteration 719: ||r||_B = 0.000944057
MINRES: iteration 720: ||r||_B = 0.000928829
MINRES: iteration 721: ||r||_B = 0.000924461
MINRES: iteration 722: ||r||_B = 0.000921652
MINRES: iteration 723: ||r||_B = 0.000907321
MINRES: iteration 724: ||r||_B = 0.000902254
MINRES: iteration 725: ||r||_B = 0.000900652
MINRES: iteration 726: ||r||_B = 0.000887232
MINRES: iteration 727: ||r||_B = 0.000881464
MINRES: iteration 728: ||r||_B = 0.000880055
MINRES: iteration 729: ||r||_B = 0.000867155
MINRES: iteration 730: ||r||_B = 0.000861592
MINRES: iteration 731: ||r||_B = 0.000860593
MINRES: iteration 732: ||r||_B = 0.000848768
MINRES: iteration 733: ||r||_B = 0.000842586
MINRES: iteration 734: ||r||_B = 0.000841922
MINRES: iteration 735: ||r||_B = 0.000830731
MINRES: iteration 736: ||r||_B = 0.00082517
MINRES: iteration 737: ||r||_B = 0.000824466
MINRES: iteration 738: ||r||_B = 0.000814399
MINRES: iteration 739: ||r||_B = 0.000808796
MINRES: iteration 740: ||r||_B = 0.000808518
MINRES: iteration 741: ||r||_B = 0.000799741
MINRES: iteration 742: ||r||_B = 0.000792762
MINRES: iteration 743: ||r||_B = 0.000792696
MINRES: iteration 744: ||r||_B = 0.000784259
MINRES: iteration 745: ||r||_B = 0.00077708
MINRES: iteration 746: ||r||_B = 0.000777057
MINRES: iteration 747: ||r||_B = 0.000768925
MINRES: iteration 748: ||r||_B = 0.000761322
MINRES: iteration 749: ||r||_B = 0.00076132
MINRES: iteration 750: ||r||_B = 0.000753644
MINRES: iteration 751: ||r||_B = 0.000745521
MINRES: iteration 752: ||r||_B = 0.000745485
MINRES: iteration 753: ||r||_B = 0.000738126
MINRES: iteration 754: ||r||_B = 0.000730097
MINRES: iteration 755: ||r||_B = 0.00073007
MINRES: iteration 756: ||r||_B = 0.000723005
MINRES: iteration 757: ||r||_B = 0.000715177
MINRES: iteration 758: ||r||_B = 0.000715153
MINRES: iteration 759: ||r||_B = 0.000708204
MINRES: iteration 760: ||r||_B = 0.000700845
MINRES: iteration 761: ||r||_B = 0.000700834
MINRES: iteration 762: ||r||_B = 0.000694265
MINRES: iteration 763: ||r||_B = 0.000687102
MINRES: iteration 764: ||r||_B = 0.000687074
MINRES: iteration 765: ||r||_B = 0.000681063
MINRES: iteration 766: ||r||_B = 0.00067383
MINRES: iteration 767: ||r||_B = 0.000673754
MINRES: iteration 768: ||r||_B = 0.000668165
MINRES: iteration 769: ||r||_B = 0.000660663
MINRES: iteration 770: ||r||_B = 0.00066053
MINRES: iteration 771: ||r||_B = 0.000655207
MINRES: iteration 772: ||r||_B = 0.000647613
MINRES: iteration 773: ||r||_B = 0.000647323
MINRES: iteration 774: ||r||_B = 0.000642926
MINRES: iteration 775: ||r||_B = 0.000635142
MINRES: iteration 776: ||r||_B = 0.000634615
MINRES: iteration 777: ||r||_B = 0.000630813
MINRES: iteration 778: ||r||_B = 0.000622915
MINRES: iteration 779: ||r||_B = 0.000622243
MINRES: iteration 780: ||r||_B = 0.000618745
MINRES: iteration 781: ||r||_B = 0.000611136
MINRES: iteration 782: ||r||_B = 0.000610436
MINRES: iteration 783: ||r||_B = 0.00060733
MINRES: iteration 784: ||r||_B = 0.000599577
MINRES: iteration 785: ||r||_B = 0.000598792
MINRES: iteration 786: ||r||_B = 0.00059542
MINRES: iteration 787: ||r||_B = 0.000587757
MINRES: iteration 788: ||r||_B = 0.000586963
MINRES: iteration 789: ||r||_B = 0.000583796
MINRES: iteration 790: ||r||_B = 0.000576095
MINRES: iteration 791: ||r||_B = 0.000575168
MINRES: iteration 792: ||r||_B = 0.000572127
MINRES: iteration 793: ||r||_B = 0.000564229
MINRES: iteration 794: ||r||_B = 0.000563178
MINRES: iteration 795: ||r||_B = 0.000560163
MINRES: iteration 796: ||r||_B = 0.000551924
MINRES: iteration 797: ||r||_B = 0.000550717
MINRES: iteration 798: ||r||_B = 0.00054789
MINRES: iteration 799: ||r||_B = 0.000539507
MINRES: iteration 800: ||r||_B = 0.000538181
MINRES: iteration 801: ||r||_B = 0.000535186
MINRES: iteration 802: ||r||_B = 0.000526859
MINRES: iteration 803: ||r||_B = 0.000525795
MINRES: iteration 804: ||r||_B = 0.000522458
MINRES: iteration 805: ||r||_B = 0.000514416
MINRES: iteration 806: ||r||_B = 0.00051346
MINRES: iteration 807: ||r||_B = 0.000510285
MINRES: iteration 808: ||r||_B = 0.000502484
MINRES: iteration 809: ||r||_B = 0.000501276
MINRES: iteration 810: ||r||_B = 0.000498695
MINRES: iteration 811: ||r||_B = 0.000490753
MINRES: iteration 812: ||r||_B = 0.000489329
MINRES: iteration 813: ||r||_B = 0.000486813
MINRES: iteration 814: ||r||_B = 0.000479121
MINRES: iteration 815: ||r||_B = 0.000477908
MINRES: iteration 816: ||r||_B = 0.000475329
MINRES: iteration 817: ||r||_B = 0.000467706
MINRES: iteration 818: ||r||_B = 0.000466553
MINRES: iteration 819: ||r||_B = 0.000464235
MINRES: iteration 820: ||r||_B = 0.000457226
MINRES: iteration 821: ||r||_B = 0.000455794
MINRES: iteration 822: ||r||_B = 0.000453999
MINRES: iteration 823: ||r||_B = 0.000446768
MINRES: iteration 824: ||r||_B = 0.000444978
MINRES: iteration 825: ||r||_B = 0.000443415
MINRES: iteration 826: ||r||_B = 0.000436176
MINRES: iteration 827: ||r||_B = 0.000434146
MINRES: iteration 828: ||r||_B = 0.000432773
MINRES: iteration 829: ||r||_B = 0.000425374
MINRES: iteration 830: ||r||_B = 0.000422818
MINRES: iteration 831: ||r||_B = 0.000421843
MINRES: iteration 832: ||r||_B = 0.000414533
MINRES: iteration 833: ||r||_B = 0.000411228
MINRES: iteration 834: ||r||_B = 0.000410667
MINRES: iteration 835: ||r||_B = 0.000403506
MINRES: iteration 836: ||r||_B = 0.000399598
MINRES: iteration 837: ||r||_B = 0.000399188
MINRES: iteration 838: ||r||_B = 0.00039204
MINRES: iteration 839: ||r||_B = 0.000387677
MINRES: iteration 840: ||r||_B = 0.000387321
MINRES: iteration 841: ||r||_B = 0.000379833
MINRES: iteration 842: ||r||_B = 0.000375056
MINRES: iteration 843: ||r||_B = 0.000374778
MINRES: iteration 844: ||r||_B = 0.000367181
MINRES: iteration 845: ||r||_B = 0.000362437
MINRES: iteration 846: ||r||_B = 0.000362185
MINRES: iteration 847: ||r||_B = 0.000354975
MINRES: iteration 848: ||r||_B = 0.00034996
MINRES: iteration 849: ||r||_B = 0.000349845
MINRES: iteration 850: ||r||_B = 0.000343026
MINRES: iteration 851: ||r||_B = 0.000337966
MINRES: iteration 852: ||r||_B = 0.000337911
MINRES: iteration 853: ||r||_B = 0.00033189
MINRES: iteration 854: ||r||_B = 0.000326503
MINRES: iteration 855: ||r||_B = 0.00032649
MINRES: iteration 856: ||r||_B = 0.000320886
MINRES: iteration 857: ||r||_B = 0.000315603
MINRES: iteration 858: ||r||_B = 0.000315599
MINRES: iteration 859: ||r||_B = 0.000310734
MINRES: iteration 860: ||r||_B = 0.000305413
MINRES: iteration 861: ||r||_B = 0.000305382
MINRES: iteration 862: ||r||_B = 0.000300991
MINRES: iteration 863: ||r||_B = 0.000295526
MINRES: iteration 864: ||r||_B = 0.000295456
MINRES: iteration 865: ||r||_B = 0.000291324
MINRES: iteration 866: ||r||_B = 0.000285875
MINRES: iteration 867: ||r||_B = 0.000285759
MINRES: iteration 868: ||r||_B = 0.000281956
MINRES: iteration 869: ||r||_B = 0.000276392
MINRES: iteration 870: ||r||_B = 0.000276237
MINRES: iteration 871: ||r||_B = 0.000272615
MINRES: iteration 872: ||r||_B = 0.000267197
MINRES: iteration 873: ||r||_B = 0.000266992
MINRES: iteration 874: ||r||_B = 0.000263739
MINRES: iteration 875: ||r||_B = 0.000258423
MINRES: iteration 876: ||r||_B = 0.000258105
MINRES: iteration 877: ||r||_B = 0.000255482
MINRES: iteration 878: ||r||_B = 0.000250346
MINRES: iteration 879: ||r||_B = 0.000249835
MINRES: iteration 880: ||r||_B = 0.00024771
MINRES: iteration 881: ||r||_B = 0.000242617
MINRES: iteration 882: ||r||_B = 0.000241862
MINRES: iteration 883: ||r||_B = 0.000240158
MINRES: iteration 884: ||r||_B = 0.000234878
MINRES: iteration 885: ||r||_B = 0.000233913
MINRES: iteration 886: ||r||_B = 0.000232356
MINRES: iteration 887: ||r||_B = 0.000226918
MINRES: iteration 888: ||r||_B = 0.000225837
MINRES: iteration 889: ||r||_B = 0.000224277
MINRES: iteration 890: ||r||_B = 0.000218875
MINRES: iteration 891: ||r||_B = 0.000217835
MINRES: iteration 892: ||r||_B = 0.000216509
MINRES: iteration 893: ||r||_B = 0.000211351
MINRES: iteration 894: ||r||_B = 0.000210034
MINRES: iteration 895: ||r||_B = 0.000209009
MINRES: iteration 896: ||r||_B = 0.000204155
MINRES: iteration 897: ||r||_B = 0.000202647
MINRES: iteration 898: ||r||_B = 0.000201815
MINRES: iteration 899: ||r||_B = 0.000197295
MINRES: iteration 900: ||r||_B = 0.000195838
MINRES: iteration 901: ||r||_B = 0.000195213
MINRES: iteration 902: ||r||_B = 0.000191053
MINRES: iteration 903: ||r||_B = 0.000189438
MINRES: iteration 904: ||r||_B = 0.000189011
MINRES: iteration 905: ||r||_B = 0.00018511
MINRES: iteration 906: ||r||_B = 0.000183279
MINRES: iteration 907: ||r||_B = 0.000182962
MINRES: iteration 908: ||r||_B = 0.000179193
MINRES: iteration 909: ||r||_B = 0.000177253
MINRES: iteration 910: ||r||_B = 0.000177036
MINRES: iteration 911: ||r||_B = 0.000173479
MINRES: iteration 912: ||r||_B = 0.000171485
MINRES: iteration 913: ||r||_B = 0.000171297
MINRES: iteration 914: ||r||_B = 0.000167803
MINRES: iteration 915: ||r||_B = 0.000165964
MINRES: iteration 916: ||r||_B = 0.000165792
MINRES: iteration 917: ||r||_B = 0.000162692
MINRES: iteration 918: ||r||_B = 0.000160801
MINRES: iteration 919: ||r||_B = 0.00016074
MINRES: iteration 920: ||r||_B = 0.000157989
MINRES: iteration 921: ||r||_B = 0.000156039
MINRES: iteration 922: ||r||_B = 0.000156014
MINRES: iteration 923: ||r||_B = 0.00015358
MINRES: iteration 924: ||r||_B = 0.000151685
MINRES: iteration 925: ||r||_B = 0.000151669
MINRES: iteration 926: ||r||_B = 0.000149446
MINRES: iteration 927: ||r||_B = 0.000147572
MINRES: iteration 928: ||r||_B = 0.000147562
MINRES: iteration 929: ||r||_B = 0.000145378
MINRES: iteration 930: ||r||_B = 0.000143705
MINRES: iteration 931: ||r||_B = 0.00014368
MINRES: iteration 932: ||r||_B = 0.000141548
MINRES: iteration 933: ||r||_B = 0.000139966
MINRES: iteration 934: ||r||_B = 0.000139933
MINRES: iteration 935: ||r||_B = 0.000137949
MINRES: iteration 936: ||r||_B = 0.000136437
MINRES: iteration 937: ||r||_B = 0.000136418
MINRES: iteration 938: ||r||_B = 0.000134459
MINRES: iteration 939: ||r||_B = 0.000132995
MINRES: iteration 940: ||r||_B = 0.000132963
MINRES: iteration 941: ||r||_B = 0.000131008
MINRES: iteration 942: ||r||_B = 0.000129664
MINRES: iteration 943: ||r||_B = 0.000129611
MINRES: iteration 944: ||r||_B = 0.000127712
MINRES: iteration 945: ||r||_B = 0.0001264
MINRES: iteration 946: ||r||_B = 0.000126365
MINRES: iteration 947: ||r||_B = 0.000124521
MINRES: iteration 948: ||r||_B = 0.000123162
MINRES: iteration 949: ||r||_B = 0.000123137
MINRES: iteration 950: ||r||_B = 0.000121423
MINRES: iteration 951: ||r||_B = 0.000120133
MINRES: iteration 952: ||r||_B = 0.000120124
MINRES: iteration 953: ||r||_B = 0.000118602
MINRES: iteration 954: ||r||_B = 0.00011728
MINRES: iteration 955: ||r||_B = 0.000117272
MINRES: iteration 956: ||r||_B = 0.000115814
MINRES: iteration 957: ||r||_B = 0.000114597
MINRES: iteration 958: ||r||_B = 0.000114596
MINRES: iteration 959: ||r||_B = 0.000113384
MINRES: iteration 960: ||r||_B = 0.000112135
MINRES: iteration 961: ||r||_B = 0.000112128
MINRES: iteration 962: ||r||_B = 0.000111112
MINRES: iteration 963: ||r||_B = 0.00010989
MINRES: iteration 964: ||r||_B = 0.000109863
MINRES: iteration 965: ||r||_B = 0.000109038
MINRES: iteration 966: ||r||_B = 0.000107771
MINRES: iteration 967: ||r||_B = 0.000107715
MINRES: iteration 968: ||r||_B = 0.000106942
MINRES: iteration 969: ||r||_B = 0.000105675
MINRES: iteration 970: ||r||_B = 0.000105618
MINRES: iteration 971: ||r||_B = 0.000104881
MINRES: iteration 972: ||r||_B = 0.000103615
MINRES: iteration 973: ||r||_B = 0.000103542
MINRES: iteration 974: ||r||_B = 0.000102863
MINRES: iteration 975: ||r||_B = 0.000101609
MINRES: iteration 976: ||r||_B = 0.000101506
MINRES: iteration 977: ||r||_B = 0.000100913
MINRES: iteration 978: ||r||_B = 9.96189e-05
MINRES: iteration 979: ||r||_B = 9.94686e-05
MINRES: iteration 980: ||r||_B = 9.89234e-05
MINRES: iteration 981: ||r||_B = 9.76206e-05
MINRES: iteration 982: ||r||_B = 9.74683e-05
MINRES: iteration 983: ||r||_B = 9.69618e-05
MINRES: iteration 984: ||r||_B = 9.56558e-05
MINRES: iteration 985: ||r||_B = 9.54914e-05
MINRES: iteration 986: ||r||_B = 9.49632e-05
MINRES: iteration 987: ||r||_B = 9.3671e-05
MINRES: iteration 988: ||r||_B = 9.35291e-05
MINRES: iteration 989: ||r||_B = 9.29841e-05
MINRES: iteration 990: ||r||_B = 9.17032e-05
MINRES: iteration 991: ||r||_B = 9.15733e-05
MINRES: iteration 992: ||r||_B = 9.10255e-05
MINRES: iteration 993: ||r||_B = 8.97964e-05
MINRES: iteration 994: ||r||_B = 8.96338e-05
MINRES: iteration 995: ||r||_B = 8.91873e-05
MINRES: iteration 996: ||r||_B = 8.78977e-05
MINRES: iteration 997: ||r||_B = 8.76817e-05
MINRES: iteration 998: ||r||_B = 8.72662e-05
MINRES: iteration 999: ||r||_B = 8.59335e-05
MINRES: iteration 1000: ||r||_B = 8.57048e-05
MINRES: iteration 1000: ||r||_B = 8.57048e-05
MINRES: Number of iterations: 1000
MINRES: No convergence!
MINRES did not converge in 1000 iterations. Residual norm is 8.57048e-05.
MINRES solver took 3.17976s.
|| u_h - u_ex || / || u_ex || = 0.00112159
|| p_h - p_ex || / || p_ex || = 0.000191957
