Options used:
   --mesh ../data/square-disc.mesh
   --order 1
   --no-partial-assembly
   --device cpu
   --max-dofs 50000
   --no-ls-zz
   --visualization
Device configuration: cpu
Memory configuration: host-std

AMR iteration 0
Number of unknowns: 101
   Iteration :   0  (B r, r) = 0.0042858 ...
   Iteration :   8  (B r, r) = 2.47634e-15
Average reduction factor = 0.171835

AMR iteration 1
Number of unknowns: 164
   Iteration :   0  (B r, r) = 0.000676264 ...
   Iteration :  11  (B r, r) = 2.71e-17
Average reduction factor = 0.246059

AMR iteration 2
Number of unknowns: 218
   Iteration :   0  (B r, r) = 0.00021533 ...
   Iteration :  13  (B r, r) = 7.36601e-17
Average reduction factor = 0.331546

AMR iteration 3
Number of unknowns: 297
   Iteration :   0  (B r, r) = 0.000132951 ...
   Iteration :  17  (B r, r) = 5.78828e-17
Average reduction factor = 0.432949

AMR iteration 4
Number of unknowns: 412
   Iteration :   0  (B r, r) = 0.000109711 ...
   Iteration :  18  (B r, r) = 9.88168e-17
Average reduction factor = 0.462812

AMR iteration 5
Number of unknowns: 575
   Iteration :   0  (B r, r) = 8.01714e-05 ...
   Iteration :  21  (B r, r) = 2.7121e-17
Average reduction factor = 0.504752

AMR iteration 6
Number of unknowns: 826
   Iteration :   0  (B r, r) = 5.66366e-05 ...
   Iteration :  24  (B r, r) = 3.25895e-17
Average reduction factor = 0.555904

AMR iteration 7
Number of unknowns: 1065
   Iteration :   0  (B r, r) = 3.79642e-05 ...
   Iteration :  29  (B r, r) = 1.54067e-17
Average reduction factor = 0.611435

AMR iteration 8
Number of unknowns: 1338
   Iteration :   0  (B r, r) = 2.62584e-05 ...
   Iteration :  32  (B r, r) = 1.35895e-17
Average reduction factor = 0.642732

AMR iteration 9
Number of unknowns: 1805
   Iteration :   0  (B r, r) = 2.24033e-05 ...
   Iteration :  35  (B r, r) = 1.81347e-17
Average reduction factor = 0.671831

AMR iteration 10
Number of unknowns: 2418
   Iteration :   0  (B r, r) = 1.38729e-05 ...
   Iteration :  37  (B r, r) = 1.35899e-17
Average reduction factor = 0.688203

AMR iteration 11
Number of unknowns: 3190
   Iteration :   0  (B r, r) = 1.17109e-05 ...
   Iteration :  44  (B r, r) = 1.0187e-17
Average reduction factor = 0.729371

AMR iteration 12
Number of unknowns: 4612
   Iteration :   0  (B r, r) = 1.27625e-05 ...
   Iteration :  52  (B r, r) = 1.13058e-17
Average reduction factor = 0.765789

AMR iteration 13
Number of unknowns: 5857
   Iteration :   0  (B r, r) = 5.79434e-06 ...
   Iteration :  56  (B r, r) = 4.46379e-18
Average reduction factor = 0.779553

AMR iteration 14
Number of unknowns: 7090
   Iteration :   0  (B r, r) = 4.0033e-06 ...
   Iteration :  62  (B r, r) = 3.41993e-18
Average reduction factor = 0.799234

AMR iteration 15
Number of unknowns: 8998
   Iteration :   0  (B r, r) = 3.30709e-06 ...
   Iteration :  67  (B r, r) = 2.36922e-18
Average reduction factor = 0.811646

AMR iteration 16
Number of unknowns: 12521
   Iteration :   0  (B r, r) = 3.52942e-06 ...
   Iteration :  81  (B r, r) = 3.47816e-18
Average reduction factor = 0.843115

AMR iteration 17
Number of unknowns: 16384
   Iteration :   0  (B r, r) = 2.66781e-06 ...
   Iteration :  91  (B r, r) = 2.47579e-18
Average reduction factor = 0.858791

AMR iteration 18
Number of unknowns: 19987
   Iteration :   0  (B r, r) = 1.51433e-06 ...
   Iteration :  98  (B r, r) = 1.49506e-18
Average reduction factor = 0.868455

AMR iteration 19
Number of unknowns: 25174
   Iteration :   0  (B r, r) = 1.29482e-06 ...
   Iteration : 106  (B r, r) = 1.16383e-18
Average reduction factor = 0.87736

AMR iteration 20
Number of unknowns: 29050
   Iteration :   0  (B r, r) = 6.54136e-07 ...
   Iteration : 107  (B r, r) = 6.06163e-19
Average reduction factor = 0.878558

AMR iteration 21
Number of unknowns: 36904
   Iteration :   0  (B r, r) = 8.06196e-07 ...
   Iteration : 124  (B r, r) = 7.37699e-19
Average reduction factor = 0.894247

AMR iteration 22
Number of unknowns: 49560
   Iteration :   0  (B r, r) = 8.22702e-07 ...
   Iteration : 145  (B r, r) = 7.44557e-19
Average reduction factor = 0.908806

AMR iteration 23
Number of unknowns: 64804
   Iteration :   0  (B r, r) = 6.54443e-07 ...
   Iteration : 158  (B r, r) = 6.31999e-19
Average reduction factor = 0.916173
Reached the maximum number of dofs. Stop.
