Options used:
   --mesh ../data/square-disc.mesh
   --order 1
   --visualization

Number of Unknowns:
 Trial space,     X0   : 5120 (order 1)
 Interface space, Xhat : 14976 (order 0)
 Test space,      Y    : 29568 (order 1)

   Iteration :   0  (B r, r) = 0.866149
   Iteration :   1  (B r, r) = 0.00929247
   Iteration :   2  (B r, r) = 7.5033e-05
   Iteration :   3  (B r, r) = 3.13594e-05
   Iteration :   4  (B r, r) = 1.23042e-05
   Iteration :   5  (B r, r) = 3.93773e-06
   Iteration :   6  (B r, r) = 1.23168e-06
   Iteration :   7  (B r, r) = 3.4247e-07
   Iteration :   8  (B r, r) = 1.49021e-07
   Iteration :   9  (B r, r) = 4.79482e-08
   Iteration :  10  (B r, r) = 1.38243e-08
   Iteration :  11  (B r, r) = 4.7396e-09
   Iteration :  12  (B r, r) = 1.53201e-09
   Iteration :  13  (B r, r) = 6.06817e-10
   Iteration :  14  (B r, r) = 2.35324e-10
   Iteration :  15  (B r, r) = 6.82221e-11
   Iteration :  16  (B r, r) = 2.90689e-11
   Iteration :  17  (B r, r) = 1.30002e-11
   Iteration :  18  (B r, r) = 4.81291e-12
   Iteration :  19  (B r, r) = 1.69838e-12
   Iteration :  20  (B r, r) = 6.23032e-13
Average reduction factor = 0.497076

|| B0*x0 + Bhat*xhat - F ||_{S^-1} = 0.00612449
